
                            < M A T L A B (R) >
                  Copyright 1984-2015 The MathWorks, Inc.
                   R2015a (8.5.0.197613) 64-bit (glnxa64)
                             February 12, 2015

 
To get started, type one of these: helpwin, helpdesk, or demo.
For product information, visit www.mathworks.com.
 

	Academic License


temperatures =

  Columns 1 through 3

   1.034592657106511   1.041296479966077   1.048000302825643

  Columns 4 through 6

   1.054704125685209   1.061407948544775   1.068111771404341

  Columns 7 through 9

   1.074815594263907   1.081519417123473   1.088223239983038

  Columns 10 through 12

   1.094927062842604   1.101630885702170   1.108334708561736

  Columns 13 through 15

   1.115038531421302   1.121742354280868   1.128446177140434

  Columns 16 through 18

   1.135150000000000   1.124592657106511   1.125296479966077

  Columns 19 through 21

   1.126000302825643   1.126704125685209   1.127407948544775

  Columns 22 through 24

   1.128111771404341   1.128815594263907   1.129519417123473

  Columns 25 through 27

   1.130223239983039   1.130927062842604   1.131630885702170

  Columns 28 through 30

   1.132334708561736   1.133038531421302   1.133742354280868

  Columns 31 through 33

   1.134446177140434   1.135150000000000   1.133592657106511

  Columns 34 through 36

   1.133815134662724   1.134037612218937   1.134260089775149

  Columns 37 through 39

   1.134482567331362   1.134705044887575   1.134927522443787

  Column 40

   1.135150000000000

Did not find record for:
chi = 24, temperature = 1.1323, tolerance = 1e-07, q = 4.
stored to database: 
temperature = 1.1323, chi = 24, N = 726, convergence = 1e-07, initial = spin-up, q = 4truncation error = 0.0015432.
Did not find record for:
chi = 32, temperature = 1.1323, tolerance = 1e-07, q = 4.
stored to database: 
temperature = 1.1323, chi = 32, N = 980, convergence = 1e-07, initial = spin-up, q = 4truncation error = 0.0010673.
Did not find record for:
chi = 40, temperature = 1.1323, tolerance = 1e-07, q = 4.
stored to database: 
temperature = 1.1323, chi = 40, N = 1106, convergence = 1e-07, initial = spin-up, q = 4truncation error = 0.00070185.
Did not find record for:
chi = 50, temperature = 1.1323, tolerance = 1e-07, q = 4.
stored to database: 
temperature = 1.1323, chi = 50, N = 1226, convergence = 1e-07, initial = spin-up, q = 4truncation error = 0.00051902.
Did not find record for:
chi = 4, temperature = 1.133, tolerance = 1e-07, q = 4.
stored to database: 
temperature = 1.133, chi = 4, N = 133, convergence = 1e-07, initial = spin-up, q = 4truncation error = 0.012565.
Did not find record for:
chi = 10, temperature = 1.133, tolerance = 1e-07, q = 4.
stored to database: 
temperature = 1.133, chi = 10, N = 382, convergence = 1e-07, initial = spin-up, q = 4truncation error = 0.004519.
Did not find record for:
chi = 16, temperature = 1.133, tolerance = 1e-07, q = 4.
stored to database: 
temperature = 1.133, chi = 16, N = 611, convergence = 1e-07, initial = spin-up, q = 4truncation error = 0.0025926.
Did not find record for:
chi = 24, temperature = 1.133, tolerance = 1e-07, q = 4.
stored to database: 
temperature = 1.133, chi = 24, N = 813, convergence = 1e-07, initial = spin-up, q = 4truncation error = 0.0016851.
Did not find record for:
chi = 32, temperature = 1.133, tolerance = 1e-07, q = 4.
stored to database: 
temperature = 1.133, chi = 32, N = 1085, convergence = 1e-07, initial = spin-up, q = 4truncation error = 0.001164.
Did not find record for:
chi = 40, temperature = 1.133, tolerance = 1e-07, q = 4.
stored to database: 
temperature = 1.133, chi = 40, N = 1324, convergence = 1e-07, initial = spin-up, q = 4truncation error = 0.00081668.
Did not find record for:
chi = 50, temperature = 1.133, tolerance = 1e-07, q = 4.
stored to database: 
temperature = 1.133, chi = 50, N = 1492, convergence = 1e-07, initial = spin-up, q = 4truncation error = 0.0006291.
Did not find record for:
chi = 4, temperature = 1.1337, tolerance = 1e-07, q = 4.
stored to database: 
temperature = 1.1337, chi = 4, N = 136, convergence = 1e-07, initial = spin-up, q = 4truncation error = 0.012713.
Did not find record for:
chi = 10, temperature = 1.1337, tolerance = 1e-07, q = 4.
stored to database: 
temperature = 1.1337, chi = 10, N = 400, convergence = 1e-07, initial = spin-up, q = 4truncation error = 0.0046862.
Did not find record for:
chi = 16, temperature = 1.1337, tolerance = 1e-07, q = 4.
stored to database: 
temperature = 1.1337, chi = 16, N = 668, convergence = 1e-07, initial = spin-up, q = 4truncation error = 0.0027491.
Did not find record for:
chi = 24, temperature = 1.1337, tolerance = 1e-07, q = 4.
stored to database: 
temperature = 1.1337, chi = 24, N = 925, convergence = 1e-07, initial = spin-up, q = 4truncation error = 0.0018462.
Did not find record for:
chi = 32, temperature = 1.1337, tolerance = 1e-07, q = 4.
stored to database: 
temperature = 1.1337, chi = 32, N = 1229, convergence = 1e-07, initial = spin-up, q = 4truncation error = 0.0013804.
Did not find record for:
chi = 40, temperature = 1.1337, tolerance = 1e-07, q = 4.
stored to database: 
temperature = 1.1337, chi = 40, N = 1638, convergence = 1e-07, initial = spin-up, q = 4truncation error = 0.00096318.
Did not find record for:
chi = 50, temperature = 1.1337, tolerance = 1e-07, q = 4.
stored to database: 
temperature = 1.1337, chi = 50, N = 1882, convergence = 1e-07, initial = spin-up, q = 4truncation error = 0.0007766.
Did not find record for:
chi = 4, temperature = 1.1344, tolerance = 1e-07, q = 4.
stored to database: 
temperature = 1.1344, chi = 4, N = 139, convergence = 1e-07, initial = spin-up, q = 4truncation error = 0.012863.
Did not find record for:
chi = 10, temperature = 1.1344, tolerance = 1e-07, q = 4.
stored to database: 
temperature = 1.1344, chi = 10, N = 421, convergence = 1e-07, initial = spin-up, q = 4truncation error = 0.0048607.
Did not find record for:
chi = 16, temperature = 1.1344, tolerance = 1e-07, q = 4.
stored to database: 
temperature = 1.1344, chi = 16, N = 735, convergence = 1e-07, initial = spin-up, q = 4truncation error = 0.0029192.
Did not find record for:
chi = 24, temperature = 1.1344, tolerance = 1e-07, q = 4.
stored to database: 
temperature = 1.1344, chi = 24, N = 1075, convergence = 1e-07, initial = spin-up, q = 4truncation error = 0.00203.
Did not find record for:
chi = 32, temperature = 1.1344, tolerance = 1e-07, q = 4.
stored to database: 
temperature = 1.1344, chi = 32, N = 1533, convergence = 1e-07, initial = spin-up, q = 4truncation error = 0.0015276.
Did not find record for:
chi = 40, temperature = 1.1344, tolerance = 1e-07, q = 4.
stored to database: 
temperature = 1.1344, chi = 40, N = 2116, convergence = 1e-07, initial = spin-up, q = 4truncation error = 0.0011521.
Did not find record for:
chi = 50, temperature = 1.1344, tolerance = 1e-07, q = 4.
stored to database: 
temperature = 1.1344, chi = 50, N = 3153, convergence = 1e-07, initial = spin-up, q = 4truncation error = 0.0009558.
Did not find record for:
chi = 4, temperature = 1.1336, tolerance = 1e-07, q = 4.
stored to database: 
temperature = 1.1336, chi = 4, N = 135, convergence = 1e-07, initial = spin-up, q = 4truncation error = 0.012681.
Did not find record for:
chi = 10, temperature = 1.1336, tolerance = 1e-07, q = 4.
stored to database: 
temperature = 1.1336, chi = 10, N = 396, convergence = 1e-07, initial = spin-up, q = 4truncation error = 0.00465.
Did not find record for:
chi = 16, temperature = 1.1336, tolerance = 1e-07, q = 4.
stored to database: 
temperature = 1.1336, chi = 16, N = 655, convergence = 1e-07, initial = spin-up, q = 4truncation error = 0.0027147.
Did not find record for:
chi = 24, temperature = 1.1336, tolerance = 1e-07, q = 4.
stored to database: 
temperature = 1.1336, chi = 24, N = 898, convergence = 1e-07, initial = spin-up, q = 4truncation error = 0.0018102.
Did not find record for:
chi = 32, temperature = 1.1336, tolerance = 1e-07, q = 4.
stored to database: 
temperature = 1.1336, chi = 32, N = 1229, convergence = 1e-07, initial = spin-up, q = 4truncation error = 0.0012892.
Did not find record for:
chi = 40, temperature = 1.1336, tolerance = 1e-07, q = 4.
stored to database: 
temperature = 1.1336, chi = 40, N = 1560, convergence = 1e-07, initial = spin-up, q = 4truncation error = 0.00092886.
Did not find record for:
chi = 50, temperature = 1.1336, tolerance = 1e-07, q = 4.
stored to database: 
temperature = 1.1336, chi = 50, N = 2374, convergence = 1e-07, initial = spin-up, q = 4truncation error = 0.0007451.
Did not find record for:
chi = 4, temperature = 1.1338, tolerance = 1e-07, q = 4.
stored to database: 
temperature = 1.1338, chi = 4, N = 136, convergence = 1e-07, initial = spin-up, q = 4truncation error = 0.012728.
Did not find record for:
chi = 10, temperature = 1.1338, tolerance = 1e-07, q = 4.
stored to database: 
temperature = 1.1338, chi = 10, N = 403, convergence = 1e-07, initial = spin-up, q = 4truncation error = 0.0047039.
Did not find record for:
chi = 16, temperature = 1.1338, tolerance = 1e-07, q = 4.
stored to database: 
temperature = 1.1338, chi = 16, N = 674, convergence = 1e-07, initial = spin-up, q = 4truncation error = 0.002766.
Did not find record for:
chi = 24, temperature = 1.1338, tolerance = 1e-07, q = 4.
stored to database: 
temperature = 1.1338, chi = 24, N = 938, convergence = 1e-07, initial = spin-up, q = 4truncation error = 0.0018641.
Did not find record for:
chi = 32, temperature = 1.1338, tolerance = 1e-07, q = 4.
stored to database: 
temperature = 1.1338, chi = 32, N = 1249, convergence = 1e-07, initial = spin-up, q = 4truncation error = 0.0013993.
Did not find record for:
chi = 40, temperature = 1.1338, tolerance = 1e-07, q = 4.
stored to database: 
temperature = 1.1338, chi = 40, N = 1678, convergence = 1e-07, initial = spin-up, q = 4truncation error = 0.00098055.
Did not find record for:
chi = 50, temperature = 1.1338, tolerance = 1e-07, q = 4.
stored to database: 
temperature = 1.1338, chi = 50, N = 2391, convergence = 1e-07, initial = spin-up, q = 4truncation error = 0.00079452.
Did not find record for:
chi = 4, temperature = 1.134, tolerance = 1e-07, q = 4.
stored to database: 
temperature = 1.134, chi = 4, N = 137, convergence = 1e-07, initial = spin-up, q = 4truncation error = 0.012775.
Did not find record for:
chi = 10, temperature = 1.134, tolerance = 1e-07, q = 4.
stored to database: 
temperature = 1.134, chi = 10, N = 409, convergence = 1e-07, initial = spin-up, q = 4truncation error = 0.0047585.
Did not find record for:
chi = 16, temperature = 1.134, tolerance = 1e-07, q = 4.
stored to database: 
temperature = 1.134, chi = 16, N = 695, convergence = 1e-07, initial = spin-up, q = 4truncation error = 0.0028187.
Did not find record for:
chi = 24, temperature = 1.134, tolerance = 1e-07, q = 4.
stored to database: 
temperature = 1.134, chi = 24, N = 982, convergence = 1e-07, initial = spin-up, q = 4truncation error = 0.0019204.
Did not find record for:
chi = 32, temperature = 1.134, tolerance = 1e-07, q = 4.
stored to database: 
temperature = 1.134, chi = 32, N = 1372, convergence = 1e-07, initial = spin-up, q = 4truncation error = 0.0014035.
Did not find record for:
chi = 40, temperature = 1.134, tolerance = 1e-07, q = 4.
stored to database: 
temperature = 1.134, chi = 40, N = 1813, convergence = 1e-07, initial = spin-up, q = 4truncation error = 0.0010366.
Did not find record for:
chi = 50, temperature = 1.134, tolerance = 1e-07, q = 4.
stored to database: 
temperature = 1.134, chi = 50, N = 2344, convergence = 1e-07, initial = spin-up, q = 4truncation error = 0.00085283.
Did not find record for:
chi = 4, temperature = 1.1343, tolerance = 1e-07, q = 4.
stored to database: 
temperature = 1.1343, chi = 4, N = 138, convergence = 1e-07, initial = spin-up, q = 4truncation error = 0.012823.
Did not find record for:
chi = 10, temperature = 1.1343, tolerance = 1e-07, q = 4.
stored to database: 
temperature = 1.1343, chi = 10, N = 415, convergence = 1e-07, initial = spin-up, q = 4truncation error = 0.0048138.
Did not find record for:
chi = 16, temperature = 1.1343, tolerance = 1e-07, q = 4.
stored to database: 
temperature = 1.1343, chi = 16, N = 716, convergence = 1e-07, initial = spin-up, q = 4truncation error = 0.0028728.
Did not find record for:
chi = 24, temperature = 1.1343, tolerance = 1e-07, q = 4.
stored to database: 
temperature = 1.1343, chi = 24, N = 1031, convergence = 1e-07, initial = spin-up, q = 4truncation error = 0.001979.
Did not find record for:
chi = 32, temperature = 1.1343, tolerance = 1e-07, q = 4.
stored to database: 
temperature = 1.1343, chi = 32, N = 1457, convergence = 1e-07, initial = spin-up, q = 4truncation error = 0.0014657.
Did not find record for:
chi = 40, temperature = 1.1343, tolerance = 1e-07, q = 4.
stored to database: 
temperature = 1.1343, chi = 40, N = 1968, convergence = 1e-07, initial = spin-up, q = 4truncation error = 0.0010974.
Did not find record for:
chi = 50, temperature = 1.1343, tolerance = 1e-07, q = 4.
stored to database: 
temperature = 1.1343, chi = 50, N = 2296, convergence = 1e-07, initial = spin-up, q = 4truncation error = 0.00091671.
Did not find record for:
chi = 4, temperature = 1.1345, tolerance = 1e-07, q = 4.
stored to database: 
temperature = 1.1345, chi = 4, N = 139, convergence = 1e-07, initial = spin-up, q = 4truncation error = 0.012871.
Did not find record for:
chi = 10, temperature = 1.1345, tolerance = 1e-07, q = 4.
stored to database: 
temperature = 1.1345, chi = 10, N = 422, convergence = 1e-07, initial = spin-up, q = 4truncation error = 0.0048699.
Did not find record for:
chi = 16, temperature = 1.1345, tolerance = 1e-07, q = 4.
stored to database: 
temperature = 1.1345, chi = 16, N = 739, convergence = 1e-07, initial = spin-up, q = 4truncation error = 0.0029284.
Did not find record for:
chi = 24, temperature = 1.1345, tolerance = 1e-07, q = 4.
stored to database: 
temperature = 1.1345, chi = 24, N = 1084, convergence = 1e-07, initial = spin-up, q = 4truncation error = 0.0020401.
Did not find record for:
chi = 32, temperature = 1.1345, tolerance = 1e-07, q = 4.
stored to database: 
temperature = 1.1345, chi = 32, N = 1551, convergence = 1e-07, initial = spin-up, q = 4truncation error = 0.0015315.
Did not find record for:
chi = 40, temperature = 1.1345, tolerance = 1e-07, q = 4.
stored to database: 
temperature = 1.1345, chi = 40, N = 2147, convergence = 1e-07, initial = spin-up, q = 4truncation error = 0.0011632.
Did not find record for:
chi = 50, temperature = 1.1345, tolerance = 1e-07, q = 4.
stored to database: 
temperature = 1.1345, chi = 50, N = 3132, convergence = 1e-07, initial = spin-up, q = 4truncation error = 0.00096753.
Did not find record for:
chi = 4, temperature = 1.1347, tolerance = 1e-07, q = 4.
stored to database: 
temperature = 1.1347, chi = 4, N = 140, convergence = 1e-07, initial = spin-up, q = 4truncation error = 0.012919.
Did not find record for:
chi = 10, temperature = 1.1347, tolerance = 1e-07, q = 4.
stored to database: 
temperature = 1.1347, chi = 10, N = 428, convergence = 1e-07, initial = spin-up, q = 4truncation error = 0.0049267.
Did not find record for:
chi = 16, temperature = 1.1347, tolerance = 1e-07, q = 4.
stored to database: 
temperature = 1.1347, chi = 16, N = 763, convergence = 1e-07, initial = spin-up, q = 4truncation error = 0.0029854.
Did not find record for:
chi = 24, temperature = 1.1347, tolerance = 1e-07, q = 4.
stored to database: 
temperature = 1.1347, chi = 24, N = 1145, convergence = 1e-07, initial = spin-up, q = 4truncation error = 0.0021037.
Did not find record for:
chi = 32, temperature = 1.1347, tolerance = 1e-07, q = 4.
stored to database: 
temperature = 1.1347, chi = 32, N = 1657, convergence = 1e-07, initial = spin-up, q = 4truncation error = 0.0016009.
Did not find record for:
chi = 40, temperature = 1.1347, tolerance = 1e-07, q = 4.
stored to database: 
temperature = 1.1347, chi = 40, N = 2355, convergence = 1e-07, initial = spin-up, q = 4truncation error = 0.0012343.
Did not find record for:
chi = 50, temperature = 1.1347, tolerance = 1e-07, q = 4.
stored to database: 
temperature = 1.1347, chi = 50, N = 3599, convergence = 1e-07, initial = spin-up, q = 4truncation error = 0.0010431.
Did not find record for:
chi = 4, temperature = 1.1349, tolerance = 1e-07, q = 4.
stored to database: 
temperature = 1.1349, chi = 4, N = 141, convergence = 1e-07, initial = spin-up, q = 4truncation error = 0.012967.
Did not find record for:
chi = 10, temperature = 1.1349, tolerance = 1e-07, q = 4.
stored to database: 
temperature = 1.1349, chi = 10, N = 435, convergence = 1e-07, initial = spin-up, q = 4truncation error = 0.0049843.
Did not find record for:
chi = 16, temperature = 1.1349, tolerance = 1e-07, q = 4.
stored to database: 
temperature = 1.1349, chi = 16, N = 788, convergence = 1e-07, initial = spin-up, q = 4truncation error = 0.0030439.
Did not find record for:
chi = 24, temperature = 1.1349, tolerance = 1e-07, q = 4.
stored to database: 
temperature = 1.1349, chi = 24, N = 2291, convergence = 1e-07, initial = spin-up, q = 4truncation error = 0.0021163.
Did not find record for:
chi = 32, temperature = 1.1349, tolerance = 1e-07, q = 4.
stored to database: 
temperature = 1.1349, chi = 32, N = 1776, convergence = 1e-07, initial = spin-up, q = 4truncation error = 0.001681.
Did not find record for:
chi = 40, temperature = 1.1349, tolerance = 1e-07, q = 4.
stored to database: 
temperature = 1.1349, chi = 40, N = 2597, convergence = 1e-07, initial = spin-up, q = 4truncation error = 0.0013107.
Did not find record for:
chi = 50, temperature = 1.1349, tolerance = 1e-07, q = 4.
stored to database: 
temperature = 1.1349, chi = 50, N = 4143, convergence = 1e-07, initial = spin-up, q = 4truncation error = 0.0011252.

ans =

  Columns 1 through 3

   0.884948189098830   0.884338801919385   0.884332843245301
   0.878670720253026   0.877901700626119   0.877893187599502
   0.871922949265667   0.870947257620294   0.870934987108400
   0.864644699991346   0.863399110741506   0.863381216636697
   0.856763659707986   0.855162086997882   0.855135637562313
   0.848192001528084   0.846115399610275   0.846075726869581
   0.838821599520084   0.836102486125175   0.836041930958264
   0.828517583326874   0.824915234152093   0.824820671542366
   0.817108744263314   0.812268521707757   0.812117257657178
   0.804373794190206   0.797756939722145   0.797504613995149
   0.790020114846878   0.780776634699685   0.780341037132156
   0.773650471579005   0.760373105317716   0.759563306627654
   0.754708093669140   0.734915137639771   0.733283250919435
   0.732380966686965   0.701307925273178   0.697546113570673
   0.705423483732438   0.652812285124535   0.641903433127390
   0.671792971003716   0.572592521670998   0.524032676675453
   0.721579566915215   0.683136144376144   0.677432425571240
   0.718770506256072   0.678156860175019   0.671788377568008
   0.715900927115995   0.672950912370196   0.665816174635428
   0.712968469628471   0.667499553024126   0.659477455262507
   0.709970638364011   0.661781959581775   0.652727193651853
   0.706904791944018   0.655775034795086   0.645512190415233
   0.703768131653396   0.649453139716165   0.637769167329968
   0.700557688938691   0.642787842831372   0.629422264770566
   0.697270273887325   0.635747591255014   0.620379897072446
   0.693902608523638   0.628297567505017   0.610530641981941
   0.690451051356682   0.620399370112611   0.599737945842247
   0.686911838180611   0.612010927768372   0.587833102615557
   0.683280912292784   0.603086544482586   0.574606599188688
   0.679553939363429   0.593577083466907   0.559796727584335
   0.675726281941560   0.583430404902796   0.543075667777271
   0.671792971003716   0.572592521670998   0.524032676675453
   0.680354917081831   0.595651215580006   0.563094453814642
   0.679162893152571   0.592558272633327   0.558162523208383
   0.677960761732543   0.589401149647748   0.553036419019743
   0.676748368566642   0.586178125811475   0.547703945085408
   0.675525555965308   0.582887463643132   0.542151940905592
   0.674292162705469   0.579527480840039   0.536366328369522
   0.673048023922500   0.576096402578737   0.530331985520842
   0.671792971003716   0.572592521670998   0.524032676675453

  Columns 4 through 6

   0.884332722785949   0.884332721281596   0.884332720865412
   0.877892990301821   0.877892987660216   0.877892986907360
   0.870934651379569   0.870934646412811   0.870934644977148
   0.863380653099699   0.863380643674158   0.863380641057359
   0.855134687644384   0.855134669028819   0.855134663931320
   0.846074060693905   0.846074022514102   0.846074012461449
   0.836038880916908   0.836038800447634   0.836038779930288
   0.824815011587127   0.824814833084484   0.824814789548561
   0.812105848065869   0.812105431467882   0.812105334293066
   0.797482735637823   0.797481696251560   0.797481464345160
   0.780290937280263   0.780288105885378   0.780287504022675
   0.759452387377616   0.759443687176633   0.759441927932096
   0.732989688842351   0.732957839887032   0.732951675407743
   0.696610875722344   0.696456517934591   0.696426995976565
   0.637753124402400   0.636495293210855   0.636214521834181
   0.480685429250287   0.449466854605448   0.417122701598450
   0.675763724582574   0.675418286718252   0.675350435805968
   0.669842093512618   0.669413298815588   0.669327987908800
   0.663534660820451   0.662998119292780   0.662889597023735
   0.656788256749129   0.656111015051549   0.655971148761950
   0.649538408009692   0.648675417218396   0.648492442140298
   0.641706082278736   0.640594933078418   0.640351444195502
   0.633193218518339   0.631746247762666   0.631415795903961
   0.623876492112752   0.621968745359406   0.621504626039247
   0.613598532339855   0.611049119738552   0.610360123212336
   0.602155080364251   0.598698046949454   0.597640985308182
   0.589276080448299   0.584514455428821   0.582829399998624
   0.574596791397024   0.567930217531723   0.565121868983396
   0.557612644596272   0.548093456581699   0.543198903810576
   0.537606362242645   0.523898498841997   0.514750146678075
   0.513525289311791   0.491579393480370   0.475469624059615
   0.480685429250287   0.449466854605448   0.417122701598450
   0.542160566045955   0.529147735277340   0.521519059141404
   0.535327047546601   0.521075059901410   0.511290547814039
   0.528077102408502   0.511151214171492   0.499947627044125
   0.520366180302310   0.500982805419337   0.487276906135381
   0.512142696172856   0.489883275266322   0.473015361954054
   0.503343723314575   0.477713278891203   0.456840741519655
   0.491476280861761   0.464088110056723   0.438363386641817
   0.480685429250287   0.449466854605448   0.417122701598450

  Column 7

   0.884332720810062
   0.877892986843700
   0.870934644884744
   0.863380640895770
   0.855134663658195
   0.846074011812437
   0.836038778477646
   0.824814786226585
   0.812105325619450
   0.797481437690093
   0.780287418210950
   0.759441594738219
   0.732950010869688
   0.696415322471158
   0.636024303211006
   0.388267050225195
   0.675317697038212
   0.669283193027598
   0.662829430190803
   0.655889150960156
   0.648378848432247
   0.640191123163307
   0.631193110176491
   0.621181246332144
   0.609895643973496
   0.596951250361149
   0.581706590367695
   0.563288537945361
   0.540018241352128
   0.508825512529562
   0.463234501267509
   0.388267050225195
   0.516648239147117
   0.504945145215188
   0.492083470112779
   0.477463422324338
   0.460258022175005
   0.440264653198924
   0.416602842700345
   0.388267050225195


temperatures =

  Columns 1 through 3

   1.041296479966077   1.048000302825643   1.054704125685209

  Columns 4 through 6

   1.061407948544775   1.068111771404341   1.074815594263907

  Columns 7 through 9

   1.081519417123473   1.088223239983038   1.094927062842604

  Columns 10 through 12

   1.101630885702170   1.108334708561736   1.115038531421302

  Columns 13 through 15

   1.121742354280868   1.128446177140434   1.135150000000000

  Columns 16 through 18

   1.124592657106511   1.125296479966077   1.126000302825643

  Columns 19 through 21

   1.126704125685209   1.127407948544775   1.128111771404341

  Columns 22 through 24

   1.128815594263907   1.129519417123473   1.130223239983039

  Columns 25 through 27

   1.130927062842604   1.131630885702170   1.132334708561736

  Columns 28 through 30

   1.133038531421302   1.133742354280868   1.134446177140434

  Columns 31 through 33

   1.135150000000000   1.133592657106511   1.133815134662724

  Columns 34 through 36

   1.134037612218937   1.134260089775149   1.134482567331362

  Columns 37 through 39

   1.134705044887575   1.134927522443787   1.135150000000000


temperatures =

  Columns 1 through 3

   1.041296479966077   1.048000302825643   1.054704125685209

  Columns 4 through 6

   1.061407948544775   1.068111771404341   1.074815594263907

  Columns 7 through 9

   1.081519417123473   1.088223239983038   1.094927062842604

  Columns 10 through 12

   1.101630885702170   1.108334708561736   1.115038531421302

  Columns 13 through 15

   1.121742354280868   1.128446177140434   1.135150000000000

  Columns 16 through 18

   1.124592657106511   1.125296479966077   1.126000302825643

  Columns 19 through 21

   1.126704125685209   1.127407948544775   1.128111771404341

  Columns 22 through 24

   1.128815594263907   1.129519417123473   1.130223239983039

  Columns 25 through 27

   1.130927062842604   1.131630885702170   1.132334708561736

  Columns 28 through 30

   1.133038531421302   1.133742354280868   1.134446177140434

  Columns 31 through 33

   1.135150000000000   1.133592657106511   1.133815134662724

  Columns 34 through 36

   1.134037612218937   1.134260089775149   1.134482567331362

  Columns 37 through 39

   1.134705044887575   1.134927522443787   1.135150000000000


chi_values =

     4    10    16    24    32    40    50


scaling_quantities =

  Columns 1 through 3

   0.878670720253026   0.877901700626119   0.877893187599502
   0.871922949265667   0.870947257620294   0.870934987108400
   0.864644699991346   0.863399110741506   0.863381216636697
   0.856763659707986   0.855162086997882   0.855135637562313
   0.848192001528084   0.846115399610275   0.846075726869581
   0.838821599520084   0.836102486125175   0.836041930958264
   0.828517583326874   0.824915234152093   0.824820671542366
   0.817108744263314   0.812268521707757   0.812117257657178
   0.804373794190206   0.797756939722145   0.797504613995149
   0.790020114846878   0.780776634699685   0.780341037132156
   0.773650471579005   0.760373105317716   0.759563306627654
   0.754708093669140   0.734915137639771   0.733283250919435
   0.732380966686965   0.701307925273178   0.697546113570673
   0.705423483732438   0.652812285124535   0.641903433127390
   0.671792971003716   0.572592521670998   0.524032676675453
   0.721579566915215   0.683136144376144   0.677432425571240
   0.718770506256072   0.678156860175019   0.671788377568008
   0.715900927115995   0.672950912370196   0.665816174635428
   0.712968469628471   0.667499553024126   0.659477455262507
   0.709970638364011   0.661781959581775   0.652727193651853
   0.706904791944018   0.655775034795086   0.645512190415233
   0.703768131653396   0.649453139716165   0.637769167329968
   0.700557688938691   0.642787842831372   0.629422264770566
   0.697270273887325   0.635747591255014   0.620379897072446
   0.693902608523638   0.628297567505017   0.610530641981941
   0.690451051356682   0.620399370112611   0.599737945842247
   0.686911838180611   0.612010927768372   0.587833102615557
   0.683280912292784   0.603086544482586   0.574606599188688
   0.679553939363429   0.593577083466907   0.559796727584335
   0.675726281941560   0.583430404902796   0.543075667777271
   0.671792971003716   0.572592521670998   0.524032676675453
   0.680354917081831   0.595651215580006   0.563094453814642
   0.679162893152571   0.592558272633327   0.558162523208383
   0.677960761732543   0.589401149647748   0.553036419019743
   0.676748368566642   0.586178125811475   0.547703945085408
   0.675525555965308   0.582887463643132   0.542151940905592
   0.674292162705469   0.579527480840039   0.536366328369522
   0.673048023922500   0.576096402578737   0.530331985520842
   0.671792971003716   0.572592521670998   0.524032676675453

  Columns 4 through 6

   0.877892990301821   0.877892987660216   0.877892986907360
   0.870934651379569   0.870934646412811   0.870934644977148
   0.863380653099699   0.863380643674158   0.863380641057359
   0.855134687644384   0.855134669028819   0.855134663931320
   0.846074060693905   0.846074022514102   0.846074012461449
   0.836038880916908   0.836038800447634   0.836038779930288
   0.824815011587127   0.824814833084484   0.824814789548561
   0.812105848065869   0.812105431467882   0.812105334293066
   0.797482735637823   0.797481696251560   0.797481464345160
   0.780290937280263   0.780288105885378   0.780287504022675
   0.759452387377616   0.759443687176633   0.759441927932096
   0.732989688842351   0.732957839887032   0.732951675407743
   0.696610875722344   0.696456517934591   0.696426995976565
   0.637753124402400   0.636495293210855   0.636214521834181
   0.480685429250287   0.449466854605448   0.417122701598450
   0.675763724582574   0.675418286718252   0.675350435805968
   0.669842093512618   0.669413298815588   0.669327987908800
   0.663534660820451   0.662998119292780   0.662889597023735
   0.656788256749129   0.656111015051549   0.655971148761950
   0.649538408009692   0.648675417218396   0.648492442140298
   0.641706082278736   0.640594933078418   0.640351444195502
   0.633193218518339   0.631746247762666   0.631415795903961
   0.623876492112752   0.621968745359406   0.621504626039247
   0.613598532339855   0.611049119738552   0.610360123212336
   0.602155080364251   0.598698046949454   0.597640985308182
   0.589276080448299   0.584514455428821   0.582829399998624
   0.574596791397024   0.567930217531723   0.565121868983396
   0.557612644596272   0.548093456581699   0.543198903810576
   0.537606362242645   0.523898498841997   0.514750146678075
   0.513525289311791   0.491579393480370   0.475469624059615
   0.480685429250287   0.449466854605448   0.417122701598450
   0.542160566045955   0.529147735277340   0.521519059141404
   0.535327047546601   0.521075059901410   0.511290547814039
   0.528077102408502   0.511151214171492   0.499947627044125
   0.520366180302310   0.500982805419337   0.487276906135381
   0.512142696172856   0.489883275266322   0.473015361954054
   0.503343723314575   0.477713278891203   0.456840741519655
   0.491476280861761   0.464088110056723   0.438363386641817
   0.480685429250287   0.449466854605448   0.417122701598450

  Column 7

   0.877892986843700
   0.870934644884744
   0.863380640895770
   0.855134663658195
   0.846074011812437
   0.836038778477646
   0.824814786226585
   0.812105325619450
   0.797481437690093
   0.780287418210950
   0.759441594738219
   0.732950010869688
   0.696415322471158
   0.636024303211006
   0.388267050225195
   0.675317697038212
   0.669283193027598
   0.662829430190803
   0.655889150960156
   0.648378848432247
   0.640191123163307
   0.631193110176491
   0.621181246332144
   0.609895643973496
   0.596951250361149
   0.581706590367695
   0.563288537945361
   0.540018241352128
   0.508825512529562
   0.463234501267509
   0.388267050225195
   0.516648239147117
   0.504945145215188
   0.492083470112779
   0.477463422324338
   0.460258022175005
   0.440264653198924
   0.416602842700345
   0.388267050225195

 
Exiting: Maximum number of function evaluations has been exceeded
         - increase MaxFunEvals option.
         Current function value: Inf 

Did not find record for:
chi = 4, temperature = 2.2692, tolerance = 1e-07, q = 4.
stored to database: 
temperature = 2.2692, chi = 4, N = 10, convergence = 1e-07, initial = spin-up, q = 4truncation error = 0.00025482.
Did not find record for:
chi = 10, temperature = 2.2692, tolerance = 1e-07, q = 4.
stored to database: 
temperature = 2.2692, chi = 10, N = 10, convergence = 1e-07, initial = spin-up, q = 4truncation error = 1.4279e-06.
Did not find record for:
chi = 16, temperature = 2.2692, tolerance = 1e-07, q = 4.
stored to database: 
temperature = 2.2692, chi = 16, N = 11, convergence = 1e-07, initial = spin-up, q = 4truncation error = 6.1303e-08.
Did not find record for:
chi = 24, temperature = 2.2692, tolerance = 1e-07, q = 4.
stored to database: 
temperature = 2.2692, chi = 24, N = 11, convergence = 1e-07, initial = spin-up, q = 4truncation error = 1.338e-09.
Did not find record for:
chi = 32, temperature = 2.2692, tolerance = 1e-07, q = 4.
stored to database: 
temperature = 2.2692, chi = 32, N = 11, convergence = 1e-07, initial = spin-up, q = 4truncation error = 1.3406e-10.
Did not find record for:
chi = 40, temperature = 2.2692, tolerance = 1e-07, q = 4.
stored to database: 
temperature = 2.2692, chi = 40, N = 11, convergence = 1e-07, initial = spin-up, q = 4truncation error = 1.7216e-11.
Did not find record for:
chi = 50, temperature = 2.2692, tolerance = 1e-07, q = 4.
stored to database: 
temperature = 2.2692, chi = 50, N = 11, convergence = 1e-07, initial = spin-up, q = 4truncation error = 1.365e-12.

ans = 

    T_crit: 2.269185314213022
      beta: 0.125000000000000
        nu: 1
     kappa: 1.900000000000000
       mse: Inf

>> 