
                            < M A T L A B (R) >
                  Copyright 1984-2015 The MathWorks, Inc.
                   R2015a (8.5.0.197613) 64-bit (glnxa64)
                             February 12, 2015

 
To get started, type one of these: helpwin, helpdesk, or demo.
For product information, visit www.mathworks.com.
 

	Academic License

Found record: 0 iterations remaining.
Found record: 0 iterations remaining.
Found record: 0 iterations remaining.
Found record: 0 iterations remaining.
Found record: 0 iterations remaining.
Found record: 0 iterations remaining.
Found record: 0 iterations remaining.
Found record: 0 iterations remaining.
Found record: 0 iterations remaining.
Found record: 0 iterations remaining.
Found record: 0 iterations remaining.
Found record: 0 iterations remaining.
Found record: 0 iterations remaining.
Found record: 0 iterations remaining.
Found record: 0 iterations remaining.
Found record: 0 iterations remaining.
Found record: 0 iterations remaining.
Found record: 0 iterations remaining.
Found record: 0 iterations remaining.
Found record: 0 iterations remaining.
Found record: 0 iterations remaining.
Found record: 0 iterations remaining.
Found record: 0 iterations remaining.
Found record: 0 iterations remaining.
Found record: 0 iterations remaining.
Found record: 0 iterations remaining.
Found record: 0 iterations remaining.
Found record: 0 iterations remaining.
Found record: 0 iterations remaining.
Found record: 0 iterations remaining.
Found record: 0 iterations remaining.
Found record: 0 iterations remaining.
Found record: 0 iterations remaining.
Found record: 0 iterations remaining.
Found record: 0 iterations remaining.
Found record: 0 iterations remaining.
Found record: 0 iterations remaining.
Found record: 0 iterations remaining.
Found record: 0 iterations remaining.
Found record: 0 iterations remaining.
Found record: 0 iterations remaining.
Found record: 0 iterations remaining.
Found record: 0 iterations remaining.
Found record: 0 iterations remaining.
Found record: 0 iterations remaining.
Found record: 0 iterations remaining.
Found record: 0 iterations remaining.
Found record: 0 iterations remaining.
Found record: 0 iterations remaining.
Found record: 0 iterations remaining.
Found record: 0 iterations remaining.
Found record: 0 iterations remaining.
Found record: 0 iterations remaining.
Found record: 0 iterations remaining.
Found record: 0 iterations remaining.
Found record: 0 iterations remaining.
Found record: 0 iterations remaining.
Found record: 0 iterations remaining.
Found record: 0 iterations remaining.
Found record: 0 iterations remaining.
Found record: 0 iterations remaining.
Found record: 0 iterations remaining.
Found record: 0 iterations remaining.
Found record: 0 iterations remaining.
Found record: 0 iterations remaining.
Found record: 0 iterations remaining.
Found record: 0 iterations remaining.
Found record: 0 iterations remaining.
Found record: 0 iterations remaining.
Found record: 0 iterations remaining.
Found record: 0 iterations remaining.
Found record: 0 iterations remaining.
Found record: 0 iterations remaining.
Found record: 0 iterations remaining.
Found record: 0 iterations remaining.
Found record: 0 iterations remaining.
Found record: 0 iterations remaining.
Found record: 0 iterations remaining.
Found record: 0 iterations remaining.
Found record: 0 iterations remaining.
Found record: 0 iterations remaining.
Found record: 0 iterations remaining.
Found record: 0 iterations remaining.
set chi to 40
Found record: 0 iterations remaining.
Found record: 0 iterations remaining.
Found record: 0 iterations remaining.
Found record: 0 iterations remaining.
Found record: 0 iterations remaining.
Found record: 0 iterations remaining.
Found record: 0 iterations remaining.
Found record: 0 iterations remaining.
Found record: 0 iterations remaining.
set chi to 40
Found record: 0 iterations remaining.
Found record: 0 iterations remaining.
Found record: 0 iterations remaining.
Found record: 0 iterations remaining.
Found record: 0 iterations remaining.
Found record: 0 iterations remaining.
Found record: 0 iterations remaining.
Found record: 0 iterations remaining.
Found record: 0 iterations remaining.
set chi to 40
Found record: 0 iterations remaining.
Found record: 0 iterations remaining.
Found record: 0 iterations remaining.
Found record: 0 iterations remaining.
Found record: 0 iterations remaining.
Found record: 0 iterations remaining.
Found record: 0 iterations remaining.
Found record: 0 iterations remaining.
set chi to 40
Found record: 0 iterations remaining.
Found record: 0 iterations remaining.
Found record: 0 iterations remaining.
Found record: 0 iterations remaining.
Found record: 0 iterations remaining.
Found record: 0 iterations remaining.
Found record: 0 iterations remaining.
Found record: 0 iterations remaining.
Found record: 0 iterations remaining.
set chi to 40
Found record: 0 iterations remaining.
Found record: 0 iterations remaining.
Found record: 0 iterations remaining.
Found record: 0 iterations remaining.
set chi to 60
Found record: 0 iterations remaining.
Found record: 0 iterations remaining.
Found record: 0 iterations remaining.
Found record: 0 iterations remaining.
Found record: 0 iterations remaining.
Found record: 0 iterations remaining.
set chi to 40
Found record: 0 iterations remaining.
Found record: 0 iterations remaining.
Found record: 0 iterations remaining.
set chi to 60
Found record: 0 iterations remaining.
Found record: 0 iterations remaining.
Found record: 0 iterations remaining.
Found record: 0 iterations remaining.
set chi to 80
Found record: 0 iterations remaining.
Found record: 0 iterations remaining.
Found record: 0 iterations remaining.
Found record: 0 iterations remaining.
set chi to 40
Found record: 0 iterations remaining.
Found record: 0 iterations remaining.
Found record: 0 iterations remaining.
set chi to 60
Found record: 0 iterations remaining.
Found record: 0 iterations remaining.
Found record: 0 iterations remaining.
Found record: 0 iterations remaining.
Found record: 0 iterations remaining.
Found record: 0 iterations remaining.
Found record: 0 iterations remaining.
set chi to 40
Found record: 0 iterations remaining.
Found record: 0 iterations remaining.
Found record: 0 iterations remaining.
Found record: 0 iterations remaining.
Found record: 0 iterations remaining.
Found record: 0 iterations remaining.
Found record: 0 iterations remaining.
Found record: 0 iterations remaining.
Found record: 0 iterations remaining.
set chi to 40
Found record: 0 iterations remaining.
Found record: 0 iterations remaining.
Found record: 0 iterations remaining.
Found record: 0 iterations remaining.
Found record: 0 iterations remaining.
Found record: 0 iterations remaining.
Found record: 0 iterations remaining.
Found record: 0 iterations remaining.
Found record: 0 iterations remaining.
set chi to 40
Found record: 0 iterations remaining.
Found record: 0 iterations remaining.
Found record: 0 iterations remaining.
Found record: 0 iterations remaining.
Found record: 0 iterations remaining.
Found record: 0 iterations remaining.
Found record: 0 iterations remaining.
Found record: 0 iterations remaining.
Found record: 0 iterations remaining.
set chi to 40
Found record: 0 iterations remaining.
Found record: 0 iterations remaining.
Found record: 0 iterations remaining.
Found record: 0 iterations remaining.
Found record: 0 iterations remaining.
Found record: 0 iterations remaining.
Found record: 0 iterations remaining.
Found record: 0 iterations remaining.
Found record: 0 iterations remaining.
set chi to 40
Found record: 0 iterations remaining.
Found record: 0 iterations remaining.
Found record: 0 iterations remaining.
Found record: 0 iterations remaining.
Found record: 0 iterations remaining.
Found record: 0 iterations remaining.
Found record: 0 iterations remaining.
Found record: 0 iterations remaining.
Found record: 0 iterations remaining.
set chi to 40
Found record: 0 iterations remaining.
Found record: 0 iterations remaining.
Found record: 0 iterations remaining.
Found record: 0 iterations remaining.
Found record: 0 iterations remaining.
Found record: 0 iterations remaining.
Found record: 0 iterations remaining.
Found record: 0 iterations remaining.
Found record: 0 iterations remaining.
Found record: 0 iterations remaining.
set chi to 40
Found record: 0 iterations remaining.
Found record: 0 iterations remaining.
Found record: 0 iterations remaining.
Found record: 0 iterations remaining.
Found record: 0 iterations remaining.
Found record: 0 iterations remaining.
Found record: 0 iterations remaining.
Found record: 0 iterations remaining.
Found record: 0 iterations remaining.
set chi to 40
Found record: 0 iterations remaining.
Found record: 0 iterations remaining.
Found record: 0 iterations remaining.
Found record: 0 iterations remaining.
Found record: 0 iterations remaining.
Found record: 0 iterations remaining.
Found record: 0 iterations remaining.
Found record: 0 iterations remaining.
Found record: 0 iterations remaining.
Found record: 0 iterations remaining.
Found record: 0 iterations remaining.
Found record: 0 iterations remaining.
Found record: 0 iterations remaining.
Found record: 0 iterations remaining.
Found record: 0 iterations remaining.
Found record: 0 iterations remaining.
Found record: 0 iterations remaining.
Found record: 0 iterations remaining.
Found record: 0 iterations remaining.
Found record: 0 iterations remaining.
Found record: 0 iterations remaining.
Found record: 0 iterations remaining.
Found record: 0 iterations remaining.
Found record: 0 iterations remaining.
Found record: 0 iterations remaining.
Found record: 0 iterations remaining.
Found record: 0 iterations remaining.
Found record: 0 iterations remaining.
Found record: 0 iterations remaining.
Found record: 0 iterations remaining.
Found record: 0 iterations remaining.
Found record: 0 iterations remaining.
Found record: 0 iterations remaining.
Found record: 0 iterations remaining.
Found record: 0 iterations remaining.
Found record: 0 iterations remaining.
Found record: 0 iterations remaining.
Found record: 0 iterations remaining.
Found record: 0 iterations remaining.
Found record: 0 iterations remaining.
Found record: 0 iterations remaining.
Found record: 0 iterations remaining.
Found record: 0 iterations remaining.
Found record: 0 iterations remaining.
Found record: 0 iterations remaining.
Found record: 0 iterations remaining.

collapse = 

  DataCollapseN with properties:

      truncation_error: 1.000000000000000e-06
                     q: 2
          temperatures: [1x30 double]
    scaling_quantities: [30x8 double]
              N_values: [20 80 160 320 480 600 1000 1500]
            simulation: [1x1 FixedTruncationErrorSimulation]
        initial_T_crit: 2.269185314213022
          initial_beta: 0.125000000000000
            initial_nu: 1
               results: []


temperatures =

  Columns 1 through 3

   2.169185314213022   2.176081865937160   2.182978417661298

  Columns 4 through 6

   2.189874969385436   2.196771521109574   2.203668072833711

  Columns 7 through 9

   2.210564624557850   2.217461176281987   2.224357728006126

  Columns 10 through 12

   2.231254279730263   2.238150831454401   2.245047383178539

  Columns 13 through 15

   2.251943934902677   2.258840486626815   2.265737038350953

  Columns 16 through 18

   2.272633590075091   2.279530141799229   2.286426693523367

  Columns 19 through 21

   2.293323245247505   2.300219796971643   2.307116348695781

  Columns 22 through 24

   2.314012900419919   2.320909452144057   2.327806003868194

  Columns 25 through 27

   2.334702555592333   2.341599107316470   2.348495659040609

  Columns 28 through 30

   2.355392210764746   2.362288762488884   2.369185314213022


temperatures =

  Columns 1 through 3

   2.169185314213022   2.176081865937160   2.182978417661298

  Columns 4 through 6

   2.189874969385436   2.196771521109574   2.203668072833711

  Columns 7 through 9

   2.210564624557850   2.217461176281987   2.224357728006126

  Columns 10 through 12

   2.231254279730263   2.238150831454401   2.245047383178539

  Columns 13 through 15

   2.251943934902677   2.258840486626815   2.265737038350953

  Columns 16 through 18

   2.272633590075091   2.279530141799229   2.286426693523367

  Columns 19 through 21

   2.293323245247505   2.300219796971643   2.307116348695781

  Columns 22 through 24

   2.314012900419919   2.320909452144057   2.327806003868194

  Columns 25 through 27

   2.334702555592333   2.341599107316470   2.348495659040609

  Columns 28 through 30

   2.355392210764746   2.362288762488884   2.369185314213022


N_values =

  Columns 1 through 6

          20          80         160         320         480         600

  Columns 7 through 8

        1000        1500


scaling_quantities =

  Columns 1 through 3

   0.820129910898485   0.819194817650407   0.819194804411075
   0.813737940222577   0.812473973238635   0.812473936611206
   0.806964280166349   0.805253814635320   0.805253713156717
   0.799775312262099   0.797457180421806   0.797456898675645
   0.792134658272456   0.788986957761312   0.788986173202913
   0.784003225673996   0.779718568429797   0.779716375526296
   0.775339362744261   0.769488712962437   0.769482554332196
   0.766099153189130   0.758078152072308   0.758060753746156
   0.756236884468368   0.745184960441978   0.745135456655886
   0.745705723900605   0.730382820224994   0.730240763551450
   0.734458634661586   0.713057135532141   0.712645451085407
   0.722449557513243   0.692312818299506   0.691107925635321
   0.709634872769786   0.666859818665183   0.663310067779501
   0.695975139726408   0.634917002239604   0.624535852277674
   0.681437087265023   0.594315611074690   0.565238267487018
   0.665995800178599   0.542987995279349   0.471097489723408
   0.649637012638487   0.480158157852715   0.339977378003801
   0.632359386325694   0.407821773706098   0.205917383077234
   0.614176620479982   0.331274913153269   0.108375771265535
   0.595119219944600   0.257571914667863   0.052516176176556
   0.575235740832483   0.192734083882838   0.024385075687339
   0.554593346404073   0.139877856599297   0.011076950687305
   0.533277540665823   0.099234467412623   0.004973698477444
   0.511391003285910   0.069307006294998   0.002219733882428
   0.489051521944655   0.047834298853008   0.000987797653674
   0.466389098908245   0.032756248056106   0.000441281801518
   0.443542386582198   0.022310097691894   0.000196297241561
   0.420654670925368   0.015139227881787   0.000087415646469
   0.397869662145267   0.010247742870405   0.000038991465835
   0.375327364073786   0.006925592374794   0.000017426508041

  Columns 4 through 6

   0.819194804411061   0.819194804411061   0.819194804411061
   0.812473936611109   0.812473936611109   0.812473936611109
   0.805253713156045   0.805253713156045   0.805253713156045
   0.797456898671029   0.797456898671029   0.797456898671030
   0.788986173171085   0.788986173171085   0.788986173171085
   0.779716375306173   0.779716375306174   0.779716375306174
   0.769482552801391   0.769482552801392   0.769482552801392
   0.758060743013623   0.758060743013609   0.758060743013609
   0.745135380526631   0.745135380526196   0.745135380526196
   0.730240214732456   0.730240214714546   0.730240214714544
   0.712641472964835   0.712641472296590   0.712641472296428
   0.691077727922270   0.691077697583643   0.691077697541367
   0.663071574711017   0.663070104488202   0.663070092921805
   0.622563415091802   0.622485692778165   0.622482202940556
   0.548920417904433   0.544821687713387   0.543780860128760
   0.375369973189142   0.296985890782438   0.244311517545263
   0.139075548854574   0.045625173399408   0.018523770088199
   0.032796416748102   0.004212321655422   0.000872484878203
   0.006688833704437   0.000354281157546   0.000038418067518
   0.001305416340657   0.000029221369001   0.000001675250363
   0.000251051311357   0.000002404090342   0.000000073261709
   0.000048093268288   0.000000198671996   0.000000003230376
   0.000009222262289   0.000000016527427   0.000000000143787
   0.000001774236533   0.000000001385534   0.000000000006426
   0.000000342845800   0.000000000117160   0.000000000000318
   0.000000068620161   0.000000000010569   0.000000000000053
   0.000000013393530   0.000000000000958   0.000000000000008
   0.000000002628152   0.000000000000104   0.000000000000186
   0.000000000518620   0.000000000000011   0.000000000000006
   0.000000000102933   0.000000000000024   0.000000000000024

  Columns 7 through 8

   0.819194804411061   0.819194804411061
   0.812473936611109   0.812473936611108
   0.805253713156045   0.805253713156045
   0.797456898671028   0.797456898671029
   0.788986173171085   0.788986173171085
   0.779716375306173   0.779716375306174
   0.769482552801393   0.769482552801392
   0.758060743013608   0.758060743013609
   0.745135380526196   0.745135380526197
   0.730240214714543   0.730240214714544
   0.712641472296427   0.712641472296427
   0.691077697541013   0.691077697541011
   0.663070092561845   0.663070092561811
   0.622481768927298   0.622481768520894
   0.543037962855662   0.542983366159897
   0.111306007321895   0.034307173233012
   0.000809035930435   0.000015127265171
   0.000004394508863   0.000000005835207
   0.000000023036939   0.000000000002038
   0.000000000120884   0.000000000000486
   0.000000000001018   0.000000000000504
   0.000000000000258   0.000000000000268
   0.000000000000029   0.000000000000038
   0.000000000000063   0.000000000000058
   0.000000000000044   0.000000000000023
   0.000000000000104   0.000000000000095
   0.000000000000004   0.000000000000012
   0.000000000000178   0.000000000000211
   0.000000000000011   0.000000000000006
   0.000000000000021   0.000000000000039

 
Exiting: Maximum number of function evaluations has been exceeded
         - increase MaxFunEvals option.
         Current function value: 0.865617 


ans = 

    T_crit: 2.267484957665106
      beta: 0.110315072551594
        nu: 1.071444867782759
       mse: 0.865616695414953


ans =

    20    20    20    20    20    20    20    20
    20    20    20    20    20    20    20    20
    20    20    20    20    20    20    20    20
    20    20    20    20    20    20    20    20
    20    20    20    20    20    20    20    20
    20    20    20    20    20    20    20    20
    20    20    20    20    20    20    20    20
    20    20    20    20    20    20    20    20
    20    20    20    20    20    20    20    20
    20    20    20    20    20    20    20    20
    20    20    40    40    40    40    40    40
    20    20    40    40    40    40    40    40
    20    20    40    40    40    40    40    40
    20    40    40    40    40    40    40    40
    20    40    40    40    60    60    60    60
    20    40    40    60    60    60    80    80
    20    40    40    60    60    60    60    60
    20    40    40    40    40    40    40    40
    20    40    40    40    40    40    40    40
    20    40    40    40    40    40    40    40
    20    40    40    40    40    40    40    40
    20    40    40    40    40    40    40    40
    20    40    40    40    40    40    40    40
    20    20    40    40    40    40    40    40
    20    20    40    40    40    40    40    40
    20    20    20    20    20    20    20    20
    20    20    20    20    20    20    20    20
    20    20    20    20    20    20    20    20
    20    20    20    20    20    20    20    20
    20    20    20    20    20    20    20    20


ans =

   1.0e-06 *

  Columns 1 through 3

   0.001178248024683   0.027396349702038   0.027645691864799
   0.001300208337463   0.036575029643265   0.037140946433901
   0.001431676350037   0.049134356342636   0.050396298509398
   0.001572671378770   0.066400891046750   0.069164903112608
   0.001723042461232   0.090222005137343   0.096178724356112
   0.001882450064626   0.123154076371907   0.135809404257551
   0.002050339967605   0.168654560687855   0.195264657097077
   0.002225924635073   0.231226705279779   0.286812470775873
   0.002408168643070   0.316204162315818   0.431951226176773
   0.002595781339250   0.427030323964355   0.669006163108034
   0.002787218106111   0.560627016775069   0.018929828528006
   0.002980691560299   0.716247360788555   0.033904224410635
   0.003174193580498   0.904329511468070   0.061298889835018
   0.003365528469387   0.013040222680736   0.104717369841033
   0.003552356862600   0.016259502046187   0.162298224335082
   0.003732249258503   0.019103926306503   0.221866825416922
   0.003902747326525   0.021289945234861   0.240086080761099
   0.004061430528277   0.022469798971981   0.220431969870282
   0.004205985116294   0.022419021507990   0.175174702352379
   0.004334272304185   0.021196522493105   0.123933461943897
   0.004444392352788   0.019105057258221   0.083198623467253
   0.004534741491384   0.016544153044619   0.055003495685214
   0.004604058972531   0.013834726024907   0.036897386854123
   0.004651462109261   0.956822509811922   0.024798811285701
   0.004676467818983   0.790306805489950   0.016769341237515
   0.004678999947258   0.647217712389407   0.767932287901388
   0.004659382413576   0.527306130122873   0.593602741137130
   0.004618318953567   0.428502025762350   0.464388620301955
   0.004556860899064   0.348015589365040   0.367153761816970
   0.004476364956926   0.282941269769170   0.292999653283532

  Columns 4 through 6

   0.027645693513511   0.027645693513510   0.027645693513510
   0.037140956457742   0.037140956457740   0.037140956457741
   0.050396358634834   0.050396358634836   0.050396358634835
   0.069165258536356   0.069165258536359   0.069165258536349
   0.096180792659966   0.096180792659980   0.096180792659982
   0.135821222837399   0.135821222838174   0.135821222838161
   0.195330751150249   0.195330751177384   0.195330751177404
   0.287172236985429   0.287172237915746   0.287172237915792
   0.433841320333976   0.433841351664648   0.433841351664899
   0.678483694881341   0.678484720947345   0.678484721011725
   0.022661072439326   0.022673734510205   0.022673744910945
   0.048092076884159   0.048370617604850   0.048371944382779
   0.114264309338497   0.119318350558664   0.119472753207346
   0.302591664296746   0.370570360822876   0.382420571531955
   0.741470628171117   0.198643809763782   0.272432706670409
   0.170010103072896   0.457189978646599   0.719921740040648
   0.142876191505783   0.256796715432942   0.298101418805568
   0.634610469308697   0.704696877101072   0.708244767997638
   0.322632698064738   0.328258364995911   0.328303894324075
   0.172281055433022   0.179663802216053   0.179671112076465
   0.102038354010660   0.102062231052150   0.102062235550800
   0.061442173092649   0.061443080843312   0.061443080879314
   0.038651150428619   0.038651190951017   0.038651190951357
   0.025170446285383   0.025170448098226   0.025170448098242
   0.016859148325633   0.016859148406161   0.016859148406161
   0.768085555794304   0.768085555804597   0.768085555804777
   0.593636755804578   0.593636755804779   0.593636755804933
   0.464396090182447   0.464396090182536   0.464396090182520
   0.367155390385495   0.367155390385444   0.367155390385452
   0.293000006602688   0.293000006602768   0.293000006602787

  Columns 7 through 8

   0.027645693513511   0.027645693513511
   0.037140956457738   0.037140956457737
   0.050396358634835   0.050396358634843
   0.069165258536356   0.069165258536359
   0.096180792659984   0.096180792659989
   0.135821222838165   0.135821222838162
   0.195330751177349   0.195330751177381
   0.287172237915727   0.287172237915739
   0.433841351664996   0.433841351665005
   0.678484721011919   0.678484721011751
   0.022673744952760   0.022673744952761
   0.048371963267942   0.048371963267923
   0.119481297985347   0.119481298260682
   0.385633323378219   0.385641759423618
   0.425537593103310   0.478336977476325
   0.444307794156565   0.618734581154797
   0.315824351417691   0.315964952098324
   0.708518092938933   0.708518110670872
   0.328304752320713   0.328304752299586
   0.179671132711762   0.179671132712432
   0.102062235557034   0.102062235556913
   0.061443080879430   0.061443080879428
   0.038651190951322   0.038651190951324
   0.025170448098243   0.025170448098242
   0.016859148406163   0.016859148406163
   0.768085555804841   0.768085555804629
   0.593636755804933   0.593636755804964
   0.464396090182543   0.464396090182611
   0.367155390385436   0.367155390385404
   0.293000006602784   0.293000006602791

Did not find record for:
chi = 16, temperature = 2.2657, tolerance = 1e-07, q = 2.
stored to database: 
temperature = 2.2657, chi = 16, N = 1663, convergence = 1e-07, initial = spin-up, q = 2truncation error = 5.3329e-05.
Did not find record for:
chi = 24, temperature = 2.2657, tolerance = 1e-07, q = 2.
stored to database: 
temperature = 2.2657, chi = 24, N = 1899, convergence = 1e-07, initial = spin-up, q = 2truncation error = 1.521e-05.
Did not find record for:
chi = 32, temperature = 2.2657, tolerance = 1e-07, q = 2.
stored to database: 
temperature = 2.2657, chi = 32, N = 2018, convergence = 1e-07, initial = spin-up, q = 2truncation error = 5.905e-06.
Found a record with higher tolerance to use as initial condition
chi = 40, convergence = 3.1218e-05, N = 1000
I did an additional 1123 steps.
stored to database: 
temperature = 2.2657, chi = 40, N = 2123, convergence = 1e-07, initial = spin-up, q = 2truncation error = 2.563e-06.
Did not find record for:
chi = 50, temperature = 2.2657, tolerance = 1e-07, q = 2.
stored to database: 
temperature = 2.2657, chi = 50, N = 2173, convergence = 1e-07, initial = spin-up, q = 2truncation error = 1.0405e-06.
Did not find record for:
chi = 4, temperature = 2.2726, tolerance = 1e-07, q = 2.
stored to database: 
temperature = 2.2726, chi = 4, N = 757, convergence = 1e-07, initial = spin-up, q = 2truncation error = 0.0017278.
Did not find record for:
chi = 8, temperature = 2.2726, tolerance = 1e-07, q = 2.
stored to database: 
temperature = 2.2726, chi = 8, N = 4561, convergence = 1e-07, initial = spin-up, q = 2truncation error = 0.00073745.
Did not find record for:
chi = 12, temperature = 2.2726, tolerance = 1e-07, q = 2.
stored to database: 
temperature = 2.2726, chi = 12, N = 3769, convergence = 1e-07, initial = spin-up, q = 2truncation error = 0.00029723.
Did not find record for:
chi = 16, temperature = 2.2726, tolerance = 1e-07, q = 2.
stored to database: 
temperature = 2.2726, chi = 16, N = 2985, convergence = 1e-07, initial = spin-up, q = 2truncation error = 0.00013193.
Did not find record for:
chi = 24, temperature = 2.2726, tolerance = 1e-07, q = 2.
stored to database: 
temperature = 2.2726, chi = 24, N = 2775, convergence = 1e-07, initial = spin-up, q = 2truncation error = 4.7917e-05.
Did not find record for:
chi = 32, temperature = 2.2726, tolerance = 1e-07, q = 2.
stored to database: 
temperature = 2.2726, chi = 32, N = 2785, convergence = 1e-07, initial = spin-up, q = 2truncation error = 1.801e-05.
Found a record with higher tolerance to use as initial condition
chi = 40, convergence = 0.00085683, N = 600
I did an additional 2195 steps.
stored to database: 
temperature = 2.2726, chi = 40, N = 2795, convergence = 1e-07, initial = spin-up, q = 2truncation error = 8.7525e-06.
Did not find record for:
chi = 50, temperature = 2.2726, tolerance = 1e-07, q = 2.
stored to database: 
temperature = 2.2726, chi = 50, N = 2847, convergence = 1e-07, initial = spin-up, q = 2truncation error = 4.0904e-06.
Did not find record for:
chi = 4, temperature = 2.2795, tolerance = 1e-07, q = 2.
stored to database: 
temperature = 2.2795, chi = 4, N = 3290, convergence = 1e-07, initial = spin-up, q = 2truncation error = 0.0023055.
Did not find record for:
chi = 8, temperature = 2.2795, tolerance = 1e-07, q = 2.
stored to database: 
temperature = 2.2795, chi = 8, N = 1273, convergence = 1e-07, initial = spin-up, q = 2truncation error = 0.00064901.
Did not find record for:
chi = 12, temperature = 2.2795, tolerance = 1e-07, q = 2.
stored to database: 
temperature = 2.2795, chi = 12, N = 999, convergence = 1e-07, initial = spin-up, q = 2truncation error = 0.00017329.
Did not find record for:
chi = 16, temperature = 2.2795, tolerance = 1e-07, q = 2.
stored to database: 
temperature = 2.2795, chi = 16, N = 982, convergence = 1e-07, initial = spin-up, q = 2truncation error = 6.6948e-05.
Did not find record for:
chi = 24, temperature = 2.2795, tolerance = 1e-07, q = 2.
stored to database: 
temperature = 2.2795, chi = 24, N = 990, convergence = 1e-07, initial = spin-up, q = 2truncation error = 1.7263e-05.
Did not find record for:
chi = 32, temperature = 2.2795, tolerance = 1e-07, q = 2.
stored to database: 
temperature = 2.2795, chi = 32, N = 1012, convergence = 1e-07, initial = spin-up, q = 2truncation error = 4.8928e-06.
Found a record with higher tolerance to use as initial condition
chi = 40, convergence = 3.859e-05, N = 600
I did an additional 427 steps.
stored to database: 
temperature = 2.2795, chi = 40, N = 1027, convergence = 1e-07, initial = spin-up, q = 2truncation error = 1.9171e-06.
Did not find record for:
chi = 50, temperature = 2.2795, tolerance = 1e-07, q = 2.
stored to database: 
temperature = 2.2795, chi = 50, N = 1037, convergence = 1e-07, initial = spin-up, q = 2truncation error = 7.0835e-07.
Did not find record for:
chi = 4, temperature = 2.2864, tolerance = 1e-07, q = 2.
stored to database: 
temperature = 2.2864, chi = 4, N = 1432, convergence = 1e-07, initial = spin-up, q = 2truncation error = 0.0023919.
Did not find record for:
chi = 8, temperature = 2.2864, tolerance = 1e-07, q = 2.
stored to database: 
temperature = 2.2864, chi = 8, N = 651, convergence = 1e-07, initial = spin-up, q = 2truncation error = 0.00050231.
Did not find record for:
chi = 12, temperature = 2.2864, tolerance = 1e-07, q = 2.
stored to database: 
temperature = 2.2864, chi = 12, N = 604, convergence = 1e-07, initial = spin-up, q = 2truncation error = 0.00011475.
Did not find record for:
chi = 16, temperature = 2.2864, tolerance = 1e-07, q = 2.
stored to database: 
temperature = 2.2864, chi = 16, N = 627, convergence = 1e-07, initial = spin-up, q = 2truncation error = 4.1475e-05.
Did not find record for:
chi = 24, temperature = 2.2864, tolerance = 1e-07, q = 2.
stored to database: 
temperature = 2.2864, chi = 24, N = 622, convergence = 1e-07, initial = spin-up, q = 2truncation error = 8.2354e-06.
Did not find record for:
chi = 32, temperature = 2.2864, tolerance = 1e-07, q = 2.
stored to database: 
temperature = 2.2864, chi = 32, N = 635, convergence = 1e-07, initial = spin-up, q = 2truncation error = 2.3926e-06.
Found a record with higher tolerance to use as initial condition
chi = 40, convergence = 2.8012e-07, N = 600
I did an additional 44 steps.
stored to database: 
temperature = 2.2864, chi = 40, N = 644, convergence = 1e-07, initial = spin-up, q = 2truncation error = 7.0842e-07.
Did not find record for:
chi = 50, temperature = 2.2864, tolerance = 1e-07, q = 2.
stored to database: 
temperature = 2.2864, chi = 50, N = 652, convergence = 1e-07, initial = spin-up, q = 2truncation error = 2.3246e-07.
Did not find record for:
chi = 4, temperature = 2.2933, tolerance = 1e-07, q = 2.
stored to database: 
temperature = 2.2933, chi = 4, N = 709, convergence = 1e-07, initial = spin-up, q = 2truncation error = 0.0021939.
Did not find record for:
chi = 8, temperature = 2.2933, tolerance = 1e-07, q = 2.
stored to database: 
temperature = 2.2933, chi = 8, N = 452, convergence = 1e-07, initial = spin-up, q = 2truncation error = 0.00039972.
Did not find record for:
chi = 12, temperature = 2.2933, tolerance = 1e-07, q = 2.
stored to database: 
temperature = 2.2933, chi = 12, N = 440, convergence = 1e-07, initial = spin-up, q = 2truncation error = 8.1456e-05.
Did not find record for:
chi = 16, temperature = 2.2933, tolerance = 1e-07, q = 2.
stored to database: 
temperature = 2.2933, chi = 16, N = 447, convergence = 1e-07, initial = spin-up, q = 2truncation error = 2.6734e-05.
Did not find record for:
chi = 24, temperature = 2.2933, tolerance = 1e-07, q = 2.
stored to database: 
temperature = 2.2933, chi = 24, N = 459, convergence = 1e-07, initial = spin-up, q = 2truncation error = 4.5982e-06.
Did not find record for:
chi = 32, temperature = 2.2933, tolerance = 1e-07, q = 2.
stored to database: 
temperature = 2.2933, chi = 32, N = 469, convergence = 1e-07, initial = spin-up, q = 2truncation error = 1.2026e-06.
Found a record with higher tolerance to use as initial condition
chi = 40, convergence = 1.3715e-05, N = 320
I did an additional 154 steps.
stored to database: 
temperature = 2.2933, chi = 40, N = 474, convergence = 1e-07, initial = spin-up, q = 2truncation error = 3.2825e-07.
Did not find record for:
chi = 50, temperature = 2.2933, tolerance = 1e-07, q = 2.
stored to database: 
temperature = 2.2933, chi = 50, N = 480, convergence = 1e-07, initial = spin-up, q = 2truncation error = 9.8435e-08.
Did not find record for:
chi = 4, temperature = 2.3002, tolerance = 1e-07, q = 2.
stored to database: 
temperature = 2.3002, chi = 4, N = 479, convergence = 1e-07, initial = spin-up, q = 2truncation error = 0.0020219.
Did not find record for:
chi = 8, temperature = 2.3002, tolerance = 1e-07, q = 2.
stored to database: 
temperature = 2.3002, chi = 8, N = 349, convergence = 1e-07, initial = spin-up, q = 2truncation error = 0.00032506.
Did not find record for:
chi = 12, temperature = 2.3002, tolerance = 1e-07, q = 2.
stored to database: 
temperature = 2.3002, chi = 12, N = 349, convergence = 1e-07, initial = spin-up, q = 2truncation error = 6.0433e-05.
Did not find record for:
chi = 16, temperature = 2.3002, tolerance = 1e-07, q = 2.
stored to database: 
temperature = 2.3002, chi = 16, N = 355, convergence = 1e-07, initial = spin-up, q = 2truncation error = 1.8278e-05.
Did not find record for:
chi = 24, temperature = 2.3002, tolerance = 1e-07, q = 2.
stored to database: 
temperature = 2.3002, chi = 24, N = 381, convergence = 1e-07, initial = spin-up, q = 2truncation error = 3.0518e-06.
Did not find record for:
chi = 32, temperature = 2.3002, tolerance = 1e-07, q = 2.
stored to database: 
temperature = 2.3002, chi = 32, N = 375, convergence = 1e-07, initial = spin-up, q = 2truncation error = 6.7388e-07.
Found a record with higher tolerance to use as initial condition
chi = 40, convergence = 1.1009e-06, N = 320
I did an additional 122 steps.
stored to database: 
temperature = 2.3002, chi = 40, N = 442, convergence = 1e-07, initial = spin-up, q = 2truncation error = 1.7962e-07.
Did not find record for:
chi = 50, temperature = 2.3002, tolerance = 1e-07, q = 2.
stored to database: 
temperature = 2.3002, chi = 50, N = 382, convergence = 1e-07, initial = spin-up, q = 2truncation error = 4.8008e-08.
Did not find record for:
chi = 4, temperature = 2.3071, tolerance = 1e-07, q = 2.
stored to database: 
temperature = 2.3071, chi = 4, N = 365, convergence = 1e-07, initial = spin-up, q = 2truncation error = 0.0018708.
Did not find record for:
chi = 8, temperature = 2.3071, tolerance = 1e-07, q = 2.
stored to database: 
temperature = 2.3071, chi = 8, N = 287, convergence = 1e-07, initial = spin-up, q = 2truncation error = 0.00026888.
Did not find record for:
chi = 12, temperature = 2.3071, tolerance = 1e-07, q = 2.
stored to database: 
temperature = 2.3071, chi = 12, N = 291, convergence = 1e-07, initial = spin-up, q = 2truncation error = 4.6247e-05.
Did not find record for:
chi = 16, temperature = 2.3071, tolerance = 1e-07, q = 2.
stored to database: 
temperature = 2.3071, chi = 16, N = 296, convergence = 1e-07, initial = spin-up, q = 2truncation error = 1.3042e-05.
Did not find record for:
chi = 24, temperature = 2.3071, tolerance = 1e-07, q = 2.
stored to database: 
temperature = 2.3071, chi = 24, N = 307, convergence = 1e-07, initial = spin-up, q = 2truncation error = 1.9345e-06.
Did not find record for:
chi = 32, temperature = 2.3071, tolerance = 1e-07, q = 2.
stored to database: 
temperature = 2.3071, chi = 32, N = 315, convergence = 1e-07, initial = spin-up, q = 2truncation error = 4.0561e-07.
Found a record with higher tolerance to use as initial condition
chi = 40, convergence = 7.1484e-06, N = 240
I did an additional 79 steps.
stored to database: 
temperature = 2.3071, chi = 40, N = 319, convergence = 1e-07, initial = spin-up, q = 2truncation error = 1.0204e-07.
Did not find record for:
chi = 50, temperature = 2.3071, tolerance = 1e-07, q = 2.
stored to database: 
temperature = 2.3071, chi = 50, N = 319, convergence = 1e-07, initial = spin-up, q = 2truncation error = 2.5668e-08.
Did not find record for:
chi = 4, temperature = 2.314, tolerance = 1e-07, q = 2.
stored to database: 
temperature = 2.314, chi = 4, N = 296, convergence = 1e-07, initial = spin-up, q = 2truncation error = 0.0017369.
Did not find record for:
chi = 8, temperature = 2.314, tolerance = 1e-07, q = 2.
stored to database: 
temperature = 2.314, chi = 8, N = 245, convergence = 1e-07, initial = spin-up, q = 2truncation error = 0.00022546.
Did not find record for:
chi = 12, temperature = 2.314, tolerance = 1e-07, q = 2.
stored to database: 
temperature = 2.314, chi = 12, N = 250, convergence = 1e-07, initial = spin-up, q = 2truncation error = 3.6221e-05.
Did not find record for:
chi = 16, temperature = 2.314, tolerance = 1e-07, q = 2.
stored to database: 
temperature = 2.314, chi = 16, N = 254, convergence = 1e-07, initial = spin-up, q = 2truncation error = 9.6011e-06.
Did not find record for:
chi = 24, temperature = 2.314, tolerance = 1e-07, q = 2.
stored to database: 
temperature = 2.314, chi = 24, N = 264, convergence = 1e-07, initial = spin-up, q = 2truncation error = 1.2823e-06.
Did not find record for:
chi = 32, temperature = 2.314, tolerance = 1e-07, q = 2.
stored to database: 
temperature = 2.314, chi = 32, N = 273, convergence = 1e-07, initial = spin-up, q = 2truncation error = 2.57e-07.
Found a record with higher tolerance to use as initial condition
chi = 40, convergence = 6.7197e-07, N = 240
I did an additional 32 steps.
stored to database: 
temperature = 2.314, chi = 40, N = 272, convergence = 1e-07, initial = spin-up, q = 2truncation error = 6.1427e-08.
Did not find record for:
chi = 50, temperature = 2.314, tolerance = 1e-07, q = 2.
stored to database: 
temperature = 2.314, chi = 50, N = 274, convergence = 1e-07, initial = spin-up, q = 2truncation error = 1.4651e-08.
Did not find record for:
chi = 4, temperature = 2.3209, tolerance = 1e-07, q = 2.
stored to database: 
temperature = 2.3209, chi = 4, N = 249, convergence = 1e-07, initial = spin-up, q = 2truncation error = 0.0016173.
Did not find record for:
chi = 8, temperature = 2.3209, tolerance = 1e-07, q = 2.
stored to database: 
temperature = 2.3209, chi = 8, N = 215, convergence = 1e-07, initial = spin-up, q = 2truncation error = 0.00019116.
Did not find record for:
chi = 12, temperature = 2.3209, tolerance = 1e-07, q = 2.
stored to database: 
temperature = 2.3209, chi = 12, N = 219, convergence = 1e-07, initial = spin-up, q = 2truncation error = 2.8887e-05.
Did not find record for:
chi = 16, temperature = 2.3209, tolerance = 1e-07, q = 2.
stored to database: 
temperature = 2.3209, chi = 16, N = 223, convergence = 1e-07, initial = spin-up, q = 2truncation error = 7.2408e-06.
Did not find record for:
chi = 24, temperature = 2.3209, tolerance = 1e-07, q = 2.
stored to database: 
temperature = 2.3209, chi = 24, N = 232, convergence = 1e-07, initial = spin-up, q = 2truncation error = 8.7954e-07.
Did not find record for:
chi = 32, temperature = 2.3209, tolerance = 1e-07, q = 2.
stored to database: 
temperature = 2.3209, chi = 32, N = 242, convergence = 1e-07, initial = spin-up, q = 2truncation error = 1.6931e-07.
Found a record with higher tolerance to use as initial condition
chi = 40, convergence = 1.9305e-05, N = 160
I did an additional 79 steps.
stored to database: 
temperature = 2.3209, chi = 40, N = 239, convergence = 1e-07, initial = spin-up, q = 2truncation error = 3.864e-08.
Did not find record for:
chi = 50, temperature = 2.3209, tolerance = 1e-07, q = 2.
stored to database: 
temperature = 2.3209, chi = 50, N = 241, convergence = 1e-07, initial = spin-up, q = 2truncation error = 8.7859e-09.
Did not find record for:
chi = 4, temperature = 2.3278, tolerance = 1e-07, q = 2.
stored to database: 
temperature = 2.3278, chi = 4, N = 216, convergence = 1e-07, initial = spin-up, q = 2truncation error = 0.0015098.
Did not find record for:
chi = 8, temperature = 2.3278, tolerance = 1e-07, q = 2.
stored to database: 
temperature = 2.3278, chi = 8, N = 191, convergence = 1e-07, initial = spin-up, q = 2truncation error = 0.0001636.
Did not find record for:
chi = 12, temperature = 2.3278, tolerance = 1e-07, q = 2.
stored to database: 
temperature = 2.3278, chi = 12, N = 196, convergence = 1e-07, initial = spin-up, q = 2truncation error = 2.3377e-05.
Did not find record for:
chi = 16, temperature = 2.3278, tolerance = 1e-07, q = 2.
stored to database: 
temperature = 2.3278, chi = 16, N = 200, convergence = 1e-07, initial = spin-up, q = 2truncation error = 5.5671e-06.
Did not find record for:
chi = 24, temperature = 2.3278, tolerance = 1e-07, q = 2.
stored to database: 
temperature = 2.3278, chi = 24, N = 207, convergence = 1e-07, initial = spin-up, q = 2truncation error = 6.1984e-07.
Did not find record for:
chi = 32, temperature = 2.3278, tolerance = 1e-07, q = 2.
stored to database: 
temperature = 2.3278, chi = 32, N = 218, convergence = 1e-07, initial = spin-up, q = 2truncation error = 1.1503e-07.
Found a record with higher tolerance to use as initial condition
chi = 40, convergence = 5.4442e-06, N = 160
I did an additional 53 steps.
stored to database: 
temperature = 2.3278, chi = 40, N = 213, convergence = 1e-07, initial = spin-up, q = 2truncation error = 2.5162e-08.
Did not find record for:
chi = 50, temperature = 2.3278, tolerance = 1e-07, q = 2.
stored to database: 
temperature = 2.3278, chi = 50, N = 215, convergence = 1e-07, initial = spin-up, q = 2truncation error = 5.4772e-09.
Did not find record for:
chi = 4, temperature = 2.3347, tolerance = 1e-07, q = 2.
stored to database: 
temperature = 2.3347, chi = 4, N = 190, convergence = 1e-07, initial = spin-up, q = 2truncation error = 0.0014126.
Did not find record for:
chi = 8, temperature = 2.3347, tolerance = 1e-07, q = 2.
stored to database: 
temperature = 2.3347, chi = 8, N = 172, convergence = 1e-07, initial = spin-up, q = 2truncation error = 0.00014111.
Did not find record for:
chi = 12, temperature = 2.3347, tolerance = 1e-07, q = 2.
stored to database: 
temperature = 2.3347, chi = 12, N = 178, convergence = 1e-07, initial = spin-up, q = 2truncation error = 1.9148e-05.
Did not find record for:
chi = 16, temperature = 2.3347, tolerance = 1e-07, q = 2.
stored to database: 
temperature = 2.3347, chi = 16, N = 181, convergence = 1e-07, initial = spin-up, q = 2truncation error = 4.3487e-06.
Did not find record for:
chi = 24, temperature = 2.3347, tolerance = 1e-07, q = 2.
stored to database: 
temperature = 2.3347, chi = 24, N = 187, convergence = 1e-07, initial = spin-up, q = 2truncation error = 4.4661e-07.
Did not find record for:
chi = 32, temperature = 2.3347, tolerance = 1e-07, q = 2.
stored to database: 
temperature = 2.3347, chi = 32, N = 199, convergence = 1e-07, initial = spin-up, q = 2truncation error = 8.0135e-08.
Found a record with higher tolerance to use as initial condition
chi = 40, convergence = 1.5573e-06, N = 160
I did an additional 33 steps.
stored to database: 
temperature = 2.3347, chi = 40, N = 193, convergence = 1e-07, initial = spin-up, q = 2truncation error = 1.6853e-08.
Did not find record for:
chi = 50, temperature = 2.3347, tolerance = 1e-07, q = 2.
stored to database: 
temperature = 2.3347, chi = 50, N = 195, convergence = 1e-07, initial = spin-up, q = 2truncation error = 3.524e-09.
Did not find record for:
chi = 4, temperature = 2.3416, tolerance = 1e-07, q = 2.
stored to database: 
temperature = 2.3416, chi = 4, N = 171, convergence = 1e-07, initial = spin-up, q = 2truncation error = 0.0013243.
Did not find record for:
chi = 8, temperature = 2.3416, tolerance = 1e-07, q = 2.
stored to database: 
temperature = 2.3416, chi = 8, N = 157, convergence = 1e-07, initial = spin-up, q = 2truncation error = 0.00012254.
Did not find record for:
chi = 12, temperature = 2.3416, tolerance = 1e-07, q = 2.
stored to database: 
temperature = 2.3416, chi = 12, N = 163, convergence = 1e-07, initial = spin-up, q = 2truncation error = 1.5845e-05.
Did not find record for:
chi = 16, temperature = 2.3416, tolerance = 1e-07, q = 2.
stored to database: 
temperature = 2.3416, chi = 16, N = 165, convergence = 1e-07, initial = spin-up, q = 2truncation error = 3.4425e-06.
Did not find record for:
chi = 24, temperature = 2.3416, tolerance = 1e-07, q = 2.
stored to database: 
temperature = 2.3416, chi = 24, N = 171, convergence = 1e-07, initial = spin-up, q = 2truncation error = 3.278e-07.
Did not find record for:
chi = 32, temperature = 2.3416, tolerance = 1e-07, q = 2.
stored to database: 
temperature = 2.3416, chi = 32, N = 183, convergence = 1e-07, initial = spin-up, q = 2truncation error = 5.7003e-08.
Did not find record for:
chi = 40, temperature = 2.3416, tolerance = 1e-07, q = 2.
stored to database: 
temperature = 2.3416, chi = 40, N = 176, convergence = 1e-07, initial = spin-up, q = 2truncation error = 1.1554e-08.
Did not find record for:
chi = 50, temperature = 2.3416, tolerance = 1e-07, q = 2.
stored to database: 
temperature = 2.3416, chi = 50, N = 178, convergence = 1e-07, initial = spin-up, q = 2truncation error = 2.3273e-09.
Did not find record for:
chi = 4, temperature = 2.3485, tolerance = 1e-07, q = 2.
stored to database: 
temperature = 2.3485, chi = 4, N = 155, convergence = 1e-07, initial = spin-up, q = 2truncation error = 0.0012438.
Did not find record for:
chi = 8, temperature = 2.3485, tolerance = 1e-07, q = 2.
stored to database: 
temperature = 2.3485, chi = 8, N = 145, convergence = 1e-07, initial = spin-up, q = 2truncation error = 0.00010705.
Did not find record for:
chi = 12, temperature = 2.3485, tolerance = 1e-07, q = 2.
stored to database: 
temperature = 2.3485, chi = 12, N = 150, convergence = 1e-07, initial = spin-up, q = 2truncation error = 1.3228e-05.
Did not find record for:
chi = 16, temperature = 2.3485, tolerance = 1e-07, q = 2.
stored to database: 
temperature = 2.3485, chi = 16, N = 152, convergence = 1e-07, initial = spin-up, q = 2truncation error = 2.7562e-06.
Did not find record for:
chi = 24, temperature = 2.3485, tolerance = 1e-07, q = 2.
stored to database: 
temperature = 2.3485, chi = 24, N = 158, convergence = 1e-07, initial = spin-up, q = 2truncation error = 2.4442e-07.
Did not find record for:
chi = 32, temperature = 2.3485, tolerance = 1e-07, q = 2.
stored to database: 
temperature = 2.3485, chi = 32, N = 170, convergence = 1e-07, initial = spin-up, q = 2truncation error = 4.1273e-08.
Did not find record for:
chi = 40, temperature = 2.3485, tolerance = 1e-07, q = 2.
stored to database: 
temperature = 2.3485, chi = 40, N = 162, convergence = 1e-07, initial = spin-up, q = 2truncation error = 8.0803e-09.
Did not find record for:
chi = 50, temperature = 2.3485, tolerance = 1e-07, q = 2.
stored to database: 
temperature = 2.3485, chi = 50, N = 164, convergence = 1e-07, initial = spin-up, q = 2truncation error = 1.5714e-09.
Did not find record for:
chi = 4, temperature = 2.3554, tolerance = 1e-07, q = 2.
stored to database: 
temperature = 2.3554, chi = 4, N = 142, convergence = 1e-07, initial = spin-up, q = 2truncation error = 0.0011701.
Did not find record for:
chi = 8, temperature = 2.3554, tolerance = 1e-07, q = 2.
stored to database: 
temperature = 2.3554, chi = 8, N = 134, convergence = 1e-07, initial = spin-up, q = 2truncation error = 9.3996e-05.
Did not find record for:
chi = 12, temperature = 2.3554, tolerance = 1e-07, q = 2.
stored to database: 
temperature = 2.3554, chi = 12, N = 140, convergence = 1e-07, initial = spin-up, q = 2truncation error = 1.1128e-05.
Did not find record for:
chi = 16, temperature = 2.3554, tolerance = 1e-07, q = 2.
stored to database: 
temperature = 2.3554, chi = 16, N = 141, convergence = 1e-07, initial = spin-up, q = 2truncation error = 2.2286e-06.
Did not find record for:
chi = 24, temperature = 2.3554, tolerance = 1e-07, q = 2.
stored to database: 
temperature = 2.3554, chi = 24, N = 147, convergence = 1e-07, initial = spin-up, q = 2truncation error = 1.8474e-07.
Did not find record for:
chi = 32, temperature = 2.3554, tolerance = 1e-07, q = 2.
stored to database: 
temperature = 2.3554, chi = 32, N = 158, convergence = 1e-07, initial = spin-up, q = 2truncation error = 3.0343e-08.
Did not find record for:
chi = 40, temperature = 2.3554, tolerance = 1e-07, q = 2.
stored to database: 
temperature = 2.3554, chi = 40, N = 151, convergence = 1e-07, initial = spin-up, q = 2truncation error = 5.7483e-09.
Did not find record for:
chi = 50, temperature = 2.3554, tolerance = 1e-07, q = 2.
stored to database: 
temperature = 2.3554, chi = 50, N = 152, convergence = 1e-07, initial = spin-up, q = 2truncation error = 1.0814e-09.
Did not find record for:
chi = 4, temperature = 2.3623, tolerance = 1e-07, q = 2.
stored to database: 
temperature = 2.3623, chi = 4, N = 131, convergence = 1e-07, initial = spin-up, q = 2truncation error = 0.0011024.
Did not find record for:
chi = 8, temperature = 2.3623, tolerance = 1e-07, q = 2.
stored to database: 
temperature = 2.3623, chi = 8, N = 125, convergence = 1e-07, initial = spin-up, q = 2truncation error = 8.2917e-05.
Did not find record for:
chi = 12, temperature = 2.3623, tolerance = 1e-07, q = 2.
stored to database: 
temperature = 2.3623, chi = 12, N = 131, convergence = 1e-07, initial = spin-up, q = 2truncation error = 9.4238e-06.
Did not find record for:
chi = 16, temperature = 2.3623, tolerance = 1e-07, q = 2.
stored to database: 
temperature = 2.3623, chi = 16, N = 132, convergence = 1e-07, initial = spin-up, q = 2truncation error = 1.8175e-06.
Did not find record for:
chi = 24, temperature = 2.3623, tolerance = 1e-07, q = 2.
stored to database: 
temperature = 2.3623, chi = 24, N = 137, convergence = 1e-07, initial = spin-up, q = 2truncation error = 1.4131e-07.
Did not find record for:
chi = 32, temperature = 2.3623, tolerance = 1e-07, q = 2.
stored to database: 
temperature = 2.3623, chi = 32, N = 149, convergence = 1e-07, initial = spin-up, q = 2truncation error = 2.2608e-08.
Did not find record for:
chi = 40, temperature = 2.3623, tolerance = 1e-07, q = 2.
stored to database: 
temperature = 2.3623, chi = 40, N = 141, convergence = 1e-07, initial = spin-up, q = 2truncation error = 4.1504e-09.
Did not find record for:
chi = 50, temperature = 2.3623, tolerance = 1e-07, q = 2.
stored to database: 
temperature = 2.3623, chi = 50, N = 155, convergence = 1e-07, initial = spin-up, q = 2truncation error = 7.9339e-10.
Did not find record for:
chi = 12, temperature = 2.3692, tolerance = 1e-07, q = 2.
stored to database: 
temperature = 2.3692, chi = 12, N = 123, convergence = 1e-07, initial = spin-up, q = 2truncation error = 8.0286e-06.
Did not find record for:
chi = 50, temperature = 2.3692, tolerance = 1e-07, q = 2.
stored to database: 
temperature = 2.3692, chi = 50, N = 138, convergence = 1e-07, initial = spin-up, q = 2truncation error = 5.6024e-10.

ans =

  Columns 1 through 3

   0.819315126643343   0.819194907301134   0.819194806878046
   0.812628279001954   0.812474093751581   0.812473940111762
   0.805453566755139   0.805253958403761   0.805253718636727
   0.797718478420567   0.797457288185816   0.797456907620215
   0.789332786862212   0.788986807385677   0.788986188202721
   0.780182354266093   0.779717436535657   0.779716401808033
   0.770119826615081   0.769484388246871   0.769482602268908
   0.758950441502975   0.758064047014956   0.758060840306725
   0.746409450522664   0.745141619863006   0.745135585745583
   0.732124300249250   0.730252763632019   0.730240683063222
   0.715547777657131   0.712668908230364   0.712642667245270
   0.695830330583591   0.691145213823159   0.691081227579880
   0.671551775542207   0.663269805671627   0.663083267253405
   0.640076651605365   0.623306248561596   0.622557512179420
   0.595662025903482   0.550933289361908   0.544405106346052
   0.521628810854462   0.259195512654400   0.004106489595097
   0.310542022118718   0.002708794019764   0.001776113831424
   0.003992040281709   0.001861816506114   0.001240663524706
   0.002588233933366   0.001447197308974   0.000964628251588
   0.002053447192566   0.001233107325976   0.000792733047114
   0.001720453999952   0.001054622261169   0.000669268240410
   0.001500859237680   0.000916839345272   0.000588269249017
   0.001364226376406   0.000793928213654   0.000539748254033
   0.001228042419455   0.000729484677297   0.000482385679355
   0.001164380540436   0.000679218094797   0.000428981445288
   0.001053263836898   0.000624682682767   0.000391127265735
   0.000992122197163   0.000564760209907   0.000370162686155
   0.000932462846403   0.000542850368793   0.000330518745169
   0.000886544298925   0.000510508090112   0.000305361245849
   0.000828313282393   0.000455385323522   0.000287387257277

  Columns 4 through 6

   0.819194805013077   0.819194804645873   0.819194804549959
   0.812473937294452   0.812473936883412   0.812473936777833
   0.805253714074502   0.805253713476718   0.805253713359004
   0.797456899821070   0.797456899068114   0.797456898896387
   0.788986174779782   0.788986173642206   0.788986173448567
   0.779716377688871   0.779716375878818   0.779716375653328
   0.769482556550728   0.769482553563358   0.769482553171824
   0.758060749775093   0.758060743887270   0.758060743418989
   0.745135393950533   0.745135381486045   0.745135380732478
   0.730240246007169   0.730240215218390   0.730240214067203
   0.712641563733131   0.712641476119671   0.712641473991433
   0.691078008450985   0.691077706329365   0.691077700373283
   0.663071514199284   0.663070127598299   0.663070098858737
   0.622492769216746   0.622482126190220   0.622481805690269
   0.543342586043895   0.543011853575759   0.542985447872058
   0.002710858730916   0.002042085447360   0.001553461647598
   0.001334787216815   0.000971994069937   0.000774413529422
   0.000730928801017   0.000681245517867   0.000557083545118
   0.000722225751089   0.000535243626193   0.000437066037167
   0.000611720186651   0.000312663317565   0.000356275075834
   0.000529024183037   0.000369064991086   0.000290983740460
   0.000477542429389   0.000328847705212   0.000240851643220
   0.000435294842655   0.000298139628624   0.000200586488216
   0.000384951797445   0.000276461399195   0.000169050869466
   0.000355041139247   0.000259482972564   0.000142722212564
   0.000338752927945   0.000240818876048   0.000124579564719
   0.000319037807013   0.000220463287418   0.000107281362194
   0.000302009415198   0.000202785123586   0.000099082671700
   0.000278557815830   0.000194862561830   0.000083955670670
   0.000261605097704   0.000192574598192   0.000078099495033

  Columns 7 through 8

   0.819194804509041   0.819194804493347
   0.812473936731466   0.812473936697942
   0.805253713284738   0.805253713250845
   0.797456898840785   0.797456898781542
   0.788986173357375   0.788986173313163
   0.779716375515339   0.779716375446145
   0.769482553022561   0.769482552944611
   0.758060743200500   0.758060743109811
   0.745135380484561   0.745135380346908
   0.730240213705411   0.730240213501483
   0.712641473372809   0.712641473072182
   0.691077699273600   0.691077698755273
   0.663070095928232   0.663070094638572
   0.622481777465640   0.622481770626599
   0.542981640773485   0.542981007113181
   0.001342503752337   0.001113032367798
   0.000663997410309   0.000604804028806
   0.000488412425686   0.000436712464936
   0.000395823277883   0.000353061659847
   0.000072192365429   0.000299872799043
   0.000258433430616   0.000258079984821
   0.000248747143858   0.000232094094811
   0.000225423994881   0.000208216546885
   0.000211016457549   0.000192938271578
   0.000192169414728   0.000173924664756
   0.000182777748363   0.000163749927138
   0.000173241388337   0.000153637258541
   0.000156176469077   0.000146320305560
   0.000147093473393   0.000055076627531
   0.000142485350525   0.000090744041013


temperatures =

  Columns 1 through 3

   2.224357728006126   2.231254279730263   2.238150831454401

  Columns 4 through 6

   2.245047383178539   2.251943934902677   2.258840486626815

  Columns 7 through 9

   2.265737038350953   2.272633590075091   2.279530141799229

  Columns 10 through 12

   2.286426693523367   2.293323245247505   2.300219796971643

  Columns 13 through 14

   2.307116348695781   2.314012900419919


ans = 

    T_crit: 2.269016215093442
      beta: 0.121280278056042
        nu: 1.005999999982913
     kappa: 1.850000005170128
       mse: 0.399788130290410

>> 