
                            < M A T L A B (R) >
                  Copyright 1984-2015 The MathWorks, Inc.
                   R2015a (8.5.0.197613) 64-bit (glnxa64)
                             February 12, 2015

 
To get started, type one of these: helpwin, helpdesk, or demo.
For product information, visit www.mathworks.com.
 

	Academic License

Found record: 420 iterations remaining.
stored to database: 
temperature = 1.0346, chi = 20, N = 440, convergence = 6.3838e-16, initial = spin-up, q = 4truncation error = 1.3443e-05.
set chi to 40
Found record: 80 iterations remaining.
stored to database: 
temperature = 1.0346, chi = 40, N = 440, convergence = 8.6078e-16, initial = spin-up, q = 4truncation error = 6.7602e-07.
Found record: 80 iterations remaining.
stored to database: 
temperature = 1.0346, chi = 40, N = 520, convergence = 6.6893e-16, initial = spin-up, q = 4truncation error = 6.7602e-07.
Found record: 420 iterations remaining.
stored to database: 
temperature = 1.0568, chi = 20, N = 440, convergence = 9.619e-16, initial = spin-up, q = 4truncation error = 2.9915e-05.
set chi to 40
Found record: 80 iterations remaining.
stored to database: 
temperature = 1.0568, chi = 40, N = 440, convergence = 1.011e-15, initial = spin-up, q = 4truncation error = 2.0414e-06.
Found record: 80 iterations remaining.
stored to database: 
temperature = 1.0568, chi = 40, N = 520, convergence = 1.625e-15, initial = spin-up, q = 4truncation error = 2.0414e-06.
Found record: 420 iterations remaining.
stored to database: 
temperature = 1.079, chi = 20, N = 440, convergence = 1.3947e-15, initial = spin-up, q = 4truncation error = 7.28e-05.
set chi to 40
Found record: 80 iterations remaining.
stored to database: 
temperature = 1.079, chi = 40, N = 440, convergence = 2.1786e-15, initial = spin-up, q = 4truncation error = 6.8968e-06.
Found record: 80 iterations remaining.
stored to database: 
temperature = 1.079, chi = 40, N = 520, convergence = 1.3443e-15, initial = spin-up, q = 4truncation error = 6.8968e-06.
Found record: 420 iterations remaining.
stored to database: 
temperature = 1.1013, chi = 20, N = 440, convergence = 1.4138e-15, initial = spin-up, q = 4truncation error = 0.00020797.
set chi to 40
Found record: 380 iterations remaining.
stored to database: 
temperature = 1.1013, chi = 40, N = 440, convergence = 1.2859e-15, initial = spin-up, q = 4truncation error = 2.8805e-05.
set chi to 60
Found record: 80 iterations remaining.
stored to database: 
temperature = 1.1013, chi = 60, N = 440, convergence = 2.0284e-15, initial = spin-up, q = 4truncation error = 6.4764e-06.
Found record: 80 iterations remaining.
stored to database: 
temperature = 1.1013, chi = 60, N = 520, convergence = 3.4158e-15, initial = spin-up, q = 4truncation error = 6.4764e-06.
Found record: 420 iterations remaining.
stored to database: 
temperature = 1.1235, chi = 20, N = 440, convergence = 2.6365e-10, initial = spin-up, q = 4truncation error = 0.00086143.
set chi to 40
Found record: 420 iterations remaining.
stored to database: 
temperature = 1.1235, chi = 40, N = 440, convergence = 3.9749e-09, initial = spin-up, q = 4truncation error = 0.00020768.
set chi to 60
Found record: 380 iterations remaining.
stored to database: 
temperature = 1.1235, chi = 60, N = 440, convergence = 1.6255e-08, initial = spin-up, q = 4truncation error = 7.3479e-05.
set chi to 80
Found record: 380 iterations remaining.
stored to database: 
temperature = 1.1235, chi = 80, N = 440, convergence = 2.0639e-08, initial = spin-up, q = 4truncation error = 3.0672e-05.
set chi to 100
Found record: 340 iterations remaining.
stored to database: 
temperature = 1.1235, chi = 100, N = 440, convergence = 3.1054e-08, initial = spin-up, q = 4truncation error = 1.7786e-05.
set chi to 120
Found record: 80 iterations remaining.
stored to database: 
temperature = 1.1235, chi = 120, N = 440, convergence = 4.3247e-08, initial = spin-up, q = 4truncation error = 9.4423e-06.
Found record: 80 iterations remaining.
stored to database: 
temperature = 1.1235, chi = 120, N = 520, convergence = 2.7285e-09, initial = spin-up, q = 4truncation error = 9.4425e-06.
Found record: 420 iterations remaining.
stored to database: 
temperature = 1.1457, chi = 20, N = 440, convergence = 9.3074e-06, initial = spin-up, q = 4truncation error = 0.0032317.
set chi to 40
Found record: 420 iterations remaining.
stored to database: 
temperature = 1.1457, chi = 40, N = 440, convergence = 1.4275e-06, initial = spin-up, q = 4truncation error = 0.00094868.
set chi to 60
Found record: 380 iterations remaining.
stored to database: 
temperature = 1.1457, chi = 60, N = 440, convergence = 1.4036e-06, initial = spin-up, q = 4truncation error = 0.00040932.
set chi to 80
Found record: 380 iterations remaining.
stored to database: 
temperature = 1.1457, chi = 80, N = 440, convergence = 1.8992e-06, initial = spin-up, q = 4truncation error = 0.00019491.
set chi to 100
Found record: 380 iterations remaining.
stored to database: 
temperature = 1.1457, chi = 100, N = 440, convergence = 1.5603e-06, initial = spin-up, q = 4truncation error = 0.00011635.
set chi to 120
Found record: 340 iterations remaining.
stored to database: 
temperature = 1.1457, chi = 120, N = 440, convergence = 1.7873e-06, initial = spin-up, q = 4truncation error = 7.5796e-05.
set chi to 140
Found record: 340 iterations remaining.
stored to database: 
temperature = 1.1457, chi = 140, N = 440, convergence = 1.9771e-06, initial = spin-up, q = 4truncation error = 4.5621e-05.
set chi to 160
Found record: 340 iterations remaining.
stored to database: 
temperature = 1.1457, chi = 160, N = 440, convergence = 2.0704e-06, initial = spin-up, q = 4truncation error = 3.2856e-05.
set chi to 180
Found record: 300 iterations remaining.
stored to database: 
temperature = 1.1457, chi = 180, N = 440, convergence = 2.3943e-06, initial = spin-up, q = 4truncation error = 2.4652e-05.
set chi to 200
Found record: 260 iterations remaining.
stored to database: 
temperature = 1.1457, chi = 200, N = 440, convergence = 2.4788e-06, initial = spin-up, q = 4truncation error = 1.7822e-05.
set chi to 220
Found record: 220 iterations remaining.
stored to database: 
temperature = 1.1457, chi = 220, N = 440, convergence = 2.6113e-06, initial = spin-up, q = 4truncation error = 1.2923e-05.
set chi to 240
Found record: 80 iterations remaining.
stored to database: 
temperature = 1.1457, chi = 240, N = 440, convergence = 2.8449e-06, initial = spin-up, q = 4truncation error = 1.018e-05.
set chi to 260
Found record: 80 iterations remaining.
stored to database: 
temperature = 1.1457, chi = 260, N = 440, convergence = 2.8408e-06, initial = spin-up, q = 4truncation error = 7.8349e-06.
Found record: 80 iterations remaining.
stored to database: 
temperature = 1.1457, chi = 260, N = 520, convergence = 2.3617e-07, initial = spin-up, q = 4truncation error = 7.8377e-06.
Found record: 420 iterations remaining.
stored to database: 
temperature = 1.1679, chi = 20, N = 440, convergence = 2.3523e-15, initial = spin-up, q = 4truncation error = 0.0014419.
set chi to 40
Found record: 420 iterations remaining.
stored to database: 
temperature = 1.1679, chi = 40, N = 440, convergence = 2.6455e-15, initial = spin-up, q = 4truncation error = 0.00026248.
set chi to 60
Found record: 380 iterations remaining.
stored to database: 
temperature = 1.1679, chi = 60, N = 440, convergence = 7.4607e-13, initial = spin-up, q = 4truncation error = 7.8163e-05.
set chi to 80
Found record: 380 iterations remaining.
stored to database: 
temperature = 1.1679, chi = 80, N = 440, convergence = 6.6082e-15, initial = spin-up, q = 4truncation error = 2.8538e-05.
set chi to 100
Found record: 340 iterations remaining.
stored to database: 
temperature = 1.1679, chi = 100, N = 440, convergence = 5.3482e-15, initial = spin-up, q = 4truncation error = 1.4835e-05.
set chi to 120
Found record: 80 iterations remaining.
stored to database: 
temperature = 1.1679, chi = 120, N = 440, convergence = 5.979e-15, initial = spin-up, q = 4truncation error = 7.1721e-06.
Found record: 80 iterations remaining.
stored to database: 
temperature = 1.1679, chi = 120, N = 520, convergence = 6.1649e-15, initial = spin-up, q = 4truncation error = 7.1721e-06.
Found record: 420 iterations remaining.
stored to database: 
temperature = 1.1901, chi = 20, N = 440, convergence = 2.8068e-15, initial = spin-up, q = 4truncation error = 0.00074839.
set chi to 40
Found record: 420 iterations remaining.
stored to database: 
temperature = 1.1901, chi = 40, N = 440, convergence = 4.133e-15, initial = spin-up, q = 4truncation error = 0.00010261.
set chi to 60
Found record: 380 iterations remaining.
stored to database: 
temperature = 1.1901, chi = 60, N = 440, convergence = 7.1171e-15, initial = spin-up, q = 4truncation error = 2.3751e-05.
set chi to 80
Found record: 80 iterations remaining.
stored to database: 
temperature = 1.1901, chi = 80, N = 440, convergence = 6.6978e-15, initial = spin-up, q = 4truncation error = 8.0356e-06.
Found record: 80 iterations remaining.
stored to database: 
temperature = 1.1901, chi = 80, N = 520, convergence = 6.1086e-15, initial = spin-up, q = 4truncation error = 8.0356e-06.
Found record: 420 iterations remaining.
stored to database: 
temperature = 1.2124, chi = 20, N = 440, convergence = 3.4556e-15, initial = spin-up, q = 4truncation error = 0.0004256.
set chi to 40
Found record: 420 iterations remaining.
stored to database: 
temperature = 1.2124, chi = 40, N = 440, convergence = 4.3841e-15, initial = spin-up, q = 4truncation error = 4.7045e-05.
set chi to 60
Found record: 80 iterations remaining.
stored to database: 
temperature = 1.2124, chi = 60, N = 440, convergence = 3.6715e-15, initial = spin-up, q = 4truncation error = 8.9451e-06.
Found record: 80 iterations remaining.
stored to database: 
temperature = 1.2124, chi = 60, N = 520, convergence = 4.6495e-15, initial = spin-up, q = 4truncation error = 8.9451e-06.
Found record: 420 iterations remaining.
stored to database: 
temperature = 1.2346, chi = 20, N = 440, convergence = 2.2551e-15, initial = spin-up, q = 4truncation error = 0.00025727.
set chi to 40
Found record: 420 iterations remaining.
stored to database: 
temperature = 1.2346, chi = 40, N = 440, convergence = 2.2157e-15, initial = spin-up, q = 4truncation error = 2.3759e-05.
set chi to 60
Found record: 80 iterations remaining.
stored to database: 
temperature = 1.2346, chi = 60, N = 440, convergence = 1.8917e-15, initial = spin-up, q = 4truncation error = 3.825e-06.
Found record: 80 iterations remaining.
stored to database: 
temperature = 1.2346, chi = 60, N = 520, convergence = 2.8925e-15, initial = spin-up, q = 4truncation error = 3.825e-06.

collapse = 

  DataCollapseN with properties:

      truncation_error: 1.000000000000000e-05
                     q: 4
          temperatures: [1x10 double]
    scaling_quantities: [10x2 double]
              N_values: [440 520]
            simulation: [1x1 FixedTruncationErrorSimulation]
        initial_T_crit: 2.269185314213022
          initial_beta: 0.125000000000000
            initial_nu: 1
               results: []


temperatures =

  Columns 1 through 3

   1.034592657106511   1.056814879328733   1.079037101550955

  Columns 4 through 6

   1.101259323773178   1.123481545995400   1.145703768217622

  Columns 7 through 9

   1.167925990439844   1.190148212662067   1.212370434884289

  Column 10

   1.234592657106511


temperatures =

  Columns 1 through 3

   1.034592657106511   1.056814879328733   1.079037101550955

  Columns 4 through 6

   1.101259323773178   1.123481545995400   1.145703768217622

  Columns 7 through 9

   1.167925990439844   1.190148212662067   1.212370434884289

  Column 10

   1.234592657106511


N_values =

   440   520


scaling_quantities =

   0.884332720773248   0.884332720773248
   0.860864158520201   0.860864158520201
   0.829126007942278   0.829126007942277
   0.781323234723800   0.781323234723801
   0.684101925473800   0.684101924326409
   0.001403616233140   0.000362110956660
   0.000000000625734   0.000000000010692
   0.000000000000028   0.000000000000045
   0.000000000000025   0.000000000000028
   0.000000000000020   0.000000000000021


ans = 

    T_crit: 1.132679336006906
      beta: 0.107038123505897
        nu: 1.099999999999911
       mse: 0.003563190735869


ans =

    40    40
    40    40
    40    40
    60    60
   120   120
   260   260
   120   120
    80    80
    60    60
    60    60


ans =

   1.0e-05 *

   0.067601746344893   0.067601746344892
   0.204141712696217   0.204141712696209
   0.689678946041585   0.689678946041598
   0.647642454059186   0.647642454059177
   0.944234311749073   0.944245967860486
   0.783488762995893   0.783771669640504
   0.717209964963155   0.717209964963002
   0.803564689636086   0.803564689636035
   0.894512498864616   0.894512498864603
   0.382503740617455   0.382503740617465

>> 