test
temperature = 1.513630, chi = 16.000000, tolerance = 1e-07, max iterations = 2000000.000000 at 24-Nov-2016 15:08:27.
temperature = -1.221989, chi = 2.000000, tolerance = 1e-07, max iterations = 100000.000000 at 25-Nov-2016 11:58:07.
temperature = 2.269408, chi = 32.000000, tolerance = 1e-07, max iterations = 100000.000000 at 07-Dec-2016 10:25:23.
temperature = 2.269408, chi = 32.000000, tolerance = 1e-07, max iterations = 100000.000000 at 07-Dec-2016 10:31:24.
temperature = 2.269408, chi = 32.000000, tolerance = 1e-07, max iterations = 100000.000000 at 07-Dec-2016 10:41:57.
temperature = 2.269408, chi = 32.000000, tolerance = 1e-07, max iterations = 100000.000000 at 07-Dec-2016 10:52:18.
temperature = 2.269185, chi = 32.000000, tolerance = 1e-15, max iterations = 2000000.000000 at 07-Dec-2016 21:22:46.
temperature = 0.840650, chi = 15.000000, tolerance = 1e-07, max iterations = 10000000.000000 at 23-Jul-2017 12:41:47.
temperature = 0.840650, chi = 15.000000, tolerance = 1e-07, max iterations = 10000000.000000 at 23-Jul-2017 12:41:57.
temperature = 0.840651, chi = 15.000000, tolerance = 1e-07, max iterations = 10000000.000000 at 23-Jul-2017 12:42:09.
temperature = 0.840650, chi = 15.000000, tolerance = 1e-07, max iterations = 10000000.000000 at 23-Jul-2017 12:42:18.
temperature = 0.840651, chi = 15.000000, tolerance = 1e-07, max iterations = 10000000.000000 at 23-Jul-2017 12:42:28.
temperature = 0.840651, chi = 15.000000, tolerance = 1e-07, max iterations = 10000000.000000 at 23-Jul-2017 12:42:38.
temperature = 0.840650, chi = 15.000000, tolerance = 1e-07, max iterations = 10000000.000000 at 23-Jul-2017 12:42:47.
temperature = 0.840650, chi = 15.000000, tolerance = 1e-07, max iterations = 10000000.000000 at 23-Jul-2017 12:42:57.
temperature = 0.840650, chi = 15.000000, tolerance = 1e-07, max iterations = 10000000.000000 at 23-Jul-2017 12:43:35.
temperature = 0.840642, chi = 15.000000, tolerance = 1e-07, max iterations = 10000000.000000 at 23-Jul-2017 12:43:45.
temperature = 0.840641, chi = 15.000000, tolerance = 1e-07, max iterations = 10000000.000000 at 23-Jul-2017 12:43:55.
temperature = 0.840658, chi = 15.000000, tolerance = 1e-07, max iterations = 10000000.000000 at 23-Jul-2017 12:44:05.
temperature = 0.840653, chi = 15.000000, tolerance = 1e-07, max iterations = 10000000.000000 at 23-Jul-2017 12:44:13.
temperature = 0.840653, chi = 15.000000, tolerance = 1e-07, max iterations = 10000000.000000 at 23-Jul-2017 12:44:22.
temperature = 0.840649, chi = 15.000000, tolerance = 1e-07, max iterations = 10000000.000000 at 23-Jul-2017 12:44:32.
temperature = 0.840651, chi = 15.000000, tolerance = 1e-07, max iterations = 10000000.000000 at 23-Jul-2017 12:44:41.
temperature = 0.840650, chi = 15.000000, tolerance = 1e-07, max iterations = 10000000.000000 at 23-Jul-2017 12:45:11.
temperature = 0.840569, chi = 15.000000, tolerance = 1e-07, max iterations = 10000000.000000 at 23-Jul-2017 12:45:20.
temperature = 0.840688, chi = 15.000000, tolerance = 1e-07, max iterations = 10000000.000000 at 23-Jul-2017 12:45:30.
temperature = 0.840579, chi = 15.000000, tolerance = 1e-07, max iterations = 10000000.000000 at 23-Jul-2017 12:45:39.
temperature = 0.840656, chi = 15.000000, tolerance = 1e-07, max iterations = 10000000.000000 at 23-Jul-2017 12:45:49.
temperature = 0.840551, chi = 15.000000, tolerance = 1e-07, max iterations = 10000000.000000 at 23-Jul-2017 12:45:58.
temperature = 0.840635, chi = 15.000000, tolerance = 1e-07, max iterations = 10000000.000000 at 23-Jul-2017 12:46:08.
temperature = 0.840595, chi = 15.000000, tolerance = 1e-07, max iterations = 10000000.000000 at 23-Jul-2017 12:46:20.
temperature = 0.840682, chi = 15.000000, tolerance = 1e-07, max iterations = 10000000.000000 at 23-Jul-2017 12:46:28.
temperature = 0.840651, chi = 15.000000, tolerance = 1e-07, max iterations = 10000000.000000 at 23-Jul-2017 12:46:37.
temperature = 0.840670, chi = 15.000000, tolerance = 1e-07, max iterations = 10000000.000000 at 23-Jul-2017 12:46:47.
temperature = 0.840590, chi = 15.000000, tolerance = 1e-07, max iterations = 10000000.000000 at 23-Jul-2017 12:46:58.
temperature = 0.840650, chi = 15.000000, tolerance = 1e-07, max iterations = 10000000.000000 at 23-Jul-2017 12:47:55.
temperature = 0.840555, chi = 15.000000, tolerance = 1e-07, max iterations = 10000000.000000 at 23-Jul-2017 12:48:05.
temperature = 0.840738, chi = 15.000000, tolerance = 1e-07, max iterations = 10000000.000000 at 23-Jul-2017 12:48:13.
temperature = 0.840690, chi = 15.000000, tolerance = 1e-07, max iterations = 10000000.000000 at 23-Jul-2017 12:48:22.
temperature = 0.840661, chi = 15.000000, tolerance = 1e-07, max iterations = 10000000.000000 at 23-Jul-2017 12:48:31.
temperature = 0.840610, chi = 15.000000, tolerance = 1e-07, max iterations = 10000000.000000 at 23-Jul-2017 12:48:41.
temperature = 0.840559, chi = 15.000000, tolerance = 1e-07, max iterations = 10000000.000000 at 23-Jul-2017 12:48:52.
temperature = 0.840721, chi = 15.000000, tolerance = 1e-07, max iterations = 10000000.000000 at 23-Jul-2017 12:49:01.
temperature = 0.840670, chi = 15.000000, tolerance = 1e-07, max iterations = 10000000.000000 at 23-Jul-2017 12:49:11.
temperature = 0.840554, chi = 15.000000, tolerance = 1e-07, max iterations = 10000000.000000 at 23-Jul-2017 12:49:21.
temperature = 0.840737, chi = 15.000000, tolerance = 1e-07, max iterations = 10000000.000000 at 23-Jul-2017 12:49:30.
temperature = 0.840552, chi = 15.000000, tolerance = 1e-07, max iterations = 10000000.000000 at 23-Jul-2017 12:49:40.
temperature = 0.840650, chi = 15.000000, tolerance = 1e-07, max iterations = 10000000.000000 at 23-Jul-2017 12:49:59.
temperature = 0.840708, chi = 15.000000, tolerance = 1e-07, max iterations = 10000000.000000 at 23-Jul-2017 12:50:08.
temperature = 0.840656, chi = 15.000000, tolerance = 1e-07, max iterations = 10000000.000000 at 23-Jul-2017 12:50:17.
temperature = 0.840609, chi = 15.000000, tolerance = 1e-07, max iterations = 10000000.000000 at 23-Jul-2017 12:50:26.
temperature = 0.784033, chi = 10.000000, tolerance = 1e-06, max iterations = 10000000.000000 at 23-Jul-2017 12:50:54.
temperature = 0.784018, chi = 10.000000, tolerance = 1e-06, max iterations = 10000000.000000 at 23-Jul-2017 12:50:55.
temperature = 0.784042, chi = 10.000000, tolerance = 1e-06, max iterations = 10000000.000000 at 23-Jul-2017 12:50:56.
temperature = 0.783971, chi = 10.000000, tolerance = 1e-06, max iterations = 10000000.000000 at 23-Jul-2017 12:50:56.
temperature = 0.784081, chi = 10.000000, tolerance = 1e-06, max iterations = 10000000.000000 at 23-Jul-2017 12:50:57.
temperature = 0.783975, chi = 10.000000, tolerance = 1e-06, max iterations = 10000000.000000 at 23-Jul-2017 12:50:58.
temperature = 0.783953, chi = 10.000000, tolerance = 1e-06, max iterations = 10000000.000000 at 23-Jul-2017 12:50:58.
temperature = 0.784112, chi = 10.000000, tolerance = 1e-06, max iterations = 10000000.000000 at 23-Jul-2017 12:50:59.
temperature = 0.784097, chi = 10.000000, tolerance = 1e-06, max iterations = 10000000.000000 at 23-Jul-2017 12:51:00.
temperature = 0.784109, chi = 10.000000, tolerance = 1e-06, max iterations = 10000000.000000 at 23-Jul-2017 12:51:00.
temperature = 0.783950, chi = 10.000000, tolerance = 1e-06, max iterations = 10000000.000000 at 23-Jul-2017 12:51:01.
temperature = 0.784073, chi = 10.000000, tolerance = 1e-06, max iterations = 10000000.000000 at 23-Jul-2017 12:51:02.
temperature = 0.783967, chi = 10.000000, tolerance = 1e-06, max iterations = 10000000.000000 at 23-Jul-2017 12:51:02.
temperature = 0.784099, chi = 10.000000, tolerance = 1e-06, max iterations = 10000000.000000 at 23-Jul-2017 12:51:03.
temperature = 0.784078, chi = 10.000000, tolerance = 1e-06, max iterations = 10000000.000000 at 23-Jul-2017 12:51:04.
temperature = 0.784088, chi = 10.000000, tolerance = 1e-06, max iterations = 10000000.000000 at 23-Jul-2017 12:51:04.
temperature = 0.784085, chi = 10.000000, tolerance = 1e-06, max iterations = 10000000.000000 at 23-Jul-2017 12:51:05.
temperature = 0.783944, chi = 10.000000, tolerance = 1e-06, max iterations = 10000000.000000 at 23-Jul-2017 12:51:05.
temperature = 0.784054, chi = 10.000000, tolerance = 1e-06, max iterations = 10000000.000000 at 23-Jul-2017 12:51:06.
temperature = 0.784112, chi = 10.000000, tolerance = 1e-06, max iterations = 10000000.000000 at 23-Jul-2017 12:51:07.
temperature = 0.784036, chi = 10.000000, tolerance = 1e-06, max iterations = 10000000.000000 at 23-Jul-2017 12:51:07.
temperature = 0.784034, chi = 10.000000, tolerance = 1e-06, max iterations = 10000000.000000 at 23-Jul-2017 12:51:08.
temperature = 0.783984, chi = 10.000000, tolerance = 1e-06, max iterations = 10000000.000000 at 23-Jul-2017 12:51:09.
temperature = 0.784127, chi = 10.000000, tolerance = 1e-06, max iterations = 10000000.000000 at 23-Jul-2017 12:51:09.
temperature = 0.784049, chi = 10.000000, tolerance = 1e-06, max iterations = 10000000.000000 at 23-Jul-2017 12:51:10.
temperature = 0.784126, chi = 10.000000, tolerance = 1e-06, max iterations = 10000000.000000 at 23-Jul-2017 12:51:10.
temperature = 0.783941, chi = 10.000000, tolerance = 1e-06, max iterations = 10000000.000000 at 23-Jul-2017 12:51:11.
temperature = 0.783970, chi = 10.000000, tolerance = 1e-06, max iterations = 10000000.000000 at 23-Jul-2017 12:51:12.
temperature = 0.784036, chi = 10.000000, tolerance = 1e-06, max iterations = 10000000.000000 at 23-Jul-2017 12:51:12.
temperature = 0.784061, chi = 10.000000, tolerance = 1e-06, max iterations = 10000000.000000 at 23-Jul-2017 12:51:13.
temperature = 0.784001, chi = 10.000000, tolerance = 1e-06, max iterations = 10000000.000000 at 23-Jul-2017 12:51:14.
temperature = 0.784062, chi = 10.000000, tolerance = 1e-06, max iterations = 10000000.000000 at 23-Jul-2017 12:51:14.
temperature = 0.784004, chi = 10.000000, tolerance = 1e-06, max iterations = 10000000.000000 at 23-Jul-2017 12:51:15.
temperature = 0.784103, chi = 10.000000, tolerance = 1e-06, max iterations = 10000000.000000 at 23-Jul-2017 12:51:16.
temperature = 0.784041, chi = 10.000000, tolerance = 1e-06, max iterations = 10000000.000000 at 23-Jul-2017 12:51:16.
temperature = 0.784067, chi = 10.000000, tolerance = 1e-06, max iterations = 10000000.000000 at 23-Jul-2017 12:51:17.
temperature = 0.783984, chi = 10.000000, tolerance = 1e-06, max iterations = 10000000.000000 at 23-Jul-2017 12:51:18.
temperature = 0.840650, chi = 15.000000, tolerance = 1e-06, max iterations = 10000000.000000 at 23-Jul-2017 12:53:41.
temperature = 0.840559, chi = 15.000000, tolerance = 1e-06, max iterations = 10000000.000000 at 23-Jul-2017 12:53:51.
temperature = 0.840728, chi = 15.000000, tolerance = 1e-06, max iterations = 10000000.000000 at 23-Jul-2017 12:54:01.
temperature = 0.840701, chi = 15.000000, tolerance = 1e-06, max iterations = 10000000.000000 at 23-Jul-2017 12:54:11.
temperature = 0.840711, chi = 15.000000, tolerance = 1e-06, max iterations = 10000000.000000 at 23-Jul-2017 12:54:21.
temperature = 0.840650, chi = 15.000000, tolerance = 1e-07, max iterations = 10000000.000000 at 23-Jul-2017 12:54:49.
temperature = 0.784033, chi = 19.000000, tolerance = 1e-07, max iterations = 10000000.000000 at 23-Jul-2017 12:56:56.
temperature = 0.783963, chi = 19.000000, tolerance = 1e-07, max iterations = 10000000.000000 at 23-Jul-2017 12:56:58.
temperature = 0.783982, chi = 19.000000, tolerance = 1e-07, max iterations = 10000000.000000 at 23-Jul-2017 12:56:59.
temperature = 0.783948, chi = 19.000000, tolerance = 1e-07, max iterations = 10000000.000000 at 23-Jul-2017 12:57:01.
temperature = 0.784103, chi = 19.000000, tolerance = 1e-07, max iterations = 10000000.000000 at 23-Jul-2017 12:57:02.
temperature = 0.783964, chi = 19.000000, tolerance = 1e-07, max iterations = 10000000.000000 at 23-Jul-2017 12:57:03.
temperature = 0.784056, chi = 19.000000, tolerance = 1e-07, max iterations = 10000000.000000 at 23-Jul-2017 12:57:05.
temperature = 0.784038, chi = 19.000000, tolerance = 1e-07, max iterations = 10000000.000000 at 23-Jul-2017 12:57:06.
temperature = 0.783971, chi = 19.000000, tolerance = 1e-07, max iterations = 10000000.000000 at 23-Jul-2017 12:57:08.
temperature = 0.784084, chi = 19.000000, tolerance = 1e-07, max iterations = 10000000.000000 at 23-Jul-2017 12:57:09.
temperature = 0.784056, chi = 19.000000, tolerance = 1e-07, max iterations = 10000000.000000 at 23-Jul-2017 12:57:11.
temperature = 0.783963, chi = 19.000000, tolerance = 1e-07, max iterations = 10000000.000000 at 23-Jul-2017 12:57:12.
temperature = 0.784023, chi = 19.000000, tolerance = 1e-07, max iterations = 10000000.000000 at 23-Jul-2017 12:57:13.
temperature = 0.784069, chi = 19.000000, tolerance = 1e-07, max iterations = 10000000.000000 at 23-Jul-2017 12:57:15.
temperature = 0.784033, chi = 18.000000, tolerance = 1e-07, max iterations = 10000000.000000 at 23-Jul-2017 12:57:21.
temperature = 0.784057, chi = 18.000000, tolerance = 1e-07, max iterations = 10000000.000000 at 23-Jul-2017 12:57:22.
temperature = 0.784121, chi = 18.000000, tolerance = 1e-07, max iterations = 10000000.000000 at 23-Jul-2017 12:57:23.
temperature = 0.835967, chi = 25.000000, tolerance = 1e-07, max iterations = 10000000.000000 at 23-Jul-2017 12:57:35.
temperature = 0.836006, chi = 25.000000, tolerance = 1e-07, max iterations = 10000000.000000 at 23-Jul-2017 12:57:39.
temperature = 0.836063, chi = 25.000000, tolerance = 1e-07, max iterations = 10000000.000000 at 23-Jul-2017 12:57:44.
temperature = 0.835967, chi = 25.000000, tolerance = 5e-07, max iterations = 10000000.000000 at 23-Jul-2017 12:58:08.
temperature = 0.835997, chi = 25.000000, tolerance = 5e-07, max iterations = 10000000.000000 at 23-Jul-2017 12:58:13.
temperature = 0.836064, chi = 25.000000, tolerance = 5e-07, max iterations = 10000000.000000 at 23-Jul-2017 12:58:17.
temperature = 0.835900, chi = 25.000000, tolerance = 5e-07, max iterations = 10000000.000000 at 23-Jul-2017 12:58:22.
temperature = 0.835969, chi = 25.000000, tolerance = 5e-07, max iterations = 10000000.000000 at 23-Jul-2017 12:58:27.
temperature = 0.835993, chi = 25.000000, tolerance = 5e-07, max iterations = 10000000.000000 at 23-Jul-2017 12:58:31.
temperature = 0.836027, chi = 25.000000, tolerance = 5e-07, max iterations = 10000000.000000 at 23-Jul-2017 12:58:36.
temperature = 0.835951, chi = 25.000000, tolerance = 5e-07, max iterations = 10000000.000000 at 23-Jul-2017 12:58:40.
temperature = 0.835878, chi = 25.000000, tolerance = 5e-07, max iterations = 10000000.000000 at 23-Jul-2017 12:58:45.
temperature = 0.835971, chi = 25.000000, tolerance = 5e-07, max iterations = 10000000.000000 at 23-Jul-2017 12:58:50.
temperature = 0.835894, chi = 25.000000, tolerance = 5e-07, max iterations = 10000000.000000 at 23-Jul-2017 12:58:54.
temperature = 0.835941, chi = 25.000000, tolerance = 5e-07, max iterations = 10000000.000000 at 23-Jul-2017 12:58:59.
temperature = 0.836007, chi = 25.000000, tolerance = 5e-07, max iterations = 10000000.000000 at 23-Jul-2017 12:59:04.
temperature = 0.835893, chi = 25.000000, tolerance = 5e-07, max iterations = 10000000.000000 at 23-Jul-2017 12:59:08.
temperature = 0.836025, chi = 25.000000, tolerance = 5e-07, max iterations = 10000000.000000 at 23-Jul-2017 12:59:13.
temperature = 0.835878, chi = 25.000000, tolerance = 5e-07, max iterations = 10000000.000000 at 23-Jul-2017 12:59:18.
