
                            < M A T L A B (R) >
                  Copyright 1984-2015 The MathWorks, Inc.
                   R2015a (8.5.0.197613) 64-bit (glnxa64)
                             February 12, 2015

 
To get started, type one of these: helpwin, helpdesk, or demo.
For product information, visit www.mathworks.com.
 

	Academic License

set chi to 100
Found record: 300 iterations remaining.
stored to database: 
temperature = 2.191, chi = 100, N = 420, convergence = 4.7272e-16, initial = spin-up, q = 2
 
 Func-count     x          f(x)         Procedure
    1        2.19098   -0.0296892        initial
set chi to 100
Found record: 300 iterations remaining.
stored to database: 
temperature = 2.309, chi = 100, N = 420, convergence = 1.0077e-09, initial = spin-up, q = 2
    2        2.30902    -0.179089        golden
set chi to 100
Found record: 300 iterations remaining.
stored to database: 
temperature = 2.382, chi = 100, N = 420, convergence = 2.2038e-14, initial = spin-up, q = 2
    3        2.38197    -0.131566        golden
set chi to 100
Did not find record
stored to database: 
temperature = 2.313, chi = 100, N = 420, convergence = 2.4144e-10, initial = spin-up, q = 2
    4        2.31304    -0.174915        parabolic
set chi to 100
Found record: 320 iterations remaining.
stored to database: 
temperature = 2.2639, chi = 100, N = 420, convergence = 0.00025194, initial = spin-up, q = 2
    5        2.26393    -0.112635        golden
set chi to 100
Found record: 320 iterations remaining.
stored to database: 
temperature = 2.2918, chi = 100, N = 420, convergence = 2.3852e-06, initial = spin-up, q = 2
    6         2.2918    -0.202859        golden
set chi to 100
Did not find record
stored to database: 
temperature = 2.2812, chi = 100, N = 420, convergence = 0.00019251, initial = spin-up, q = 2
    7        2.28115    -0.227305        golden
set chi to 100
Did not find record
stored to database: 
temperature = 2.2746, chi = 100, N = 420, convergence = 0.0012044, initial = spin-up, q = 2
    8        2.27458    -0.227256        golden
set chi to 100
Did not find record
stored to database: 
temperature = 2.2779, chi = 100, N = 420, convergence = 0.00058135, initial = spin-up, q = 2
    9        2.27789    -0.234283        parabolic
set chi to 100
Did not find record
stored to database: 
temperature = 2.2779, chi = 100, N = 420, convergence = 0.00058515, initial = spin-up, q = 2
   10        2.27787    -0.234305        parabolic
set chi to 100
Did not find record
stored to database: 
temperature = 2.2765, chi = 100, N = 420, convergence = 0.00085164, initial = spin-up, q = 2
   11        2.27645    -0.234199        parabolic
set chi to 100
Did not find record
stored to database: 
temperature = 2.2773, chi = 100, N = 420, convergence = 0.00068193, initial = spin-up, q = 2
   12        2.27733    -0.234646        golden
set chi to 100
Did not find record
stored to database: 
temperature = 2.2771, chi = 100, N = 420, convergence = 0.00072193, initial = spin-up, q = 2
   13        2.27712    -0.234662        parabolic
set chi to 100
Did not find record
stored to database: 
temperature = 2.2772, chi = 100, N = 420, convergence = 0.00071186, initial = spin-up, q = 2
   14        2.27717    -0.234665        parabolic
set chi to 100
Did not find record
stored to database: 
temperature = 2.2772, chi = 100, N = 420, convergence = 0.00071092, initial = spin-up, q = 2
   15        2.27717    -0.234665        parabolic
set chi to 100
Did not find record
stored to database: 
temperature = 2.2772, chi = 100, N = 420, convergence = 0.00071104, initial = spin-up, q = 2
   16        2.27717    -0.234665        parabolic
set chi to 100
Did not find record
stored to database: 
temperature = 2.2772, chi = 100, N = 420, convergence = 0.00071111, initial = spin-up, q = 2
   17        2.27717    -0.234665        parabolic
 
Optimization terminated:
 the current x satisfies the termination criteria using OPTIONS.TolX of 1.000000e-06 

Found record: 0 iterations remaining.
set chi to 100
Found record: 20 iterations remaining.
stored to database: 
temperature = 2.191, chi = 100, N = 440, convergence = 9.3711e-16, initial = spin-up, q = 2
 
 Func-count     x          f(x)         Procedure
    1        2.19098   -0.0296892        initial
set chi to 100
Found record: 20 iterations remaining.
stored to database: 
temperature = 2.309, chi = 100, N = 440, convergence = 4.5904e-10, initial = spin-up, q = 2
    2        2.30902    -0.179089        golden
set chi to 100
Found record: 20 iterations remaining.
stored to database: 
temperature = 2.382, chi = 100, N = 440, convergence = 1.0839e-14, initial = spin-up, q = 2
    3        2.38197    -0.131566        golden
set chi to 100
Did not find record
stored to database: 
temperature = 2.313, chi = 100, N = 440, convergence = 1.1774e-10, initial = spin-up, q = 2
    4        2.31304    -0.174915        parabolic
set chi to 100
Found record: 20 iterations remaining.
stored to database: 
temperature = 2.2639, chi = 100, N = 440, convergence = 0.00022278, initial = spin-up, q = 2
    5        2.26393    -0.112736        golden
set chi to 100
Found record: 20 iterations remaining.
stored to database: 
temperature = 2.2918, chi = 100, N = 440, convergence = 1.3534e-06, initial = spin-up, q = 2
    6         2.2918    -0.202859        golden
set chi to 100
Found record: 20 iterations remaining.
stored to database: 
temperature = 2.2812, chi = 100, N = 440, convergence = 0.00014881, initial = spin-up, q = 2
    7        2.28115    -0.227594        golden
set chi to 100
Found record: 20 iterations remaining.
stored to database: 
temperature = 2.2746, chi = 100, N = 440, convergence = 0.0011163, initial = spin-up, q = 2
    8        2.27458    -0.230538        golden
set chi to 100
Did not find record
stored to database: 
temperature = 2.2758, chi = 100, N = 440, convergence = 0.0008805, initial = spin-up, q = 2
    9        2.27581    -0.235412        parabolic
set chi to 100
Did not find record
stored to database: 
temperature = 2.2776, chi = 100, N = 440, convergence = 0.00054197, initial = spin-up, q = 2
   10        2.27759    -0.235967        parabolic
set chi to 100
Did not find record
stored to database: 
temperature = 2.279, chi = 100, N = 440, convergence = 0.00034455, initial = spin-up, q = 2
   11        2.27895    -0.233477        golden
set chi to 100
Did not find record
stored to database: 
temperature = 2.2769, chi = 100, N = 440, convergence = 0.00066022, initial = spin-up, q = 2
   12        2.27693    -0.236436        parabolic
set chi to 100
Did not find record
stored to database: 
temperature = 2.2769, chi = 100, N = 440, convergence = 0.00067104, initial = spin-up, q = 2
   13        2.27687    -0.236444        parabolic
set chi to 100
Did not find record
stored to database: 
temperature = 2.2768, chi = 100, N = 440, convergence = 0.00068365, initial = spin-up, q = 2
   14        2.27681    -0.236447        parabolic
set chi to 100
Did not find record
stored to database: 
temperature = 2.2768, chi = 100, N = 440, convergence = 0.00068167, initial = spin-up, q = 2
   15        2.27682    -0.236447        parabolic
set chi to 100
Did not find record
stored to database: 
temperature = 2.2768, chi = 100, N = 440, convergence = 0.0006816, initial = spin-up, q = 2
   16        2.27682    -0.236447        parabolic
set chi to 100
Did not find record
stored to database: 
temperature = 2.2768, chi = 100, N = 440, convergence = 0.00068153, initial = spin-up, q = 2
   17        2.27682    -0.236447        parabolic
 
Optimization terminated:
 the current x satisfies the termination criteria using OPTIONS.TolX of 1.000000e-06 

Found record: 0 iterations remaining.
set chi to 100
Found record: 20 iterations remaining.
stored to database: 
temperature = 2.191, chi = 100, N = 460, convergence = 3.2978e-16, initial = spin-up, q = 2
 
 Func-count     x          f(x)         Procedure
    1        2.19098   -0.0296892        initial
set chi to 100
Found record: 20 iterations remaining.
stored to database: 
temperature = 2.309, chi = 100, N = 460, convergence = 2.1968e-10, initial = spin-up, q = 2
    2        2.30902    -0.179089        golden
set chi to 100
Found record: 20 iterations remaining.
stored to database: 
temperature = 2.382, chi = 100, N = 460, convergence = 5.8115e-15, initial = spin-up, q = 2
    3        2.38197    -0.131566        golden
set chi to 100
Did not find record
stored to database: 
temperature = 2.313, chi = 100, N = 460, convergence = 5.9324e-11, initial = spin-up, q = 2
    4        2.31304    -0.174915        parabolic
set chi to 100
Found record: 20 iterations remaining.
stored to database: 
temperature = 2.2639, chi = 100, N = 460, convergence = 0.00019711, initial = spin-up, q = 2
    5        2.26393    -0.112819        golden
set chi to 100
Found record: 20 iterations remaining.
stored to database: 
temperature = 2.2918, chi = 100, N = 460, convergence = 7.7531e-07, initial = spin-up, q = 2
    6         2.2918     -0.20286        golden
set chi to 100
Found record: 20 iterations remaining.
stored to database: 
temperature = 2.2812, chi = 100, N = 460, convergence = 0.00011522, initial = spin-up, q = 2
    7        2.28115    -0.227801        golden
set chi to 100
Found record: 20 iterations remaining.
stored to database: 
temperature = 2.2746, chi = 100, N = 460, convergence = 0.0010324, initial = spin-up, q = 2
    8        2.27458     -0.23355        golden
set chi to 100
Did not find record
stored to database: 
temperature = 2.2727, chi = 100, N = 460, convergence = 0.0012632, initial = spin-up, q = 2
    9        2.27274    -0.217788        parabolic
set chi to 100
Did not find record
stored to database: 
temperature = 2.2775, chi = 100, N = 460, convergence = 0.00047999, initial = spin-up, q = 2
   10        2.27748    -0.237331        parabolic
set chi to 100
Did not find record
stored to database: 
temperature = 2.2771, chi = 100, N = 460, convergence = 0.00053851, initial = spin-up, q = 2
   11        2.27713    -0.237788        parabolic
set chi to 100
Did not find record
stored to database: 
temperature = 2.2767, chi = 100, N = 460, convergence = 0.00062198, initial = spin-up, q = 2
   12        2.27666    -0.238118        parabolic
set chi to 100
Did not find record
stored to database: 
temperature = 2.2759, chi = 100, N = 460, convergence = 0.00077776, initial = spin-up, q = 2
   13        2.27587     -0.23773        golden
set chi to 100
Did not find record
stored to database: 
temperature = 2.2765, chi = 100, N = 460, convergence = 0.00064893, initial = spin-up, q = 2
   14        2.27652    -0.238146        parabolic
set chi to 100
Did not find record
stored to database: 
temperature = 2.2765, chi = 100, N = 460, convergence = 0.00065671, initial = spin-up, q = 2
   15        2.27648    -0.238146        parabolic
set chi to 100
Did not find record
stored to database: 
temperature = 2.2765, chi = 100, N = 460, convergence = 0.00065467, initial = spin-up, q = 2
   16        2.27649    -0.238146        parabolic
set chi to 100
Did not find record
stored to database: 
temperature = 2.2765, chi = 100, N = 460, convergence = 0.0006546, initial = spin-up, q = 2
   17        2.27649    -0.238146        parabolic
set chi to 100
Did not find record
stored to database: 
temperature = 2.2765, chi = 100, N = 460, convergence = 0.00065453, initial = spin-up, q = 2
   18        2.27649    -0.238146        parabolic
 
Optimization terminated:
 the current x satisfies the termination criteria using OPTIONS.TolX of 1.000000e-06 

Found record: 0 iterations remaining.
set chi to 100
Found record: 20 iterations remaining.
stored to database: 
temperature = 2.191, chi = 100, N = 480, convergence = 5.2214e-16, initial = spin-up, q = 2
 
 Func-count     x          f(x)         Procedure
    1        2.19098   -0.0296892        initial
set chi to 100
Found record: 20 iterations remaining.
stored to database: 
temperature = 2.309, chi = 100, N = 480, convergence = 1.0952e-10, initial = spin-up, q = 2
    2        2.30902    -0.179089        golden
set chi to 100
Found record: 20 iterations remaining.
stored to database: 
temperature = 2.382, chi = 100, N = 480, convergence = 3.2422e-15, initial = spin-up, q = 2
    3        2.38197    -0.131566        golden
set chi to 100
Did not find record
stored to database: 
temperature = 2.313, chi = 100, N = 480, convergence = 3.0481e-11, initial = spin-up, q = 2
    4        2.31304    -0.174915        parabolic
set chi to 100
Found record: 20 iterations remaining.
stored to database: 
temperature = 2.2639, chi = 100, N = 480, convergence = 0.00017448, initial = spin-up, q = 2
    5        2.26393    -0.112887        golden
set chi to 100
Found record: 20 iterations remaining.
stored to database: 
temperature = 2.2918, chi = 100, N = 480, convergence = 4.5088e-07, initial = spin-up, q = 2
    6         2.2918     -0.20286        golden
set chi to 100
Found record: 20 iterations remaining.
stored to database: 
temperature = 2.2812, chi = 100, N = 480, convergence = 8.8208e-05, initial = spin-up, q = 2
    7        2.28115    -0.227949        golden
set chi to 100
Found record: 20 iterations remaining.
stored to database: 
temperature = 2.2746, chi = 100, N = 480, convergence = 0.00095272, initial = spin-up, q = 2
    8        2.27458    -0.236304        golden
set chi to 100
Did not find record
stored to database: 
temperature = 2.2678, chi = 100, N = 480, convergence = 0.00064569, initial = spin-up, q = 2
    9        2.26781    -0.148038        parabolic
set chi to 100
Did not find record
stored to database: 
temperature = 2.272, chi = 100, N = 480, convergence = 0.0012304, initial = spin-up, q = 2
   10        2.27199    -0.211313        golden
set chi to 100
Did not find record
stored to database: 
temperature = 2.2773, chi = 100, N = 480, convergence = 0.00043059, initial = spin-up, q = 2
   11        2.27733    -0.238622        parabolic
set chi to 100
Did not find record
stored to database: 
temperature = 2.2767, chi = 100, N = 480, convergence = 0.00053298, initial = spin-up, q = 2
   12        2.27671    -0.239503        parabolic
set chi to 100
Did not find record
stored to database: 
temperature = 2.2764, chi = 100, N = 480, convergence = 0.00059953, initial = spin-up, q = 2
   13        2.27635    -0.239744        parabolic
set chi to 100
Did not find record
stored to database: 
temperature = 2.2761, chi = 100, N = 480, convergence = 0.00064584, initial = spin-up, q = 2
   14        2.27611    -0.239763        parabolic
set chi to 100
Did not find record
stored to database: 
temperature = 2.2762, chi = 100, N = 480, convergence = 0.00063022, initial = spin-up, q = 2
   15        2.27619    -0.239771        parabolic
set chi to 100
Did not find record
stored to database: 
temperature = 2.2762, chi = 100, N = 480, convergence = 0.0006296, initial = spin-up, q = 2
   16        2.27619    -0.239771        parabolic
set chi to 100
Did not find record
stored to database: 
temperature = 2.2762, chi = 100, N = 480, convergence = 0.0006298, initial = spin-up, q = 2
   17        2.27619    -0.239771        parabolic
set chi to 100
Did not find record
stored to database: 
temperature = 2.2762, chi = 100, N = 480, convergence = 0.00062973, initial = spin-up, q = 2
   18        2.27619    -0.239771        parabolic
set chi to 100
Did not find record
stored to database: 
temperature = 2.2762, chi = 100, N = 480, convergence = 0.00062987, initial = spin-up, q = 2
   19        2.27619    -0.239771        parabolic
 
Optimization terminated:
 the current x satisfies the termination criteria using OPTIONS.TolX of 1.000000e-06 

Found record: 0 iterations remaining.
set chi to 100
Found record: 20 iterations remaining.
stored to database: 
temperature = 2.191, chi = 100, N = 500, convergence = 5.2341e-16, initial = spin-up, q = 2
 
 Func-count     x          f(x)         Procedure
    1        2.19098   -0.0296892        initial
set chi to 100
Found record: 20 iterations remaining.
stored to database: 
temperature = 2.309, chi = 100, N = 500, convergence = 5.5852e-11, initial = spin-up, q = 2
    2        2.30902    -0.179089        golden
set chi to 100
Found record: 20 iterations remaining.
stored to database: 
temperature = 2.382, chi = 100, N = 500, convergence = 2.1668e-15, initial = spin-up, q = 2
    3        2.38197    -0.131566        golden
set chi to 100
Did not find record
stored to database: 
temperature = 2.313, chi = 100, N = 500, convergence = 1.5828e-11, initial = spin-up, q = 2
    4        2.31304    -0.174915        parabolic
set chi to 100
Found record: 20 iterations remaining.
stored to database: 
temperature = 2.2639, chi = 100, N = 500, convergence = 0.00015532, initial = spin-up, q = 2
    5        2.26393    -0.112943        golden
set chi to 100
Found record: 20 iterations remaining.
stored to database: 
temperature = 2.2918, chi = 100, N = 500, convergence = 2.6535e-07, initial = spin-up, q = 2
    6         2.2918     -0.20286        golden
set chi to 100
Found record: 20 iterations remaining.
stored to database: 
temperature = 2.2812, chi = 100, N = 500, convergence = 6.7467e-05, initial = spin-up, q = 2
    7        2.28115    -0.228055        golden
set chi to 100
Found record: 20 iterations remaining.
stored to database: 
temperature = 2.2746, chi = 100, N = 500, convergence = 0.00087716, initial = spin-up, q = 2
    8        2.27458    -0.238811        golden
set chi to 100
Did not find record
stored to database: 
temperature = 2.2705, chi = 100, N = 500, convergence = 0.0010851, initial = spin-up, q = 2
    9        2.27051     -0.19069        golden
set chi to 100
Did not find record
stored to database: 
temperature = 2.2771, chi = 100, N = 500, convergence = 0.00040289, initial = spin-up, q = 2
   10        2.27709     -0.24003        golden
set chi to 100
Did not find record
stored to database: 
temperature = 2.2763, chi = 100, N = 500, convergence = 0.00053533, initial = spin-up, q = 2
   11         2.2763    -0.241169        parabolic
set chi to 100
Did not find record
stored to database: 
temperature = 2.276, chi = 100, N = 500, convergence = 0.00058143, initial = spin-up, q = 2
   12        2.27605    -0.241306        parabolic
set chi to 100
Did not find record
stored to database: 
temperature = 2.2759, chi = 100, N = 500, convergence = 0.00061946, initial = spin-up, q = 2
   13        2.27585    -0.241321        parabolic
set chi to 100
Did not find record
stored to database: 
temperature = 2.2759, chi = 100, N = 500, convergence = 0.00060715, initial = spin-up, q = 2
   14        2.27591    -0.241326        parabolic
set chi to 100
Did not find record
stored to database: 
temperature = 2.2759, chi = 100, N = 500, convergence = 0.00060673, initial = spin-up, q = 2
   15        2.27592    -0.241326        parabolic
set chi to 100
Did not find record
stored to database: 
temperature = 2.2759, chi = 100, N = 500, convergence = 0.00060687, initial = spin-up, q = 2
   16        2.27592    -0.241326        parabolic
set chi to 100
Did not find record
stored to database: 
temperature = 2.2759, chi = 100, N = 500, convergence = 0.00060694, initial = spin-up, q = 2
   17        2.27591    -0.241326        parabolic
 
Optimization terminated:
 the current x satisfies the termination criteria using OPTIONS.TolX of 1.000000e-06 

Found record: 0 iterations remaining.
set chi to 100
Found record: 20 iterations remaining.
stored to database: 
temperature = 2.191, chi = 100, N = 520, convergence = 5.8595e-16, initial = spin-up, q = 2
 
 Func-count     x          f(x)         Procedure
    1        2.19098   -0.0296892        initial
set chi to 100
Found record: 20 iterations remaining.
stored to database: 
temperature = 2.309, chi = 100, N = 520, convergence = 2.8941e-11, initial = spin-up, q = 2
    2        2.30902    -0.179089        golden
set chi to 100
Found record: 20 iterations remaining.
stored to database: 
temperature = 2.382, chi = 100, N = 520, convergence = 1.0141e-15, initial = spin-up, q = 2
    3        2.38197    -0.131566        golden
set chi to 100
Found record: 20 iterations remaining.
stored to database: 
temperature = 2.313, chi = 100, N = 520, convergence = 8.2702e-12, initial = spin-up, q = 2
    4        2.31304    -0.174915        parabolic
set chi to 100
Found record: 20 iterations remaining.
stored to database: 
temperature = 2.2639, chi = 100, N = 520, convergence = 0.00013708, initial = spin-up, q = 2
    5        2.26393    -0.112989        golden
set chi to 100
Found record: 20 iterations remaining.
stored to database: 
temperature = 2.2918, chi = 100, N = 520, convergence = 1.5566e-07, initial = spin-up, q = 2
    6         2.2918     -0.20286        golden
set chi to 100
Found record: 20 iterations remaining.
stored to database: 
temperature = 2.2812, chi = 100, N = 520, convergence = 5.4644e-05, initial = spin-up, q = 2
    7        2.28115     -0.22813        golden
set chi to 100
Found record: 20 iterations remaining.
stored to database: 
temperature = 2.2746, chi = 100, N = 520, convergence = 0.00080577, initial = spin-up, q = 2
    8        2.27458    -0.241087        golden
set chi to 100
Found record: 20 iterations remaining.
stored to database: 
temperature = 2.2705, chi = 100, N = 520, convergence = 0.0010555, initial = spin-up, q = 2
    9        2.27051    -0.193015        golden
set chi to 100
Found record: 20 iterations remaining.
stored to database: 
temperature = 2.2771, chi = 100, N = 520, convergence = 0.0003447, initial = spin-up, q = 2
   10        2.27709    -0.240853        golden
set chi to 100
Did not find record
stored to database: 
temperature = 2.2757, chi = 100, N = 520, convergence = 0.0005721, initial = spin-up, q = 2
   11        2.27573    -0.242812        parabolic
set chi to 100
Did not find record
stored to database: 
temperature = 2.2758, chi = 100, N = 520, convergence = 0.00056044, initial = spin-up, q = 2
   12        2.27579    -0.242797        parabolic
set chi to 100
Did not find record
stored to database: 
temperature = 2.2757, chi = 100, N = 520, convergence = 0.00058262, initial = spin-up, q = 2
   13        2.27568    -0.242818        parabolic
set chi to 100
Did not find record
stored to database: 
temperature = 2.2757, chi = 100, N = 520, convergence = 0.00058583, initial = spin-up, q = 2
   14        2.27566    -0.242818        parabolic
set chi to 100
Did not find record
stored to database: 
temperature = 2.2757, chi = 100, N = 520, convergence = 0.00058564, initial = spin-up, q = 2
   15        2.27566    -0.242818        parabolic
set chi to 100
Did not find record
stored to database: 
temperature = 2.2757, chi = 100, N = 520, convergence = 0.00058557, initial = spin-up, q = 2
   16        2.27566    -0.242818        parabolic
set chi to 100
Did not find record
stored to database: 
temperature = 2.2757, chi = 100, N = 520, convergence = 0.00058571, initial = spin-up, q = 2
   17        2.27566    -0.242818        parabolic
 
Optimization terminated:
 the current x satisfies the termination criteria using OPTIONS.TolX of 1.000000e-06 

Found record: 0 iterations remaining.
set chi to 100
Found record: 20 iterations remaining.
stored to database: 
temperature = 2.191, chi = 100, N = 540, convergence = 4.5808e-16, initial = spin-up, q = 2
 
 Func-count     x          f(x)         Procedure
    1        2.19098   -0.0296892        initial
set chi to 100
Found record: 20 iterations remaining.
stored to database: 
temperature = 2.309, chi = 100, N = 540, convergence = 1.5164e-11, initial = spin-up, q = 2
    2        2.30902    -0.179089        golden
set chi to 100
Found record: 20 iterations remaining.
stored to database: 
temperature = 2.382, chi = 100, N = 540, convergence = 1.3227e-15, initial = spin-up, q = 2
    3        2.38197    -0.131566        golden
set chi to 100
Found record: 20 iterations remaining.
stored to database: 
temperature = 2.313, chi = 100, N = 540, convergence = 4.3381e-12, initial = spin-up, q = 2
    4        2.31304    -0.174915        parabolic
set chi to 100
Found record: 20 iterations remaining.
stored to database: 
temperature = 2.2639, chi = 100, N = 540, convergence = 0.00012138, initial = spin-up, q = 2
    5        2.26393    -0.113027        golden
set chi to 100
Found record: 20 iterations remaining.
stored to database: 
temperature = 2.2918, chi = 100, N = 540, convergence = 9.0623e-08, initial = spin-up, q = 2
    6         2.2918     -0.20286        golden
set chi to 100
Found record: 20 iterations remaining.
stored to database: 
temperature = 2.2812, chi = 100, N = 540, convergence = 4.0139e-05, initial = spin-up, q = 2
    7        2.28115    -0.228183        golden
set chi to 100
Found record: 20 iterations remaining.
stored to database: 
temperature = 2.2746, chi = 100, N = 540, convergence = 0.00073854, initial = spin-up, q = 2
    8        2.27458    -0.243144        golden
set chi to 100
Found record: 20 iterations remaining.
stored to database: 
temperature = 2.2705, chi = 100, N = 540, convergence = 0.0010277, initial = spin-up, q = 2
    9        2.27051    -0.195285        golden
set chi to 100
Found record: 20 iterations remaining.
stored to database: 
temperature = 2.2771, chi = 100, N = 540, convergence = 0.00029412, initial = spin-up, q = 2
   10        2.27709    -0.241529        golden
set chi to 100
Did not find record
stored to database: 
temperature = 2.275, chi = 100, N = 540, convergence = 0.00064463, initial = spin-up, q = 2
   11        2.27503     -0.24403        parabolic
set chi to 100
Did not find record
stored to database: 
temperature = 2.2756, chi = 100, N = 540, convergence = 0.00053667, initial = spin-up, q = 2
   12        2.27558    -0.244222        parabolic
set chi to 100
Did not find record
stored to database: 
temperature = 2.2754, chi = 100, N = 540, convergence = 0.00056804, initial = spin-up, q = 2
   13        2.27541    -0.244252        parabolic
set chi to 100
Did not find record
stored to database: 
temperature = 2.2754, chi = 100, N = 540, convergence = 0.00056495, initial = spin-up, q = 2
   14        2.27543    -0.244252        parabolic
set chi to 100
Did not find record
stored to database: 
temperature = 2.2754, chi = 100, N = 540, convergence = 0.00056587, initial = spin-up, q = 2
   15        2.27542    -0.244252        parabolic
set chi to 100
Did not find record
stored to database: 
temperature = 2.2754, chi = 100, N = 540, convergence = 0.00056594, initial = spin-up, q = 2
   16        2.27542    -0.244252        parabolic
set chi to 100
Did not find record
stored to database: 
temperature = 2.2754, chi = 100, N = 540, convergence = 0.0005658, initial = spin-up, q = 2
   17        2.27542    -0.244252        parabolic
 
Optimization terminated:
 the current x satisfies the termination criteria using OPTIONS.TolX of 1.000000e-06 

Found record: 0 iterations remaining.
set chi to 100
Found record: 20 iterations remaining.
stored to database: 
temperature = 2.191, chi = 100, N = 560, convergence = 8.1142e-16, initial = spin-up, q = 2
 
 Func-count     x          f(x)         Procedure
    1        2.19098   -0.0296892        initial
set chi to 100
Found record: 20 iterations remaining.
stored to database: 
temperature = 2.309, chi = 100, N = 560, convergence = 8.0173e-12, initial = spin-up, q = 2
    2        2.30902    -0.179089        golden
set chi to 100
Found record: 20 iterations remaining.
stored to database: 
temperature = 2.382, chi = 100, N = 560, convergence = 1.0847e-15, initial = spin-up, q = 2
    3        2.38197    -0.131566        golden
set chi to 100
Did not find record
stored to database: 
temperature = 2.313, chi = 100, N = 560, convergence = 2.2801e-12, initial = spin-up, q = 2
    4        2.31304    -0.174915        parabolic
set chi to 100
Found record: 20 iterations remaining.
stored to database: 
temperature = 2.2639, chi = 100, N = 560, convergence = 0.00010754, initial = spin-up, q = 2
    5        2.26393    -0.113058        golden
set chi to 100
Found record: 20 iterations remaining.
stored to database: 
temperature = 2.2918, chi = 100, N = 560, convergence = 5.2535e-08, initial = spin-up, q = 2
    6         2.2918     -0.20286        golden
set chi to 100
Found record: 20 iterations remaining.
stored to database: 
temperature = 2.2812, chi = 100, N = 560, convergence = 3.034e-05, initial = spin-up, q = 2
    7        2.28115     -0.22822        golden
set chi to 100
Found record: 20 iterations remaining.
stored to database: 
temperature = 2.2746, chi = 100, N = 560, convergence = 0.00067542, initial = spin-up, q = 2
    8        2.27458    -0.244997        golden
set chi to 100
Found record: 20 iterations remaining.
stored to database: 
temperature = 2.2705, chi = 100, N = 560, convergence = 0.0010016, initial = spin-up, q = 2
    9        2.27051    -0.197506        golden
set chi to 100
Found record: 20 iterations remaining.
stored to database: 
temperature = 2.2771, chi = 100, N = 560, convergence = 0.00025081, initial = spin-up, q = 2
   10        2.27709    -0.242081        golden
set chi to 100
Did not find record
stored to database: 
temperature = 2.2741, chi = 100, N = 560, convergence = 0.00076683, initial = spin-up, q = 2
   11        2.27413    -0.243664        parabolic
set chi to 100
Did not find record
stored to database: 
temperature = 2.2754, chi = 100, N = 560, convergence = 0.00050574, initial = spin-up, q = 2
   12        2.27542    -0.245567        parabolic
set chi to 100
Did not find record
stored to database: 
temperature = 2.2761, chi = 100, N = 560, convergence = 0.00039362, initial = spin-up, q = 2
   13        2.27606    -0.244743        golden
set chi to 100
Did not find record
stored to database: 
temperature = 2.2753, chi = 100, N = 560, convergence = 0.00053832, initial = spin-up, q = 2
   14        2.27525    -0.245628        parabolic
set chi to 100
Did not find record
stored to database: 
temperature = 2.2752, chi = 100, N = 560, convergence = 0.00054487, initial = spin-up, q = 2
   15        2.27522    -0.245631        parabolic
set chi to 100
Did not find record
stored to database: 
temperature = 2.2752, chi = 100, N = 560, convergence = 0.00054774, initial = spin-up, q = 2
   16         2.2752    -0.245631        parabolic
set chi to 100
Did not find record
stored to database: 
temperature = 2.2752, chi = 100, N = 560, convergence = 0.0005475, initial = spin-up, q = 2
   17         2.2752    -0.245631        parabolic
set chi to 100
Did not find record
stored to database: 
temperature = 2.2752, chi = 100, N = 560, convergence = 0.00054743, initial = spin-up, q = 2
   18        2.27521    -0.245631        parabolic
set chi to 100
Did not find record
stored to database: 
temperature = 2.2752, chi = 100, N = 560, convergence = 0.00054757, initial = spin-up, q = 2
   19         2.2752    -0.245631        parabolic
 
Optimization terminated:
 the current x satisfies the termination criteria using OPTIONS.TolX of 1.000000e-06 

Found record: 0 iterations remaining.
set chi to 100
Found record: 20 iterations remaining.
stored to database: 
temperature = 2.191, chi = 100, N = 580, convergence = 7.6665e-16, initial = spin-up, q = 2
 
 Func-count     x          f(x)         Procedure
    1        2.19098   -0.0296892        initial
set chi to 100
Found record: 20 iterations remaining.
stored to database: 
temperature = 2.309, chi = 100, N = 580, convergence = 4.2543e-12, initial = spin-up, q = 2
    2        2.30902    -0.179089        golden
set chi to 100
Found record: 20 iterations remaining.
stored to database: 
temperature = 2.382, chi = 100, N = 580, convergence = 4.5764e-16, initial = spin-up, q = 2
    3        2.38197    -0.131566        golden
set chi to 100
Found record: 20 iterations remaining.
stored to database: 
temperature = 2.313, chi = 100, N = 580, convergence = 1.2e-12, initial = spin-up, q = 2
    4        2.31304    -0.174915        parabolic
set chi to 100
Found record: 20 iterations remaining.
stored to database: 
temperature = 2.2639, chi = 100, N = 580, convergence = 9.5293e-05, initial = spin-up, q = 2
    5        2.26393    -0.113084        golden
set chi to 100
Found record: 20 iterations remaining.
stored to database: 
temperature = 2.2918, chi = 100, N = 580, convergence = 3.0636e-08, initial = spin-up, q = 2
    6         2.2918     -0.20286        golden
set chi to 100
Found record: 20 iterations remaining.
stored to database: 
temperature = 2.2812, chi = 100, N = 580, convergence = 2.2957e-05, initial = spin-up, q = 2
    7        2.28115    -0.228246        golden
set chi to 100
Found record: 20 iterations remaining.
stored to database: 
temperature = 2.2746, chi = 100, N = 580, convergence = 0.00061638, initial = spin-up, q = 2
    8        2.27458    -0.246661        golden
set chi to 100
Found record: 20 iterations remaining.
stored to database: 
temperature = 2.2705, chi = 100, N = 580, convergence = 0.00097704, initial = spin-up, q = 2
    9        2.27051    -0.199679        golden
set chi to 100
Found record: 20 iterations remaining.
stored to database: 
temperature = 2.2771, chi = 100, N = 580, convergence = 0.00021283, initial = spin-up, q = 2
   10        2.27709    -0.242532        golden
set chi to 100
Did not find record
stored to database: 
temperature = 2.2729, chi = 100, N = 580, convergence = 0.00093352, initial = spin-up, q = 2
   11        2.27294     -0.23798        parabolic
set chi to 100
Did not find record
stored to database: 
temperature = 2.2753, chi = 100, N = 580, convergence = 0.00046518, initial = spin-up, q = 2
   12        2.27534    -0.246794        parabolic
set chi to 100
Did not find record
stored to database: 
temperature = 2.275, chi = 100, N = 580, convergence = 0.00052223, initial = spin-up, q = 2
   13        2.27504    -0.246958        parabolic
set chi to 100
Did not find record
stored to database: 
temperature = 2.275, chi = 100, N = 580, convergence = 0.00052758, initial = spin-up, q = 2
   14        2.27501    -0.246961        parabolic
set chi to 100
Did not find record
stored to database: 
temperature = 2.275, chi = 100, N = 580, convergence = 0.00053068, initial = spin-up, q = 2
   15          2.275    -0.246961        parabolic
set chi to 100
Did not find record
stored to database: 
temperature = 2.275, chi = 100, N = 580, convergence = 0.00053031, initial = spin-up, q = 2
   16          2.275    -0.246961        parabolic
set chi to 100
Did not find record
stored to database: 
temperature = 2.275, chi = 100, N = 580, convergence = 0.00053024, initial = spin-up, q = 2
   17          2.275    -0.246961        parabolic
set chi to 100
Did not find record
stored to database: 
temperature = 2.275, chi = 100, N = 580, convergence = 0.00053039, initial = spin-up, q = 2
   18          2.275    -0.246961        parabolic
 
Optimization terminated:
 the current x satisfies the termination criteria using OPTIONS.TolX of 1.000000e-06 

Found record: 0 iterations remaining.
set chi to 100
Found record: 20 iterations remaining.
stored to database: 
temperature = 2.191, chi = 100, N = 600, convergence = 4.5951e-16, initial = spin-up, q = 2
 
 Func-count     x          f(x)         Procedure
    1        2.19098   -0.0296892        initial
set chi to 100
Found record: 20 iterations remaining.
stored to database: 
temperature = 2.309, chi = 100, N = 600, convergence = 2.2644e-12, initial = spin-up, q = 2
    2        2.30902    -0.179089        golden
set chi to 100
Found record: 20 iterations remaining.
stored to database: 
temperature = 2.382, chi = 100, N = 600, convergence = 5.9019e-16, initial = spin-up, q = 2
    3        2.38197    -0.131566        golden
set chi to 100
Found record: 20 iterations remaining.
stored to database: 
temperature = 2.313, chi = 100, N = 600, convergence = 6.321e-13, initial = spin-up, q = 2
    4        2.31304    -0.174915        parabolic
set chi to 100
Found record: 20 iterations remaining.
stored to database: 
temperature = 2.2639, chi = 100, N = 600, convergence = 8.4449e-05, initial = spin-up, q = 2
    5        2.26393    -0.113104        golden
set chi to 100
Found record: 20 iterations remaining.
stored to database: 
temperature = 2.2918, chi = 100, N = 600, convergence = 1.7902e-08, initial = spin-up, q = 2
    6         2.2918     -0.20286        golden
set chi to 100
Found record: 20 iterations remaining.
stored to database: 
temperature = 2.2812, chi = 100, N = 600, convergence = 1.7349e-05, initial = spin-up, q = 2
    7        2.28115    -0.228265        golden
set chi to 100
Found record: 20 iterations remaining.
stored to database: 
temperature = 2.2746, chi = 100, N = 600, convergence = 0.00056133, initial = spin-up, q = 2
    8        2.27458     -0.24815        golden
set chi to 100
Found record: 20 iterations remaining.
stored to database: 
temperature = 2.2705, chi = 100, N = 600, convergence = 0.00095381, initial = spin-up, q = 2
    9        2.27051    -0.201809        golden
set chi to 100
Found record: 20 iterations remaining.
stored to database: 
temperature = 2.2771, chi = 100, N = 600, convergence = 0.00018001, initial = spin-up, q = 2
   10        2.27709    -0.242897        golden
set chi to 100
Did not find record
stored to database: 
temperature = 2.273, chi = 100, N = 600, convergence = 0.00087281, initial = spin-up, q = 2
   11        2.27302    -0.241187        golden
set chi to 100
Did not find record
stored to database: 
temperature = 2.2752, chi = 100, N = 600, convergence = 0.00044258, initial = spin-up, q = 2
   12        2.27519    -0.248029        parabolic
set chi to 100
Did not find record
stored to database: 
temperature = 2.2748, chi = 100, N = 600, convergence = 0.0005199, initial = spin-up, q = 2
   13        2.27478    -0.248243        parabolic
set chi to 100
Did not find record
stored to database: 
temperature = 2.2748, chi = 100, N = 600, convergence = 0.00051242, initial = spin-up, q = 2
   14        2.27482    -0.248244        parabolic
set chi to 100
Did not find record
stored to database: 
temperature = 2.2748, chi = 100, N = 600, convergence = 0.00051429, initial = spin-up, q = 2
   15        2.27481    -0.248244        parabolic
set chi to 100
Did not find record
stored to database: 
temperature = 2.2748, chi = 100, N = 600, convergence = 0.00051421, initial = spin-up, q = 2
   16        2.27481    -0.248244        parabolic
set chi to 100
Did not find record
stored to database: 
temperature = 2.2748, chi = 100, N = 600, convergence = 0.00051414, initial = spin-up, q = 2
   17        2.27481    -0.248244        parabolic
 
Optimization terminated:
 the current x satisfies the termination criteria using OPTIONS.TolX of 1.000000e-06 

Found record: 0 iterations remaining.
set chi to 100
Found record: 20 iterations remaining.
stored to database: 
temperature = 2.191, chi = 100, N = 620, convergence = 7.0863e-16, initial = spin-up, q = 2
 
 Func-count     x          f(x)         Procedure
    1        2.19098   -0.0296892        initial
set chi to 100
Found record: 20 iterations remaining.
stored to database: 
temperature = 2.309, chi = 100, N = 620, convergence = 1.2061e-12, initial = spin-up, q = 2
    2        2.30902    -0.179089        golden
set chi to 100
Found record: 20 iterations remaining.
stored to database: 
temperature = 2.382, chi = 100, N = 620, convergence = 5.5658e-16, initial = spin-up, q = 2
    3        2.38197    -0.131566        golden
set chi to 100
Found record: 20 iterations remaining.
stored to database: 
temperature = 2.313, chi = 100, N = 620, convergence = 3.3348e-13, initial = spin-up, q = 2
    4        2.31304    -0.174915        parabolic
set chi to 100
Found record: 20 iterations remaining.
stored to database: 
temperature = 2.2639, chi = 100, N = 620, convergence = 7.4838e-05, initial = spin-up, q = 2
    5        2.26393    -0.113122        golden
set chi to 100
Found record: 20 iterations remaining.
stored to database: 
temperature = 2.2918, chi = 100, N = 620, convergence = 1.0518e-08, initial = spin-up, q = 2
    6         2.2918     -0.20286        golden
set chi to 100
Found record: 20 iterations remaining.
stored to database: 
temperature = 2.2812, chi = 100, N = 620, convergence = 1.3087e-05, initial = spin-up, q = 2
    7        2.28115    -0.228278        golden
set chi to 100
Found record: 20 iterations remaining.
stored to database: 
temperature = 2.2746, chi = 100, N = 620, convergence = 0.00051016, initial = spin-up, q = 2
    8        2.27458    -0.249478        golden
set chi to 100
Found record: 20 iterations remaining.
stored to database: 
temperature = 2.2705, chi = 100, N = 620, convergence = 0.00093179, initial = spin-up, q = 2
    9        2.27051    -0.203896        golden
set chi to 100
Did not find record
stored to database: 
temperature = 2.2767, chi = 100, N = 620, convergence = 0.00019045, initial = spin-up, q = 2
   10        2.27668    -0.244732        parabolic
set chi to 100
Found record: 20 iterations remaining.
stored to database: 
temperature = 2.273, chi = 100, N = 620, convergence = 0.00082636, initial = spin-up, q = 2
   11        2.27302    -0.243486        golden
set chi to 100
Did not find record
stored to database: 
temperature = 2.275, chi = 100, N = 620, convergence = 0.0004375, initial = spin-up, q = 2
   12        2.27495    -0.249315        parabolic
set chi to 100
Did not find record
stored to database: 
temperature = 2.2746, chi = 100, N = 620, convergence = 0.00051347, initial = spin-up, q = 2
   13        2.27456    -0.249474        parabolic
set chi to 100
Did not find record
stored to database: 
temperature = 2.2746, chi = 100, N = 620, convergence = 0.00049836, initial = spin-up, q = 2
   14        2.27463    -0.249483        parabolic
set chi to 100
Did not find record
stored to database: 
temperature = 2.2746, chi = 100, N = 620, convergence = 0.00049918, initial = spin-up, q = 2
   15        2.27463    -0.249483        parabolic
set chi to 100
Did not find record
stored to database: 
temperature = 2.2746, chi = 100, N = 620, convergence = 0.00049911, initial = spin-up, q = 2
   16        2.27463    -0.249483        parabolic
set chi to 100
Did not find record
stored to database: 
temperature = 2.2746, chi = 100, N = 620, convergence = 0.00049903, initial = spin-up, q = 2
   17        2.27463    -0.249483        parabolic
 
Optimization terminated:
 the current x satisfies the termination criteria using OPTIONS.TolX of 1.000000e-06 

Found record: 0 iterations remaining.
set chi to 100
Found record: 20 iterations remaining.
stored to database: 
temperature = 2.191, chi = 100, N = 640, convergence = 9.4302e-16, initial = spin-up, q = 2
 
 Func-count     x          f(x)         Procedure
    1        2.19098   -0.0296892        initial
set chi to 100
Found record: 20 iterations remaining.
stored to database: 
temperature = 2.309, chi = 100, N = 640, convergence = 6.4365e-13, initial = spin-up, q = 2
    2        2.30902    -0.179089        golden
set chi to 100
Found record: 20 iterations remaining.
stored to database: 
temperature = 2.382, chi = 100, N = 640, convergence = 9.9911e-16, initial = spin-up, q = 2
    3        2.38197    -0.131566        golden
set chi to 100
Found record: 20 iterations remaining.
stored to database: 
temperature = 2.313, chi = 100, N = 640, convergence = 1.7622e-13, initial = spin-up, q = 2
    4        2.31304    -0.174915        parabolic
set chi to 100
Found record: 20 iterations remaining.
stored to database: 
temperature = 2.2639, chi = 100, N = 640, convergence = 6.6317e-05, initial = spin-up, q = 2
    5        2.26393    -0.113136        golden
set chi to 100
Found record: 20 iterations remaining.
stored to database: 
temperature = 2.2918, chi = 100, N = 640, convergence = 6.1974e-09, initial = spin-up, q = 2
    6         2.2918     -0.20286        golden
set chi to 100
Found record: 20 iterations remaining.
stored to database: 
temperature = 2.2812, chi = 100, N = 640, convergence = 9.8532e-06, initial = spin-up, q = 2
    7        2.28115    -0.228287        golden
set chi to 100
Found record: 20 iterations remaining.
stored to database: 
temperature = 2.2746, chi = 100, N = 640, convergence = 0.00046277, initial = spin-up, q = 2
    8        2.27458    -0.250659        golden
set chi to 100
Found record: 20 iterations remaining.
stored to database: 
temperature = 2.2705, chi = 100, N = 640, convergence = 0.00091089, initial = spin-up, q = 2
    9        2.27051    -0.205944        golden
set chi to 100
Did not find record
stored to database: 
temperature = 2.2766, chi = 100, N = 640, convergence = 0.00016871, initial = spin-up, q = 2
   10        2.27661    -0.245318        parabolic
set chi to 100
Found record: 20 iterations remaining.
stored to database: 
temperature = 2.273, chi = 100, N = 640, convergence = 0.00078151, initial = spin-up, q = 2
   11        2.27302    -0.245649        golden
set chi to 100
Did not find record
stored to database: 
temperature = 2.2748, chi = 100, N = 640, convergence = 0.00042249, initial = spin-up, q = 2
   12        2.27479      -0.2505        parabolic
set chi to 100
Did not find record
stored to database: 
temperature = 2.2745, chi = 100, N = 640, convergence = 0.00047478, initial = spin-up, q = 2
   13        2.27451    -0.250677        parabolic
set chi to 100
Did not find record
stored to database: 
temperature = 2.2745, chi = 100, N = 640, convergence = 0.00048622, initial = spin-up, q = 2
   14        2.27446    -0.250682        parabolic
set chi to 100
Did not find record
stored to database: 
temperature = 2.2745, chi = 100, N = 640, convergence = 0.000485, initial = spin-up, q = 2
   15        2.27446    -0.250682        parabolic
set chi to 100
Did not find record
stored to database: 
temperature = 2.2745, chi = 100, N = 640, convergence = 0.0004849, initial = spin-up, q = 2
   16        2.27446    -0.250682        parabolic
set chi to 100
Did not find record
stored to database: 
temperature = 2.2745, chi = 100, N = 640, convergence = 0.00048482, initial = spin-up, q = 2
   17        2.27446    -0.250682        parabolic
 
Optimization terminated:
 the current x satisfies the termination criteria using OPTIONS.TolX of 1.000000e-06 

Found record: 0 iterations remaining.
set chi to 100
Found record: 20 iterations remaining.
stored to database: 
temperature = 2.191, chi = 100, N = 660, convergence = 7.6285e-16, initial = spin-up, q = 2
 
 Func-count     x          f(x)         Procedure
    1        2.19098   -0.0296892        initial
set chi to 100
Found record: 20 iterations remaining.
stored to database: 
temperature = 2.309, chi = 100, N = 660, convergence = 3.4399e-13, initial = spin-up, q = 2
    2        2.30902    -0.179089        golden
set chi to 100
Found record: 20 iterations remaining.
stored to database: 
temperature = 2.382, chi = 100, N = 660, convergence = 5.138e-16, initial = spin-up, q = 2
    3        2.38197    -0.131566        golden
set chi to 100
Found record: 20 iterations remaining.
stored to database: 
temperature = 2.313, chi = 100, N = 660, convergence = 9.3804e-14, initial = spin-up, q = 2
    4        2.31304    -0.174915        parabolic
set chi to 100
Found record: 20 iterations remaining.
stored to database: 
temperature = 2.2639, chi = 100, N = 660, convergence = 5.876e-05, initial = spin-up, q = 2
    5        2.26393    -0.113148        golden
set chi to 100
Found record: 20 iterations remaining.
stored to database: 
temperature = 2.2918, chi = 100, N = 660, convergence = 3.6594e-09, initial = spin-up, q = 2
    6         2.2918     -0.20286        golden
set chi to 100
Found record: 20 iterations remaining.
stored to database: 
temperature = 2.2812, chi = 100, N = 660, convergence = 7.4036e-06, initial = spin-up, q = 2
    7        2.28115    -0.228293        golden
set chi to 100
Found record: 20 iterations remaining.
stored to database: 
temperature = 2.2746, chi = 100, N = 660, convergence = 0.000419, initial = spin-up, q = 2
    8        2.27458    -0.251707        golden
set chi to 100
Found record: 20 iterations remaining.
stored to database: 
temperature = 2.2705, chi = 100, N = 660, convergence = 0.00089099, initial = spin-up, q = 2
    9        2.27051    -0.207954        golden
set chi to 100
Did not find record
stored to database: 
temperature = 2.2765, chi = 100, N = 660, convergence = 0.00014957, initial = spin-up, q = 2
   10        2.27654     -0.24586        parabolic
set chi to 100
Found record: 20 iterations remaining.
stored to database: 
temperature = 2.273, chi = 100, N = 660, convergence = 0.00073825, initial = spin-up, q = 2
   11        2.27302    -0.247678        golden
set chi to 100
Did not find record
stored to database: 
temperature = 2.2746, chi = 100, N = 660, convergence = 0.00041084, initial = spin-up, q = 2
   12        2.27462    -0.251661        parabolic
set chi to 100
Did not find record
stored to database: 
temperature = 2.2744, chi = 100, N = 660, convergence = 0.00045917, initial = spin-up, q = 2
   13        2.27437    -0.251835        parabolic
set chi to 100
Did not find record
stored to database: 
temperature = 2.2739, chi = 100, N = 660, convergence = 0.00056478, initial = spin-up, q = 2
   14        2.27385      -0.2514        golden
set chi to 100
Did not find record
stored to database: 
temperature = 2.2743, chi = 100, N = 660, convergence = 0.00047441, initial = spin-up, q = 2
   15        2.27429    -0.251842        parabolic
set chi to 100
Did not find record
stored to database: 
temperature = 2.2743, chi = 100, N = 660, convergence = 0.00047179, initial = spin-up, q = 2
   16         2.2743    -0.251843        parabolic
set chi to 100
Did not find record
stored to database: 
temperature = 2.2743, chi = 100, N = 660, convergence = 0.0004715, initial = spin-up, q = 2
   17        2.27431    -0.251843        parabolic
set chi to 100
Did not find record
stored to database: 
temperature = 2.2743, chi = 100, N = 660, convergence = 0.00047157, initial = spin-up, q = 2
   18         2.2743    -0.251843        parabolic
set chi to 100
Did not find record
stored to database: 
temperature = 2.2743, chi = 100, N = 660, convergence = 0.00047143, initial = spin-up, q = 2
   19        2.27431    -0.251843        parabolic
 
Optimization terminated:
 the current x satisfies the termination criteria using OPTIONS.TolX of 1.000000e-06 

Found record: 0 iterations remaining.
set chi to 100
Found record: 20 iterations remaining.
stored to database: 
temperature = 2.191, chi = 100, N = 680, convergence = 3.4082e-16, initial = spin-up, q = 2
 
 Func-count     x          f(x)         Procedure
    1        2.19098   -0.0296892        initial
set chi to 100
Found record: 20 iterations remaining.
stored to database: 
temperature = 2.309, chi = 100, N = 680, convergence = 1.8472e-13, initial = spin-up, q = 2
    2        2.30902    -0.179089        golden
set chi to 100
Found record: 20 iterations remaining.
stored to database: 
temperature = 2.382, chi = 100, N = 680, convergence = 6.3827e-16, initial = spin-up, q = 2
    3        2.38197    -0.131566        golden
set chi to 100
Found record: 20 iterations remaining.
stored to database: 
temperature = 2.313, chi = 100, N = 680, convergence = 5.0264e-14, initial = spin-up, q = 2
    4        2.31304    -0.174915        parabolic
set chi to 100
Found record: 20 iterations remaining.
stored to database: 
temperature = 2.2639, chi = 100, N = 680, convergence = 5.2056e-05, initial = spin-up, q = 2
    5        2.26393    -0.113157        golden
set chi to 100
Found record: 20 iterations remaining.
stored to database: 
temperature = 2.2918, chi = 100, N = 680, convergence = 2.166e-09, initial = spin-up, q = 2
    6         2.2918     -0.20286        golden
set chi to 100
Found record: 20 iterations remaining.
stored to database: 
temperature = 2.2812, chi = 100, N = 680, convergence = 5.5518e-06, initial = spin-up, q = 2
    7        2.28115    -0.228298        golden
set chi to 100
Found record: 20 iterations remaining.
stored to database: 
temperature = 2.2746, chi = 100, N = 680, convergence = 0.00037869, initial = spin-up, q = 2
    8        2.27458    -0.252633        golden
set chi to 100
Found record: 20 iterations remaining.
stored to database: 
temperature = 2.2705, chi = 100, N = 680, convergence = 0.00087201, initial = spin-up, q = 2
    9        2.27051    -0.209928        golden
set chi to 100
Did not find record
stored to database: 
temperature = 2.2765, chi = 100, N = 680, convergence = 0.00013269, initial = spin-up, q = 2
   10        2.27648    -0.246365        parabolic
set chi to 100
Found record: 20 iterations remaining.
stored to database: 
temperature = 2.273, chi = 100, N = 680, convergence = 0.00069658, initial = spin-up, q = 2
   11        2.27302     -0.24958        golden
set chi to 100
Did not find record
stored to database: 
temperature = 2.2744, chi = 100, N = 680, convergence = 0.00040283, initial = spin-up, q = 2
   12        2.27444    -0.252805        parabolic
set chi to 100
Did not find record
stored to database: 
temperature = 2.2742, chi = 100, N = 680, convergence = 0.00044517, initial = spin-up, q = 2
   13        2.27423    -0.252958        parabolic
set chi to 100
Did not find record
stored to database: 
temperature = 2.2738, chi = 100, N = 680, convergence = 0.00053965, initial = spin-up, q = 2
   14        2.27377     -0.25262        golden
set chi to 100
Did not find record
stored to database: 
temperature = 2.2741, chi = 100, N = 680, convergence = 0.00046318, initial = spin-up, q = 2
   15        2.27414    -0.252967        parabolic
set chi to 100
Did not find record
stored to database: 
temperature = 2.2742, chi = 100, N = 680, convergence = 0.00045917, initial = spin-up, q = 2
   16        2.27416    -0.252968        parabolic
set chi to 100
Did not find record
stored to database: 
temperature = 2.2742, chi = 100, N = 680, convergence = 0.00045885, initial = spin-up, q = 2
   17        2.27416    -0.252968        parabolic
set chi to 100
Did not find record
stored to database: 
temperature = 2.2742, chi = 100, N = 680, convergence = 0.00045892, initial = spin-up, q = 2
   18        2.27416    -0.252968        parabolic
set chi to 100
Did not find record
stored to database: 
temperature = 2.2742, chi = 100, N = 680, convergence = 0.00045878, initial = spin-up, q = 2
   19        2.27416    -0.252968        parabolic
 
Optimization terminated:
 the current x satisfies the termination criteria using OPTIONS.TolX of 1.000000e-06 

Found record: 0 iterations remaining.

ans =

  Columns 1 through 3

   2.277172729621376   2.276816233566419   2.276490323795118

  Columns 4 through 6

   2.276190937421322   2.275915308882082   2.275660509514711

  Columns 7 through 9

   2.275424581644988   2.275204987866266   2.275000483458409

  Columns 10 through 12

   2.274809507357991   2.274630636654069   2.274462834232366

  Columns 13 through 14

   2.274305135889777   2.274156614789142


ans =

   1.0e-07 *

  Columns 1 through 3

   0.176784478726084   0.202257833158964   0.229487207837452

  Columns 4 through 6

   0.258456532564243   0.289130159159440   0.321486558317485

  Columns 7 through 9

   0.355483456623194   0.391112128291596   0.428322128251197

  Columns 10 through 12

   0.467083322870474   0.507370398990617   0.549145082700023

  Columns 13 through 14

   0.592371440030536   0.637019570748752

>> 