
                            < M A T L A B (R) >
                  Copyright 1984-2015 The MathWorks, Inc.
                   R2015a (8.5.0.197613) 64-bit (glnxa64)
                             February 12, 2015

 
To get started, type one of these: helpwin, helpdesk, or demo.
For product information, visit www.mathworks.com.
 

	Academic License

 
 Func-count     x          f(x)         Procedure
    1       0.976393    -0.566309        initial
    2        1.02361    -0.384938        golden
    3       0.947214    -0.432974        golden
    4       0.982555    -0.535236        parabolic
    5       0.970203    -0.479905        parabolic
    6       0.977835    -0.558914        parabolic
    7       0.974029    -0.523702        golden
    8        0.97549    -0.555917        golden
Did not find record for:
chi = 70, temperature = 0.97675, tolerance = 1e-07, q = 5.
stored to database: 
temperature = 0.97675, chi = 70, N = 25123, convergence = 1e-07, initial = spin-up, q = 5
    9       0.976753    -0.564494        parabolic
Did not find record for:
chi = 70, temperature = 0.97605, tolerance = 1e-07, q = 5.
stored to database: 
temperature = 0.97605, chi = 70, N = 53728, convergence = 1e-07, initial = spin-up, q = 5
   10       0.976048    -0.568046        golden
Did not find record for:
chi = 70, temperature = 0.97584, tolerance = 1e-07, q = 5.
stored to database: 
temperature = 0.97584, chi = 70, N = 60335, convergence = 1e-07, initial = spin-up, q = 5
   11       0.975835    -0.565215        golden
Did not find record for:
chi = 70, temperature = 0.97614, tolerance = 1e-07, q = 5.
stored to database: 
temperature = 0.97614, chi = 70, N = 45107, convergence = 1e-07, initial = spin-up, q = 5
   12       0.976144    -0.567565        parabolic
Did not find record for:
chi = 70, temperature = 0.97597, tolerance = 1e-07, q = 5.
stored to database: 
temperature = 0.97597, chi = 70, N = 67043, convergence = 1e-07, initial = spin-up, q = 5
   13       0.975967    -0.568455        golden
Did not find record for:
chi = 70, temperature = 0.97592, tolerance = 1e-07, q = 5.
stored to database: 
temperature = 0.97592, chi = 70, N = 85397, convergence = 1e-07, initial = spin-up, q = 5
   14       0.975916    -0.568707        golden
Did not find record for:
chi = 70, temperature = 0.97589, tolerance = 1e-07, q = 5.
stored to database: 
temperature = 0.97589, chi = 70, N = 120227, convergence = 1e-07, initial = spin-up, q = 5
   15       0.975885    -0.568863        golden
Did not find record for:
chi = 70, temperature = 0.97587, tolerance = 1e-07, q = 5.
stored to database: 
temperature = 0.97587, chi = 70, N = 67711, convergence = 1e-07, initial = spin-up, q = 5
   16       0.975866    -0.565892        golden
Did not find record for:
chi = 70, temperature = 0.9759, tolerance = 1e-07, q = 5.
stored to database: 
temperature = 0.9759, chi = 70, N = 101009, convergence = 1e-07, initial = spin-up, q = 5
   17       0.975897    -0.568803        golden
Did not find record for:
chi = 70, temperature = 0.97588, tolerance = 1e-07, q = 5.
stored to database: 
temperature = 0.97588, chi = 70, N = 81375, convergence = 1e-07, initial = spin-up, q = 5
   18       0.975878    -0.566278        golden
Did not find record for:
chi = 70, temperature = 0.97589, tolerance = 1e-07, q = 5.
stored to database: 
temperature = 0.97589, chi = 70, N = 111229, convergence = 1e-07, initial = spin-up, q = 5
   19        0.97589     -0.56884        golden
Did not find record for:
chi = 70, temperature = 0.97588, tolerance = 1e-07, q = 5.
stored to database: 
temperature = 0.97588, chi = 70, N = 127563, convergence = 1e-07, initial = spin-up, q = 5
   20       0.975883    -0.568877        golden
Did not find record for:
chi = 70, temperature = 0.97588, tolerance = 1e-07, q = 5.
stored to database: 
temperature = 0.97588, chi = 70, N = 133127, convergence = 1e-07, initial = spin-up, q = 5
   21       0.975881    -0.568885        golden
Did not find record for:
chi = 70, temperature = 0.97588, tolerance = 1e-07, q = 5.
stored to database: 
temperature = 0.97588, chi = 70, N = 137097, convergence = 1e-07, initial = spin-up, q = 5
   22        0.97588    -0.568891        golden
Did not find record for:
chi = 70, temperature = 0.97588, tolerance = 1e-07, q = 5.
stored to database: 
temperature = 0.97588, chi = 70, N = 139802, convergence = 1e-07, initial = spin-up, q = 5
   23       0.975879    -0.568894        golden
Did not find record for:
chi = 70, temperature = 0.97588, tolerance = 1e-07, q = 5.
stored to database: 
temperature = 0.97588, chi = 70, N = 141583, convergence = 1e-07, initial = spin-up, q = 5
   24       0.975879    -0.568896        golden
 
Optimization terminated:
 the current x satisfies the termination criteria using OPTIONS.TolX of 1.000000e-06 

 
 Func-count     x          f(x)         Procedure
    1       0.976393    -0.570678        initial
    2        1.02361    -0.384963        golden
    3       0.947214     -0.44577        golden
    4       0.981709    -0.542498        parabolic
    5       0.969508    -0.492437        parabolic
    6       0.977111    -0.566882        parabolic
    7       0.973763     -0.54782        golden
    8       0.976119    -0.572127        parabolic
    9       0.975219    -0.576839        golden
   10       0.974663    -0.570633        golden
   11       0.975563     -0.57505        golden
   12       0.975007    -0.577771        golden
   13       0.974875    -0.576024        golden
   14        0.97507    -0.577572        parabolic
   15       0.974957     -0.57752        golden
   16       0.975017    -0.577758        parabolic
Did not find record for:
chi = 80, temperature = 0.97499, tolerance = 1e-07, q = 5.
stored to database: 
temperature = 0.97499, chi = 80, N = 110186, convergence = 1e-07, initial = spin-up, q = 5
   17       0.974993    -0.577764        parabolic
Did not find record for:
chi = 80, temperature = 0.975, tolerance = 1e-07, q = 5.
stored to database: 
temperature = 0.975, chi = 80, N = 108674, convergence = 1e-07, initial = spin-up, q = 5
   18       0.975003    -0.577772        parabolic
Did not find record for:
chi = 80, temperature = 0.975, tolerance = 1e-07, q = 5.
stored to database: 
temperature = 0.975, chi = 80, N = 108759, convergence = 1e-07, initial = spin-up, q = 5
   19       0.975003    -0.577772        parabolic
Did not find record for:
chi = 80, temperature = 0.975, tolerance = 1e-07, q = 5.
stored to database: 
temperature = 0.975, chi = 80, N = 108828, convergence = 1e-07, initial = spin-up, q = 5
   20       0.975002    -0.577772        parabolic
Did not find record for:
chi = 80, temperature = 0.975, tolerance = 1e-07, q = 5.
stored to database: 
temperature = 0.975, chi = 80, N = 108895, convergence = 1e-07, initial = spin-up, q = 5
   21       0.975002    -0.577772        parabolic
 
Optimization terminated:
 the current x satisfies the termination criteria using OPTIONS.TolX of 1.000000e-06 

>> 