
                            < M A T L A B (R) >
                  Copyright 1984-2015 The MathWorks, Inc.
                   R2015a (8.5.0.197613) 64-bit (glnxa64)
                             February 12, 2015

 
To get started, type one of these: helpwin, helpdesk, or demo.
For product information, visit www.mathworks.com.
 

	Academic License

Did not find record for:
chi = 90, temperature = 0.97639, tolerance = 1e-07, q = 5.
stored to database: 
temperature = 0.97639, chi = 90, N = 12216, convergence = 1e-07, initial = spin-up, q = 5
 
 Func-count     x          f(x)         Procedure
    1       0.976393    -0.574818        initial
Did not find record for:
chi = 90, temperature = 1.0236, tolerance = 1e-07, q = 5.
stored to database: 
temperature = 1.0236, chi = 90, N = 500, convergence = 1e-07, initial = spin-up, q = 5
    2        1.02361    -0.384977        golden
Did not find record for:
chi = 90, temperature = 0.94721, tolerance = 1e-07, q = 5.
stored to database: 
temperature = 0.94721, chi = 90, N = 4374, convergence = 1e-07, initial = spin-up, q = 5
    3       0.947214    -0.456966        golden
Did not find record for:
chi = 90, temperature = 0.98094, tolerance = 1e-07, q = 5.
stored to database: 
temperature = 0.98094, chi = 90, N = 5008, convergence = 1e-07, initial = spin-up, q = 5
    4       0.980944    -0.549173        parabolic
Did not find record for:
chi = 90, temperature = 0.96884, tolerance = 1e-07, q = 5.
stored to database: 
temperature = 0.96884, chi = 90, N = 6367, convergence = 1e-07, initial = spin-up, q = 5
    5       0.968845     -0.50533        parabolic
Did not find record for:
chi = 90, temperature = 0.97637, tolerance = 1e-07, q = 5.
stored to database: 
temperature = 0.97637, chi = 90, N = 12297, convergence = 1e-07, initial = spin-up, q = 5
    6       0.976372     -0.57494        parabolic
Did not find record for:
chi = 90, temperature = 0.9735, tolerance = 1e-07, q = 5.
stored to database: 
temperature = 0.9735, chi = 90, N = 50629, convergence = 1e-07, initial = spin-up, q = 5
    7       0.973497    -0.582277        golden
Did not find record for:
chi = 90, temperature = 0.97374, tolerance = 1e-07, q = 5.
stored to database: 
temperature = 0.97374, chi = 90, N = 108375, convergence = 1e-07, initial = spin-up, q = 5
    8       0.973742    -0.589648        parabolic
Did not find record for:
chi = 90, temperature = 0.97483, tolerance = 1e-07, q = 5.
stored to database: 
temperature = 0.97483, chi = 90, N = 23748, convergence = 1e-07, initial = spin-up, q = 5
    9       0.974831    -0.583613        parabolic
Did not find record for:
chi = 90, temperature = 0.97416, tolerance = 1e-07, q = 5.
stored to database: 
temperature = 0.97416, chi = 90, N = 42813, convergence = 1e-07, initial = spin-up, q = 5
   10       0.974158    -0.587373        golden
Did not find record for:
chi = 90, temperature = 0.9739, tolerance = 1e-07, q = 5.
stored to database: 
temperature = 0.9739, chi = 90, N = 65849, convergence = 1e-07, initial = spin-up, q = 5
   11       0.973901    -0.588796        golden
Did not find record for:
chi = 90, temperature = 0.97365, tolerance = 1e-07, q = 5.
stored to database: 
temperature = 0.97365, chi = 90, N = 232020, convergence = 1e-07, initial = spin-up, q = 5
   12       0.973648    -0.590026        golden
Did not find record for:
chi = 90, temperature = 0.97359, tolerance = 1e-07, q = 5.
stored to database: 
temperature = 0.97359, chi = 90, N = 73729, convergence = 1e-07, initial = spin-up, q = 5
   13        0.97359    -0.585448        golden
Did not find record for:
chi = 90, temperature = 0.97368, tolerance = 1e-07, q = 5.
stored to database: 
temperature = 0.97368, chi = 90, N = 153332, convergence = 1e-07, initial = spin-up, q = 5
   14       0.973684    -0.589921        golden
Did not find record for:
chi = 90, temperature = 0.97363, tolerance = 1e-07, q = 5.
stored to database: 
temperature = 0.97363, chi = 90, N = 109421, convergence = 1e-07, initial = spin-up, q = 5
   15       0.973626    -0.587144        golden
Did not find record for:
chi = 90, temperature = 0.97366, tolerance = 1e-07, q = 5.
stored to database: 
temperature = 0.97366, chi = 90, N = 190391, convergence = 1e-07, initial = spin-up, q = 5
   16       0.973662    -0.589998        golden
Did not find record for:
chi = 90, temperature = 0.97363, tolerance = 1e-07, q = 5.
stored to database: 
temperature = 0.97363, chi = 90, N = 360058, convergence = 1e-07, initial = spin-up, q = 5
   17       0.973632    -0.590003        parabolic
Did not find record for:
chi = 90, temperature = 0.97365, tolerance = 1e-07, q = 5.
stored to database: 
temperature = 0.97365, chi = 90, N = 240529, convergence = 1e-07, initial = spin-up, q = 5
   18       0.973646    -0.590027        parabolic
Did not find record for:
chi = 90, temperature = 0.97364, tolerance = 1e-07, q = 5.
stored to database: 
temperature = 0.97364, chi = 90, N = 248135, convergence = 1e-07, initial = spin-up, q = 5
   19       0.973644    -0.590028        parabolic
Did not find record for:
chi = 90, temperature = 0.97364, tolerance = 1e-07, q = 5.
stored to database: 
temperature = 0.97364, chi = 90, N = 277184, convergence = 1e-07, initial = spin-up, q = 5
   20        0.97364    -0.590026        golden
Did not find record for:
chi = 90, temperature = 0.97364, tolerance = 1e-07, q = 5.
stored to database: 
temperature = 0.97364, chi = 90, N = 252003, convergence = 1e-07, initial = spin-up, q = 5
   21       0.973644    -0.590028        parabolic
Did not find record for:
chi = 90, temperature = 0.97364, tolerance = 1e-07, q = 5.
stored to database: 
temperature = 0.97364, chi = 90, N = 253859, convergence = 1e-07, initial = spin-up, q = 5
   22       0.973643    -0.590028        parabolic
Did not find record for:
chi = 90, temperature = 0.97364, tolerance = 1e-07, q = 5.
stored to database: 
temperature = 0.97364, chi = 90, N = 250187, convergence = 1e-07, initial = spin-up, q = 5
   23       0.973644    -0.590028        parabolic
 
Optimization terminated:
 the current x satisfies the termination criteria using OPTIONS.TolX of 1.000000e-06 

>> 