
                            < M A T L A B (R) >
                  Copyright 1984-2015 The MathWorks, Inc.
                   R2015a (8.5.0.197613) 64-bit (glnxa64)
                             February 12, 2015

 
To get started, type one of these: helpwin, helpdesk, or demo.
For product information, visit www.mathworks.com.
 

	Academic License

Found record in database for q = 6 N = 10 max_truncation_error = 1e-06
Found record in database for q = 6 N = 20 max_truncation_error = 1e-06
Found record in database for q = 6 N = 30 max_truncation_error = 1e-06
set chi to 100
Found record: 0 iterations remaining.
set chi to 257
Did not find record
stored to database: 
temperature = 0.99098, chi = 257, N = 40, convergence = 0.035506, initial = spin-up, q = 6
 
 Func-count     x          f(x)         Procedure
    1       0.990983    -0.272021        initial
set chi to 100
Found record: 0 iterations remaining.
set chi to 179
Did not find record
stored to database: 
temperature = 1.109, chi = 179, N = 40, convergence = 0.001644, initial = spin-up, q = 6
    2        1.10902    -0.234149        golden
set chi to 100
Found record: 0 iterations remaining.
set chi to 257
Did not find record
stored to database: 
temperature = 0.91803, chi = 257, N = 40, convergence = 0.03362, initial = spin-up, q = 6
    3       0.918034     -0.24493        golden
set chi to 100
Did not find record
stored to database: 
temperature = 1.0057, chi = 100, N = 40, convergence = 0.031228, initial = spin-up, q = 6
set chi to 253
Did not find record
stored to database: 
temperature = 1.0057, chi = 253, N = 40, convergence = 0.033894, initial = spin-up, q = 6
    4        1.00574    -0.280271        parabolic
set chi to 100
Did not find record
stored to database: 
temperature = 1.0452, chi = 100, N = 40, convergence = 0.018349, initial = spin-up, q = 6
set chi to 235
Did not find record
stored to database: 
temperature = 1.0452, chi = 235, N = 40, convergence = 0.019873, initial = spin-up, q = 6
    5        1.04519      -0.2857        golden
set chi to 100
Did not find record
stored to database: 
temperature = 1.0343, chi = 100, N = 40, convergence = 0.022998, initial = spin-up, q = 6
set chi to 242
Did not find record
stored to database: 
temperature = 1.0343, chi = 242, N = 40, convergence = 0.024889, initial = spin-up, q = 6
    6        1.03431    -0.288141        parabolic
set chi to 100
Did not find record
stored to database: 
temperature = 1.0309, chi = 100, N = 40, convergence = 0.024326, initial = spin-up, q = 6
set chi to 243
Did not find record
stored to database: 
temperature = 1.0309, chi = 243, N = 40, convergence = 0.026352, initial = spin-up, q = 6
    7        1.03089     -0.28821        parabolic
set chi to 100
Did not find record
stored to database: 
temperature = 1.0319, chi = 100, N = 40, convergence = 0.02394, initial = spin-up, q = 6
set chi to 243
Did not find record
stored to database: 
temperature = 1.0319, chi = 243, N = 40, convergence = 0.025932, initial = spin-up, q = 6
    8         1.0319    -0.288224        parabolic
set chi to 100
Did not find record
stored to database: 
temperature = 1.0319, chi = 100, N = 40, convergence = 0.023942, initial = spin-up, q = 6
set chi to 243
Did not find record
stored to database: 
temperature = 1.0319, chi = 243, N = 40, convergence = 0.025935, initial = spin-up, q = 6
    9        1.03189    -0.288224        parabolic
set chi to 100
Did not find record
stored to database: 
temperature = 1.0319, chi = 100, N = 40, convergence = 0.023941, initial = spin-up, q = 6
set chi to 243
Did not find record
stored to database: 
temperature = 1.0319, chi = 243, N = 40, convergence = 0.025934, initial = spin-up, q = 6
   10        1.03189    -0.288224        parabolic
set chi to 100
Did not find record
stored to database: 
temperature = 1.0319, chi = 100, N = 40, convergence = 0.023941, initial = spin-up, q = 6
set chi to 243
Did not find record
stored to database: 
temperature = 1.0319, chi = 243, N = 40, convergence = 0.025934, initial = spin-up, q = 6
   11        1.03189    -0.288224        parabolic
set chi to 100
Did not find record
stored to database: 
temperature = 1.0319, chi = 100, N = 40, convergence = 0.023941, initial = spin-up, q = 6
set chi to 243
Did not find record
stored to database: 
temperature = 1.0319, chi = 243, N = 40, convergence = 0.025934, initial = spin-up, q = 6
   12        1.03189    -0.288224        parabolic
 
Optimization terminated:
 the current x satisfies the termination criteria using OPTIONS.TolX of 1.000000e-06 

Found record: 0 iterations remaining.
set chi to 100
Found record: 10 iterations remaining.
stored to database: 
temperature = 0.99098, chi = 100, N = 50, convergence = 0.02655, initial = spin-up, q = 6
set chi to 281
Did not find record
stored to database: 
temperature = 0.99098, chi = 281, N = 50, convergence = 0.029666, initial = spin-up, q = 6
 
 Func-count     x          f(x)         Procedure
    1       0.990983    -0.295398        initial
set chi to 100
Found record: 10 iterations remaining.
stored to database: 
temperature = 1.109, chi = 100, N = 50, convergence = 0.00024338, initial = spin-up, q = 6
set chi to 182
Did not find record
stored to database: 
temperature = 1.109, chi = 182, N = 50, convergence = 0.00031037, initial = spin-up, q = 6
    2        1.10902    -0.234448        golden
set chi to 100
Found record: 10 iterations remaining.
stored to database: 
temperature = 0.91803, chi = 100, N = 50, convergence = 0.025324, initial = spin-up, q = 6
set chi to 283
Did not find record
stored to database: 
temperature = 0.91803, chi = 283, N = 50, convergence = 0.028589, initial = spin-up, q = 6
    3       0.918034     -0.26193        golden
set chi to 100
Did not find record
stored to database: 
temperature = 0.99943, chi = 100, N = 50, convergence = 0.025474, initial = spin-up, q = 6
set chi to 278
Did not find record
stored to database: 
temperature = 0.99943, chi = 278, N = 50, convergence = 0.028401, initial = spin-up, q = 6
    4       0.999435    -0.300899        parabolic
set chi to 100
Did not find record
stored to database: 
temperature = 1.0413, chi = 100, N = 50, convergence = 0.01103, initial = spin-up, q = 6
set chi to 254
Did not find record
stored to database: 
temperature = 1.0413, chi = 254, N = 50, convergence = 0.012326, initial = spin-up, q = 6
    5        1.04129    -0.300904        golden
set chi to 100
Did not find record
stored to database: 
temperature = 1.0204, chi = 100, N = 50, convergence = 0.019604, initial = spin-up, q = 6
set chi to 268
Did not find record
stored to database: 
temperature = 1.0204, chi = 268, N = 50, convergence = 0.021809, initial = spin-up, q = 6
    6        1.02037    -0.308443        parabolic
set chi to 100
Did not find record
stored to database: 
temperature = 1.0204, chi = 100, N = 50, convergence = 0.019604, initial = spin-up, q = 6
set chi to 268
Did not find record
stored to database: 
temperature = 1.0204, chi = 268, N = 50, convergence = 0.02181, initial = spin-up, q = 6
    7        1.02037    -0.308443        parabolic
set chi to 100
Did not find record
stored to database: 
temperature = 1.0212, chi = 100, N = 50, convergence = 0.019302, initial = spin-up, q = 6
set chi to 267
Did not find record
stored to database: 
temperature = 1.0212, chi = 267, N = 50, convergence = 0.021471, initial = spin-up, q = 6
    8        1.02116    -0.308454        parabolic
set chi to 100
Did not find record
stored to database: 
temperature = 1.0288, chi = 100, N = 50, convergence = 0.016235, initial = spin-up, q = 6
set chi to 263
Did not find record
stored to database: 
temperature = 1.0288, chi = 263, N = 50, convergence = 0.018022, initial = spin-up, q = 6
    9        1.02885    -0.307314        golden
set chi to 100
Did not find record
stored to database: 
temperature = 1.0211, chi = 100, N = 50, convergence = 0.019307, initial = spin-up, q = 6
set chi to 267
Did not find record
stored to database: 
temperature = 1.0211, chi = 267, N = 50, convergence = 0.021477, initial = spin-up, q = 6
   10        1.02114    -0.308454        parabolic
set chi to 100
Did not find record
stored to database: 
temperature = 1.0211, chi = 100, N = 50, convergence = 0.019307, initial = spin-up, q = 6
set chi to 267
Did not find record
stored to database: 
temperature = 1.0211, chi = 267, N = 50, convergence = 0.021476, initial = spin-up, q = 6
   11        1.02115    -0.308454        parabolic
set chi to 100
Did not find record
stored to database: 
temperature = 1.0211, chi = 100, N = 50, convergence = 0.019307, initial = spin-up, q = 6
set chi to 267
Did not find record
stored to database: 
temperature = 1.0211, chi = 267, N = 50, convergence = 0.021476, initial = spin-up, q = 6
   12        1.02115    -0.308454        parabolic
 
Optimization terminated:
 the current x satisfies the termination criteria using OPTIONS.TolX of 1.000000e-06 

Found record: 0 iterations remaining.

ans =

  Columns 1 through 3

   1.124436084982957   1.072888017940286   1.047457916092226

  Columns 4 through 5

   1.031892168031078   1.021145081976432


ans =

   1.0e-06 *

  Columns 1 through 3

   0.038389981557446   0.964380099045964   0.969632264512984

  Columns 4 through 5

   0.332258403376618   0.508685397484564

>> 