
                            < M A T L A B (R) >
                  Copyright 1984-2015 The MathWorks, Inc.
                   R2015a (8.5.0.197613) 64-bit (glnxa64)
                             February 12, 2015

 
To get started, type one of these: helpwin, helpdesk, or demo.
For product information, visit www.mathworks.com.
 

	Academic License

set chi to 100
Found record: 0 iterations remaining.
set chi to 241
Found record: 0 iterations remaining.
 
 Func-count     x          f(x)         Procedure
    1       0.990983     -0.25847        initial
set chi to 100
Found record: 0 iterations remaining.
set chi to 175
Found record: 0 iterations remaining.
    2        1.10902    -0.233507        golden
set chi to 100
Found record: 0 iterations remaining.
set chi to 241
Found record: 0 iterations remaining.
    3       0.918034    -0.234752        golden
set chi to 100
Found record: 0 iterations remaining.
set chi to 237
Found record: 0 iterations remaining.
    4        1.01237    -0.269073        parabolic
set chi to 100
Found record: 0 iterations remaining.
set chi to 220
Found record: 0 iterations remaining.
    5        1.04928    -0.274649        golden
set chi to 100
Found record: 0 iterations remaining.
set chi to 224
Found record: 0 iterations remaining.
    6        1.04359    -0.275676        parabolic
set chi to 100
Found record: 0 iterations remaining.
set chi to 227
Found record: 0 iterations remaining.
    7        1.03794     -0.27593        parabolic
set chi to 100
Found record: 0 iterations remaining.
set chi to 226
Found record: 0 iterations remaining.
    8        1.03889     -0.27594        parabolic
set chi to 100
Did not find record
stored to database: 
temperature = 1.0389, chi = 100, N = 35, convergence = 0.027199, initial = spin-up, q = 6
set chi to 226
Did not find record
stored to database: 
temperature = 1.0389, chi = 226, N = 35, convergence = 0.029026, initial = spin-up, q = 6
    9        1.03886     -0.27594        parabolic
set chi to 100
Did not find record
stored to database: 
temperature = 1.0389, chi = 100, N = 35, convergence = 0.027197, initial = spin-up, q = 6
set chi to 226
Did not find record
stored to database: 
temperature = 1.0389, chi = 226, N = 35, convergence = 0.029023, initial = spin-up, q = 6
   10        1.03887     -0.27594        parabolic
set chi to 100
Did not find record
stored to database: 
temperature = 1.0389, chi = 100, N = 35, convergence = 0.027197, initial = spin-up, q = 6
set chi to 226
Did not find record
stored to database: 
temperature = 1.0389, chi = 226, N = 35, convergence = 0.029023, initial = spin-up, q = 6
   11        1.03887     -0.27594        parabolic
set chi to 100
Did not find record
stored to database: 
temperature = 1.0389, chi = 100, N = 35, convergence = 0.027197, initial = spin-up, q = 6
set chi to 226
Did not find record
stored to database: 
temperature = 1.0389, chi = 226, N = 35, convergence = 0.029023, initial = spin-up, q = 6
   12        1.03887     -0.27594        parabolic
 
Optimization terminated:
 the current x satisfies the termination criteria using OPTIONS.TolX of 1.000000e-06 

Found record: 0 iterations remaining.
set chi to 100
Found record: 5 iterations remaining.
stored to database: 
temperature = 0.99098, chi = 100, N = 45, convergence = 0.029335, initial = spin-up, q = 6
set chi to 270
Did not find record
stored to database: 
temperature = 0.99098, chi = 270, N = 45, convergence = 0.032366, initial = spin-up, q = 6
 
 Func-count     x          f(x)         Procedure
    1       0.990983     -0.28425        initial
set chi to 100
Found record: 5 iterations remaining.
stored to database: 
temperature = 1.109, chi = 100, N = 45, convergence = 0.00061053, initial = spin-up, q = 6
set chi to 181
Did not find record
stored to database: 
temperature = 1.109, chi = 181, N = 45, convergence = 0.00071567, initial = spin-up, q = 6
    2        1.10902    -0.234372        golden
set chi to 100
Found record: 5 iterations remaining.
stored to database: 
temperature = 0.91803, chi = 100, N = 45, convergence = 0.027747, initial = spin-up, q = 6
set chi to 271
Did not find record
stored to database: 
temperature = 0.91803, chi = 271, N = 45, convergence = 0.030868, initial = spin-up, q = 6
    3       0.918034    -0.253905        golden
set chi to 100
Did not find record
stored to database: 
temperature = 1.0019, chi = 100, N = 45, convergence = 0.028149, initial = spin-up, q = 6
set chi to 267
Did not find record
stored to database: 
temperature = 1.0019, chi = 267, N = 45, convergence = 0.030984, initial = spin-up, q = 6
    4        1.00188    -0.290909        parabolic
set chi to 100
Did not find record
stored to database: 
temperature = 1.0428, chi = 100, N = 45, convergence = 0.014383, initial = spin-up, q = 6
set chi to 246
Did not find record
stored to database: 
temperature = 1.0428, chi = 246, N = 45, convergence = 0.015814, initial = spin-up, q = 6
    5         1.0428    -0.294324        golden
set chi to 100
Did not find record
stored to database: 
temperature = 1.0264, chi = 100, N = 45, convergence = 0.021239, initial = spin-up, q = 6
set chi to 255
Did not find record
stored to database: 
temperature = 1.0264, chi = 255, N = 45, convergence = 0.023324, initial = spin-up, q = 6
    6        1.02644    -0.298947        parabolic
set chi to 100
Did not find record
stored to database: 
temperature = 1.0251, chi = 100, N = 45, convergence = 0.02174, initial = spin-up, q = 6
set chi to 256
Did not find record
stored to database: 
temperature = 1.0251, chi = 256, N = 45, convergence = 0.023877, initial = spin-up, q = 6
    7        1.02514    -0.298935        parabolic
set chi to 100
Did not find record
stored to database: 
temperature = 1.0261, chi = 100, N = 45, convergence = 0.021378, initial = spin-up, q = 6
set chi to 256
Did not find record
stored to database: 
temperature = 1.0261, chi = 256, N = 45, convergence = 0.023482, initial = spin-up, q = 6
    8        1.02608    -0.298949        parabolic
set chi to 100
Did not find record
stored to database: 
temperature = 1.0261, chi = 100, N = 45, convergence = 0.021378, initial = spin-up, q = 6
set chi to 256
Did not find record
stored to database: 
temperature = 1.0261, chi = 256, N = 45, convergence = 0.023482, initial = spin-up, q = 6
    9        1.02608    -0.298949        parabolic
set chi to 100
Did not find record
stored to database: 
temperature = 1.0261, chi = 100, N = 45, convergence = 0.021377, initial = spin-up, q = 6
set chi to 256
Did not find record
stored to database: 
temperature = 1.0261, chi = 256, N = 45, convergence = 0.023481, initial = spin-up, q = 6
   10        1.02608    -0.298949        parabolic
set chi to 100
Did not find record
stored to database: 
temperature = 1.0262, chi = 100, N = 45, convergence = 0.021324, initial = spin-up, q = 6
set chi to 256
Did not find record
stored to database: 
temperature = 1.0262, chi = 256, N = 45, convergence = 0.023423, initial = spin-up, q = 6
   11        1.02622    -0.298949        golden
set chi to 100
Did not find record
stored to database: 
temperature = 1.0261, chi = 100, N = 45, convergence = 0.021377, initial = spin-up, q = 6
set chi to 256
Did not find record
stored to database: 
temperature = 1.0261, chi = 256, N = 45, convergence = 0.023481, initial = spin-up, q = 6
   12        1.02608    -0.298949        parabolic
set chi to 100
Did not find record
stored to database: 
temperature = 1.0261, chi = 100, N = 45, convergence = 0.021377, initial = spin-up, q = 6
set chi to 256
Did not find record
stored to database: 
temperature = 1.0261, chi = 256, N = 45, convergence = 0.023481, initial = spin-up, q = 6
   13        1.02608    -0.298949        parabolic
 
Optimization terminated:
 the current x satisfies the termination criteria using OPTIONS.TolX of 1.000000e-06 

Found record: 0 iterations remaining.
set chi to 100
Found record: 5 iterations remaining.
stored to database: 
temperature = 0.99098, chi = 100, N = 55, convergence = 0.024139, initial = spin-up, q = 6
set chi to 291
Did not find record
stored to database: 
temperature = 0.99098, chi = 291, N = 55, convergence = 0.0273, initial = spin-up, q = 6
 
 Func-count     x          f(x)         Procedure
    1       0.990983    -0.305628        initial
set chi to 100
Found record: 5 iterations remaining.
stored to database: 
temperature = 1.109, chi = 100, N = 55, convergence = 9.4079e-05, initial = spin-up, q = 6
set chi to 182
Found record: 5 iterations remaining.
stored to database: 
temperature = 1.109, chi = 182, N = 55, convergence = 0.000127, initial = spin-up, q = 6
    2        1.10902    -0.234474        golden
set chi to 100
Found record: 5 iterations remaining.
stored to database: 
temperature = 0.91803, chi = 100, N = 55, convergence = 0.023295, initial = spin-up, q = 6
set chi to 294
Did not find record
stored to database: 
temperature = 0.91803, chi = 294, N = 55, convergence = 0.026663, initial = spin-up, q = 6
    3       0.918034    -0.269188        golden
set chi to 100
Did not find record
stored to database: 
temperature = 0.99778, chi = 100, N = 55, convergence = 0.023132, initial = spin-up, q = 6
set chi to 289
Did not find record
stored to database: 
temperature = 0.99778, chi = 289, N = 55, convergence = 0.026114, initial = spin-up, q = 6
    4        0.99778    -0.310231        parabolic
set chi to 100
Did not find record
stored to database: 
temperature = 1.0403, chi = 100, N = 55, convergence = 0.0083016, initial = spin-up, q = 6
set chi to 260
Did not find record
stored to database: 
temperature = 1.0403, chi = 260, N = 55, convergence = 0.0094417, initial = spin-up, q = 6
    5        1.04027     -0.30582        golden
set chi to 100
Did not find record
stored to database: 
temperature = 1.0157, chi = 100, N = 55, convergence = 0.018023, initial = spin-up, q = 6
set chi to 279
Did not find record
stored to database: 
temperature = 1.0157, chi = 279, N = 55, convergence = 0.020306, initial = spin-up, q = 6
    6        1.01575    -0.316953        parabolic
set chi to 100
Did not find record
stored to database: 
temperature = 1.0164, chi = 100, N = 55, convergence = 0.017795, initial = spin-up, q = 6
set chi to 278
Did not find record
stored to database: 
temperature = 1.0164, chi = 278, N = 55, convergence = 0.020045, initial = spin-up, q = 6
    7        1.01636    -0.316975        parabolic
set chi to 100
Did not find record
stored to database: 
temperature = 1.017, chi = 100, N = 55, convergence = 0.017548, initial = spin-up, q = 6
set chi to 278
Did not find record
stored to database: 
temperature = 1.017, chi = 278, N = 55, convergence = 0.019765, initial = spin-up, q = 6
    8        1.01702     -0.31698        parabolic
set chi to 100
Did not find record
stored to database: 
temperature = 1.0169, chi = 100, N = 55, convergence = 0.0176, initial = spin-up, q = 6
set chi to 278
Did not find record
stored to database: 
temperature = 1.0169, chi = 278, N = 55, convergence = 0.019823, initial = spin-up, q = 6
    9        1.01688    -0.316981        parabolic
set chi to 100
Did not find record
stored to database: 
temperature = 1.0169, chi = 100, N = 55, convergence = 0.0176, initial = spin-up, q = 6
set chi to 278
Did not find record
stored to database: 
temperature = 1.0169, chi = 278, N = 55, convergence = 0.019824, initial = spin-up, q = 6
   10        1.01688    -0.316981        parabolic
set chi to 100
Did not find record
stored to database: 
temperature = 1.0169, chi = 100, N = 55, convergence = 0.0176, initial = spin-up, q = 6
set chi to 278
Did not find record
stored to database: 
temperature = 1.0169, chi = 278, N = 55, convergence = 0.019824, initial = spin-up, q = 6
   11        1.01688    -0.316981        parabolic
set chi to 100
Did not find record
stored to database: 
temperature = 1.0169, chi = 100, N = 55, convergence = 0.0176, initial = spin-up, q = 6
set chi to 278
Did not find record
stored to database: 
temperature = 1.0169, chi = 278, N = 55, convergence = 0.019824, initial = spin-up, q = 6
   12        1.01688    -0.316981        parabolic
 
Optimization terminated:
 the current x satisfies the termination criteria using OPTIONS.TolX of 1.000000e-06 

Found record: 0 iterations remaining.
set chi to 100
Found record: 5 iterations remaining.
stored to database: 
temperature = 0.99098, chi = 100, N = 60, convergence = 0.022015, initial = spin-up, q = 6
set chi to 300
Did not find record
stored to database: 
temperature = 0.99098, chi = 300, N = 60, convergence = 0.025188, initial = spin-up, q = 6
 
 Func-count     x          f(x)         Procedure
    1       0.990983    -0.315055        initial
set chi to 100
Found record: 5 iterations remaining.
stored to database: 
temperature = 1.109, chi = 100, N = 60, convergence = 3.5434e-05, initial = spin-up, q = 6
set chi to 182
Found record: 5 iterations remaining.
stored to database: 
temperature = 1.109, chi = 182, N = 60, convergence = 5.1056e-05, initial = spin-up, q = 6
    2        1.10902    -0.234482        golden
set chi to 100
Found record: 5 iterations remaining.
stored to database: 
temperature = 0.91803, chi = 100, N = 60, convergence = 0.021565, initial = spin-up, q = 6
set chi to 303
Did not find record
stored to database: 
temperature = 0.91803, chi = 303, N = 60, convergence = 0.025009, initial = spin-up, q = 6
    3       0.918034    -0.275811        golden
set chi to 100
Did not find record
stored to database: 
temperature = 0.9966, chi = 100, N = 60, convergence = 0.02106, initial = spin-up, q = 6
set chi to 298
Did not find record
stored to database: 
temperature = 0.9966, chi = 298, N = 60, convergence = 0.024057, initial = spin-up, q = 6
    4       0.996596    -0.318919        parabolic
set chi to 100
Did not find record
stored to database: 
temperature = 1.0395, chi = 100, N = 60, convergence = 0.0061468, initial = spin-up, q = 6
set chi to 265
Did not find record
stored to database: 
temperature = 1.0395, chi = 265, N = 60, convergence = 0.0071207, initial = spin-up, q = 6
    5        1.03954    -0.309435        golden
set chi to 100
Did not find record
stored to database: 
temperature = 1.0122, chi = 100, N = 60, convergence = 0.016527, initial = spin-up, q = 6
set chi to 288
Did not find record
stored to database: 
temperature = 1.0122, chi = 288, N = 60, convergence = 0.018839, initial = spin-up, q = 6
    6        1.01217    -0.324682        parabolic
set chi to 100
Did not find record
stored to database: 
temperature = 1.0167, chi = 100, N = 60, convergence = 0.014855, initial = spin-up, q = 6
set chi to 286
Did not find record
stored to database: 
temperature = 1.0167, chi = 286, N = 60, convergence = 0.016874, initial = spin-up, q = 6
    7        1.01669    -0.324403        parabolic
set chi to 100
Did not find record
stored to database: 
temperature = 1.013, chi = 100, N = 60, convergence = 0.016226, initial = spin-up, q = 6
set chi to 288
Did not find record
stored to database: 
temperature = 1.013, chi = 288, N = 60, convergence = 0.018492, initial = spin-up, q = 6
    8          1.013    -0.324704        parabolic
set chi to 100
Did not find record
stored to database: 
temperature = 1.0132, chi = 100, N = 60, convergence = 0.016169, initial = spin-up, q = 6
set chi to 288
Did not find record
stored to database: 
temperature = 1.0132, chi = 288, N = 60, convergence = 0.018426, initial = spin-up, q = 6
    9        1.01315    -0.324705        parabolic
set chi to 100
Did not find record
stored to database: 
temperature = 1.0132, chi = 100, N = 60, convergence = 0.016167, initial = spin-up, q = 6
set chi to 288
Did not find record
stored to database: 
temperature = 1.0132, chi = 288, N = 60, convergence = 0.018424, initial = spin-up, q = 6
   10        1.01316    -0.324705        parabolic
set chi to 100
Did not find record
stored to database: 
temperature = 1.0132, chi = 100, N = 60, convergence = 0.016167, initial = spin-up, q = 6
set chi to 288
Did not find record
stored to database: 
temperature = 1.0132, chi = 288, N = 60, convergence = 0.018424, initial = spin-up, q = 6
   11        1.01316    -0.324705        parabolic
set chi to 100
Did not find record
stored to database: 
temperature = 1.0132, chi = 100, N = 60, convergence = 0.016167, initial = spin-up, q = 6
set chi to 288
Did not find record
stored to database: 
temperature = 1.0132, chi = 288, N = 60, convergence = 0.018424, initial = spin-up, q = 6
   12        1.01315    -0.324705        parabolic
 
Optimization terminated:
 the current x satisfies the termination criteria using OPTIONS.TolX of 1.000000e-06 

Found record: 0 iterations remaining.
set chi to 100
Found record: 5 iterations remaining.
stored to database: 
temperature = 0.99098, chi = 100, N = 65, convergence = 0.020118, initial = spin-up, q = 6
set chi to 307
Did not find record
stored to database: 
temperature = 0.99098, chi = 307, N = 65, convergence = 0.023269, initial = spin-up, q = 6
 
 Func-count     x          f(x)         Procedure
    1       0.990983    -0.323765        initial
set chi to 100
Found record: 5 iterations remaining.
stored to database: 
temperature = 1.109, chi = 100, N = 65, convergence = 1.3063e-05, initial = spin-up, q = 6
set chi to 182
Found record: 5 iterations remaining.
stored to database: 
temperature = 1.109, chi = 182, N = 65, convergence = 2.0087e-05, initial = spin-up, q = 6
    2        1.10902    -0.234485        golden
set chi to 100
Found record: 5 iterations remaining.
stored to database: 
temperature = 0.91803, chi = 100, N = 65, convergence = 0.020059, initial = spin-up, q = 6
set chi to 312
Did not find record
stored to database: 
temperature = 0.91803, chi = 312, N = 65, convergence = 0.02358, initial = spin-up, q = 6
set chi to 493
Did not find record
stored to database: 
temperature = 0.91803, chi = 493, N = 65, convergence = 0.024132, initial = spin-up, q = 6
    3       0.918034    -0.281905        golden
set chi to 100
Did not find record
stored to database: 
temperature = 0.9957, chi = 100, N = 65, convergence = 0.01921, initial = spin-up, q = 6
set chi to 305
Did not find record
stored to database: 
temperature = 0.9957, chi = 305, N = 65, convergence = 0.022191, initial = spin-up, q = 6
    4       0.995701     -0.32699        parabolic
set chi to 100
Did not find record
stored to database: 
temperature = 1.039, chi = 100, N = 65, convergence = 0.0044886, initial = spin-up, q = 6
set chi to 269
Did not find record
stored to database: 
temperature = 1.039, chi = 269, N = 65, convergence = 0.0053053, initial = spin-up, q = 6
    5        1.03898    -0.312069        golden
set chi to 100
Did not find record
stored to database: 
temperature = 1.0093, chi = 100, N = 65, convergence = 0.015145, initial = spin-up, q = 6
set chi to 297
Did not find record
stored to database: 
temperature = 1.0093, chi = 297, N = 65, convergence = 0.017471, initial = spin-up, q = 6
    6         1.0093    -0.331753        parabolic
set chi to 100
Did not find record
stored to database: 
temperature = 1.0121, chi = 100, N = 65, convergence = 0.014138, initial = spin-up, q = 6
set chi to 295
Did not find record
stored to database: 
temperature = 1.0121, chi = 295, N = 65, convergence = 0.016249, initial = spin-up, q = 6
    7        1.01213    -0.331624        parabolic
set chi to 100
Did not find record
stored to database: 
temperature = 1.0098, chi = 100, N = 65, convergence = 0.014977, initial = spin-up, q = 6
set chi to 297
Did not find record
stored to database: 
temperature = 1.0098, chi = 297, N = 65, convergence = 0.017272, initial = spin-up, q = 6
    8        1.00977    -0.331761        parabolic
set chi to 100
Did not find record
stored to database: 
temperature = 1.0099, chi = 100, N = 65, convergence = 0.014946, initial = spin-up, q = 6
set chi to 297
Did not find record
stored to database: 
temperature = 1.0099, chi = 297, N = 65, convergence = 0.017235, initial = spin-up, q = 6
    9        1.00986    -0.331761        parabolic
set chi to 100
Did not find record
stored to database: 
temperature = 1.0099, chi = 100, N = 65, convergence = 0.014945, initial = spin-up, q = 6
set chi to 297
Did not find record
stored to database: 
temperature = 1.0099, chi = 297, N = 65, convergence = 0.017234, initial = spin-up, q = 6
   10        1.00986    -0.331761        parabolic
set chi to 100
Did not find record
stored to database: 
temperature = 1.0099, chi = 100, N = 65, convergence = 0.014946, initial = spin-up, q = 6
set chi to 297
Did not find record
stored to database: 
temperature = 1.0099, chi = 297, N = 65, convergence = 0.017234, initial = spin-up, q = 6
   11        1.00986    -0.331761        parabolic
set chi to 100
Did not find record
stored to database: 
temperature = 1.0099, chi = 100, N = 65, convergence = 0.014945, initial = spin-up, q = 6
set chi to 297
Did not find record
stored to database: 
temperature = 1.0099, chi = 297, N = 65, convergence = 0.017234, initial = spin-up, q = 6
   12        1.00986    -0.331761        parabolic
 
Optimization terminated:
 the current x satisfies the termination criteria using OPTIONS.TolX of 1.000000e-06 

Found record: 0 iterations remaining.

ans =

  Columns 1 through 3

   1.038868374271862   1.026081478834902   1.016883295536585

  Columns 4 through 5

   1.013155341214891   1.009858325739508


ans =

   1.0e-06 *

  Columns 1 through 3

   0.267390749105538   0.416714741197361   0.600727536551999

  Columns 4 through 5

   0.698540614127545   0.814718865832049

>> 